{"E:\\work_stuff\\fyp\\cwrite\\src\\app\\not-found.tsx": {"path":"E:\\work_stuff\\fyp\\cwrite\\src\\app\\not-found.tsx","statementMap":{"0":{"start":{"line":6,"column":24},"end":{"line":6,"column":null}},"1":{"start":{"line":3,"column":17},"end":{"line":3,"column":null}},"2":{"start":{"line":4,"column":84},"end":{"line":4,"column":null}},"3":{"start":{"line":7,"column":26},"end":{"line":26,"column":null}},"4":{"start":{"line":50,"column":29},"end":{"line":50,"column":null}},"5":{"start":{"line":73,"column":16},"end":{"line":74,"column":null}}},"fnMap":{"0":{"name":"NotFound","decl":{"start":{"line":6,"column":24},"end":{"line":6,"column":null}},"loc":{"start":{"line":6,"column":24},"end":{"line":112,"column":null}}},"1":{"name":"(anonymous_3)","decl":{"start":{"line":50,"column":23},"end":{"line":50,"column":29}},"loc":{"start":{"line":50,"column":29},"end":{"line":50,"column":null}}},"2":{"name":"(anonymous_4)","decl":{"start":{"line":72,"column":35},"end":{"line":72,"column":36}},"loc":{"start":{"line":73,"column":16},"end":{"line":74,"column":null}}}},"branchMap":{},"s":{"0":0,"1":0,"2":0,"3":0,"4":0,"5":0},"f":{"0":0,"1":0,"2":0},"b":{}}
,"E:\\work_stuff\\fyp\\cwrite\\src\\app\\page.tsx": {"path":"E:\\work_stuff\\fyp\\cwrite\\src\\app\\page.tsx","statementMap":{"0":{"start":{"line":8,"column":24},"end":{"line":8,"column":null}},"1":{"start":{"line":3,"column":66},"end":{"line":3,"column":null}},"2":{"start":{"line":4,"column":26},"end":{"line":4,"column":null}},"3":{"start":{"line":5,"column":18},"end":{"line":5,"column":null}},"4":{"start":{"line":6,"column":17},"end":{"line":6,"column":null}},"5":{"start":{"line":9,"column":17},"end":{"line":9,"column":null}},"6":{"start":{"line":30,"column":29},"end":{"line":30,"column":null}},"7":{"start":{"line":54,"column":29},"end":{"line":54,"column":null}},"8":{"start":{"line":61,"column":32},"end":{"line":61,"column":null}},"9":{"start":{"line":62,"column":16},"end":{"line":62,"column":null}},"10":{"start":{"line":62,"column":29},"end":{"line":62,"column":null}},"11":{"start":{"line":162,"column":27},"end":{"line":162,"column":null}}},"fnMap":{"0":{"name":"HomePage","decl":{"start":{"line":8,"column":24},"end":{"line":8,"column":null}},"loc":{"start":{"line":8,"column":24},"end":{"line":215,"column":null}}},"1":{"name":"(anonymous_3)","decl":{"start":{"line":30,"column":23},"end":{"line":30,"column":29}},"loc":{"start":{"line":30,"column":29},"end":{"line":30,"column":null}}},"2":{"name":"(anonymous_4)","decl":{"start":{"line":54,"column":23},"end":{"line":54,"column":29}},"loc":{"start":{"line":54,"column":29},"end":{"line":54,"column":null}}},"3":{"name":"(anonymous_5)","decl":{"start":{"line":60,"column":23},"end":{"line":60,"column":null}},"loc":{"start":{"line":60,"column":23},"end":{"line":63,"column":null}}},"4":{"name":"(anonymous_6)","decl":{"start":{"line":162,"column":21},"end":{"line":162,"column":27}},"loc":{"start":{"line":162,"column":27},"end":{"line":162,"column":null}}}},"branchMap":{"0":{"loc":{"start":{"line":62,"column":16},"end":{"line":62,"column":null}},"type":"if","locations":[{"start":{"line":62,"column":16},"end":{"line":62,"column":null}},{"start":{},"end":{}}]}},"s":{"0":0,"1":0,"2":0,"3":0,"4":0,"5":0,"6":0,"7":0,"8":0,"9":0,"10":0,"11":0},"f":{"0":0,"1":0,"2":0,"3":0,"4":0},"b":{"0":[0,0]}}
,"E:\\work_stuff\\fyp\\cwrite\\src\\app\\auth\\forgot-password\\page.tsx": {"path":"E:\\work_stuff\\fyp\\cwrite\\src\\app\\auth\\forgot-password\\page.tsx","statementMap":{"0":{"start":{"line":7,"column":24},"end":{"line":7,"column":null}},"1":{"start":{"line":3,"column":25},"end":{"line":3,"column":null}},"2":{"start":{"line":4,"column":17},"end":{"line":4,"column":null}},"3":{"start":{"line":5,"column":45},"end":{"line":5,"column":null}},"4":{"start":{"line":8,"column":28},"end":{"line":8,"column":null}},"5":{"start":{"line":9,"column":32},"end":{"line":9,"column":null}},"6":{"start":{"line":10,"column":36},"end":{"line":10,"column":null}},"7":{"start":{"line":11,"column":28},"end":{"line":11,"column":null}},"8":{"start":{"line":13,"column":23},"end":{"line":29,"column":null}},"9":{"start":{"line":14,"column":4},"end":{"line":14,"column":null}},"10":{"start":{"line":15,"column":4},"end":{"line":15,"column":null}},"11":{"start":{"line":16,"column":4},"end":{"line":16,"column":null}},"12":{"start":{"line":18,"column":4},"end":{"line":28,"column":null}},"13":{"start":{"line":20,"column":6},"end":{"line":20,"column":null}},"14":{"start":{"line":22,"column":6},"end":{"line":22,"column":null}},"15":{"start":{"line":22,"column":35},"end":{"line":22,"column":null}},"16":{"start":{"line":23,"column":6},"end":{"line":23,"column":null}},"17":{"start":{"line":25,"column":6},"end":{"line":25,"column":null}},"18":{"start":{"line":27,"column":6},"end":{"line":27,"column":null}},"19":{"start":{"line":31,"column":2},"end":{"line":84,"column":null}},"20":{"start":{"line":65,"column":18},"end":{"line":65,"column":null}},"21":{"start":{"line":66,"column":18},"end":{"line":66,"column":null}},"22":{"start":{"line":131,"column":35},"end":{"line":131,"column":null}}},"fnMap":{"0":{"name":"ForgotPasswordPage","decl":{"start":{"line":7,"column":24},"end":{"line":7,"column":null}},"loc":{"start":{"line":7,"column":24},"end":{"line":184,"column":null}}},"1":{"name":"(anonymous_3)","decl":{"start":{"line":13,"column":23},"end":{"line":13,"column":30}},"loc":{"start":{"line":13,"column":30},"end":{"line":29,"column":null}}},"2":{"name":"(anonymous_4)","decl":{"start":{"line":22,"column":24},"end":{"line":22,"column":35}},"loc":{"start":{"line":22,"column":35},"end":{"line":22,"column":null}}},"3":{"name":"(anonymous_5)","decl":{"start":{"line":64,"column":25},"end":{"line":64,"column":null}},"loc":{"start":{"line":64,"column":25},"end":{"line":67,"column":null}}},"4":{"name":"(anonymous_6)","decl":{"start":{"line":131,"column":28},"end":{"line":131,"column":29}},"loc":{"start":{"line":131,"column":35},"end":{"line":131,"column":null}}}},"branchMap":{"0":{"loc":{"start":{"line":31,"column":2},"end":{"line":84,"column":null}},"type":"if","locations":[{"start":{"line":31,"column":2},"end":{"line":84,"column":null}},{"start":{},"end":{}}]},"1":{"loc":{"start":{"line":109,"column":11},"end":{"line":109,"column":null}},"type":"binary-expr","locations":[{"start":{"line":109,"column":11},"end":{"line":109,"column":null}}]},"2":{"loc":{"start":{"line":144,"column":15},"end":{"line":144,"column":null}},"type":"cond-expr","locations":[{"start":{"line":144,"column":25},"end":{"line":144,"column":51}},{"start":{"line":144,"column":51},"end":{"line":144,"column":null}}]}},"s":{"0":0,"1":0,"2":0,"3":0,"4":0,"5":0,"6":0,"7":0,"8":0,"9":0,"10":0,"11":0,"12":0,"13":0,"14":0,"15":0,"16":0,"17":0,"18":0,"19":0,"20":0,"21":0,"22":0},"f":{"0":0,"1":0,"2":0,"3":0,"4":0},"b":{"0":[0,0],"1":[0],"2":[0,0]}}
,"E:\\work_stuff\\fyp\\cwrite\\src\\app\\auth\\login\\page.tsx": {"path":"E:\\work_stuff\\fyp\\cwrite\\src\\app\\auth\\login\\page.tsx","statementMap":{"0":{"start":{"line":211,"column":24},"end":{"line":211,"column":null}},"1":{"start":{"line":3,"column":46},"end":{"line":3,"column":null}},"2":{"start":{"line":4,"column":43},"end":{"line":4,"column":null}},"3":{"start":{"line":5,"column":17},"end":{"line":5,"column":null}},"4":{"start":{"line":6,"column":66},"end":{"line":6,"column":null}},"5":{"start":{"line":7,"column":27},"end":{"line":7,"column":null}},"6":{"start":{"line":10,"column":17},"end":{"line":10,"column":null}},"7":{"start":{"line":11,"column":23},"end":{"line":11,"column":null}},"8":{"start":{"line":12,"column":34},"end":{"line":16,"column":null}},"9":{"start":{"line":17,"column":32},"end":{"line":17,"column":null}},"10":{"start":{"line":18,"column":28},"end":{"line":18,"column":null}},"11":{"start":{"line":19,"column":46},"end":{"line":19,"column":null}},"12":{"start":{"line":21,"column":2},"end":{"line":26,"column":null}},"13":{"start":{"line":22,"column":20},"end":{"line":22,"column":null}},"14":{"start":{"line":23,"column":4},"end":{"line":25,"column":null}},"15":{"start":{"line":24,"column":6},"end":{"line":24,"column":null}},"16":{"start":{"line":28,"column":23},"end":{"line":74,"column":null}},"17":{"start":{"line":29,"column":4},"end":{"line":29,"column":null}},"18":{"start":{"line":31,"column":4},"end":{"line":34,"column":null}},"19":{"start":{"line":32,"column":6},"end":{"line":32,"column":null}},"20":{"start":{"line":33,"column":6},"end":{"line":33,"column":null}},"21":{"start":{"line":36,"column":4},"end":{"line":36,"column":null}},"22":{"start":{"line":37,"column":4},"end":{"line":37,"column":null}},"23":{"start":{"line":39,"column":4},"end":{"line":73,"column":null}},"24":{"start":{"line":40,"column":23},"end":{"line":50,"column":null}},"25":{"start":{"line":52,"column":19},"end":{"line":52,"column":null}},"26":{"start":{"line":54,"column":6},"end":{"line":57,"column":null}},"27":{"start":{"line":55,"column":8},"end":{"line":55,"column":null}},"28":{"start":{"line":56,"column":8},"end":{"line":56,"column":null}},"29":{"start":{"line":59,"column":6},"end":{"line":64,"column":null}},"30":{"start":{"line":60,"column":8},"end":{"line":60,"column":null}},"31":{"start":{"line":61,"column":8},"end":{"line":63,"column":null}},"32":{"start":{"line":62,"column":10},"end":{"line":62,"column":null}},"33":{"start":{"line":66,"column":6},"end":{"line":66,"column":null}},"34":{"start":{"line":69,"column":6},"end":{"line":69,"column":null}},"35":{"start":{"line":70,"column":6},"end":{"line":70,"column":null}},"36":{"start":{"line":72,"column":6},"end":{"line":72,"column":null}},"37":{"start":{"line":76,"column":23},"end":{"line":86,"column":null}},"38":{"start":{"line":77,"column":43},"end":{"line":77,"column":51}},"39":{"start":{"line":78,"column":21},"end":{"line":78,"column":null}},"40":{"start":{"line":80,"column":4},"end":{"line":83,"column":null}},"41":{"start":{"line":80,"column":25},"end":{"line":83,"column":null}},"42":{"start":{"line":85,"column":4},"end":{"line":85,"column":null}},"43":{"start":{"line":85,"column":15},"end":{"line":85,"column":null}}},"fnMap":{"0":{"name":"LoginForm","decl":{"start":{"line":9,"column":9},"end":{"line":9,"column":null}},"loc":{"start":{"line":9,"column":9},"end":{"line":209,"column":null}}},"1":{"name":"(anonymous_3)","decl":{"start":{"line":21,"column":12},"end":{"line":21,"column":null}},"loc":{"start":{"line":21,"column":12},"end":{"line":26,"column":5}}},"2":{"name":"(anonymous_4)","decl":{"start":{"line":28,"column":23},"end":{"line":28,"column":30}},"loc":{"start":{"line":28,"column":30},"end":{"line":74,"column":null}}},"3":{"name":"(anonymous_5)","decl":{"start":{"line":76,"column":23},"end":{"line":76,"column":24}},"loc":{"start":{"line":76,"column":24},"end":{"line":86,"column":null}}},"4":{"name":"(anonymous_6)","decl":{"start":{"line":80,"column":16},"end":{"line":80,"column":25}},"loc":{"start":{"line":80,"column":25},"end":{"line":83,"column":null}}},"5":{"name":"LoginPage","decl":{"start":{"line":211,"column":24},"end":{"line":211,"column":null}},"loc":{"start":{"line":211,"column":24},"end":{"line":221,"column":null}}}},"branchMap":{"0":{"loc":{"start":{"line":23,"column":4},"end":{"line":25,"column":null}},"type":"if","locations":[{"start":{"line":23,"column":4},"end":{"line":25,"column":null}},{"start":{},"end":{}}]},"1":{"loc":{"start":{"line":31,"column":4},"end":{"line":34,"column":null}},"type":"if","locations":[{"start":{"line":31,"column":4},"end":{"line":34,"column":null}},{"start":{},"end":{}}]},"2":{"loc":{"start":{"line":31,"column":8},"end":{"line":31,"column":45}},"type":"binary-expr","locations":[{"start":{"line":31,"column":8},"end":{"line":31,"column":23}},{"start":{"line":31,"column":27},"end":{"line":31,"column":45}}]},"3":{"loc":{"start":{"line":54,"column":6},"end":{"line":57,"column":null}},"type":"if","locations":[{"start":{"line":54,"column":6},"end":{"line":57,"column":null}},{"start":{},"end":{}}]},"4":{"loc":{"start":{"line":55,"column":17},"end":{"line":55,"column":null}},"type":"binary-expr","locations":[{"start":{"line":55,"column":17},"end":{"line":55,"column":28}},{"start":{"line":55,"column":32},"end":{"line":55,"column":null}}]},"5":{"loc":{"start":{"line":59,"column":6},"end":{"line":64,"column":null}},"type":"if","locations":[{"start":{"line":59,"column":6},"end":{"line":64,"column":null}},{"start":{},"end":{}}]},"6":{"loc":{"start":{"line":59,"column":10},"end":{"line":59,"column":49}},"type":"binary-expr","locations":[{"start":{"line":59,"column":10},"end":{"line":59,"column":21}},{"start":{"line":59,"column":25},"end":{"line":59,"column":49}}]},"7":{"loc":{"start":{"line":61,"column":8},"end":{"line":63,"column":null}},"type":"if","locations":[{"start":{"line":61,"column":8},"end":{"line":63,"column":null}},{"start":{},"end":{}}]},"8":{"loc":{"start":{"line":78,"column":21},"end":{"line":78,"column":null}},"type":"cond-expr","locations":[{"start":{"line":78,"column":43},"end":{"line":78,"column":53}},{"start":{"line":78,"column":53},"end":{"line":78,"column":null}}]},"9":{"loc":{"start":{"line":85,"column":4},"end":{"line":85,"column":null}},"type":"if","locations":[{"start":{"line":85,"column":4},"end":{"line":85,"column":null}},{"start":{},"end":{}}]},"10":{"loc":{"start":{"line":94,"column":7},"end":{"line":94,"column":null}},"type":"binary-expr","locations":[{"start":{"line":94,"column":7},"end":{"line":94,"column":null}}]},"11":{"loc":{"start":{"line":102,"column":7},"end":{"line":102,"column":null}},"type":"binary-expr","locations":[{"start":{"line":102,"column":7},"end":{"line":102,"column":null}}]},"12":{"loc":{"start":{"line":185,"column":12},"end":{"line":190,"column":13}},"type":"cond-expr","locations":[{"start":{"line":185,"column":12},"end":{"line":190,"column":13}}]}},"s":{"0":0,"1":0,"2":0,"3":0,"4":0,"5":0,"6":0,"7":0,"8":0,"9":0,"10":0,"11":0,"12":0,"13":0,"14":0,"15":0,"16":0,"17":0,"18":0,"19":0,"20":0,"21":0,"22":0,"23":0,"24":0,"25":0,"26":0,"27":0,"28":0,"29":0,"30":0,"31":0,"32":0,"33":0,"34":0,"35":0,"36":0,"37":0,"38":0,"39":0,"40":0,"41":0,"42":0,"43":0},"f":{"0":0,"1":0,"2":0,"3":0,"4":0,"5":0},"b":{"0":[0,0],"1":[0,0],"2":[0,0],"3":[0,0],"4":[0,0],"5":[0,0],"6":[0,0],"7":[0,0],"8":[0,0],"9":[0,0],"10":[0],"11":[0],"12":[0]}}
,"E:\\work_stuff\\fyp\\cwrite\\src\\app\\auth\\register\\page.tsx": {"path":"E:\\work_stuff\\fyp\\cwrite\\src\\app\\auth\\register\\page.tsx","statementMap":{"0":{"start":{"line":9,"column":24},"end":{"line":9,"column":null}},"1":{"start":{"line":3,"column":25},"end":{"line":3,"column":null}},"2":{"start":{"line":4,"column":17},"end":{"line":4,"column":null}},"3":{"start":{"line":5,"column":26},"end":{"line":5,"column":null}},"4":{"start":{"line":6,"column":72},"end":{"line":6,"column":null}},"5":{"start":{"line":7,"column":27},"end":{"line":7,"column":null}},"6":{"start":{"line":10,"column":17},"end":{"line":10,"column":null}},"7":{"start":{"line":11,"column":34},"end":{"line":17,"column":null}},"8":{"start":{"line":18,"column":32},"end":{"line":18,"column":null}},"9":{"start":{"line":19,"column":28},"end":{"line":19,"column":null}},"10":{"start":{"line":20,"column":40},"end":{"line":20,"column":null}},"11":{"start":{"line":22,"column":23},"end":{"line":53,"column":null}},"12":{"start":{"line":23,"column":43},"end":{"line":23,"column":null}},"13":{"start":{"line":25,"column":4},"end":{"line":27,"column":null}},"14":{"start":{"line":26,"column":6},"end":{"line":26,"column":null}},"15":{"start":{"line":29,"column":4},"end":{"line":31,"column":null}},"16":{"start":{"line":30,"column":6},"end":{"line":30,"column":null}},"17":{"start":{"line":33,"column":4},"end":{"line":41,"column":null}},"18":{"start":{"line":34,"column":6},"end":{"line":34,"column":null}},"19":{"start":{"line":35,"column":11},"end":{"line":41,"column":null}},"20":{"start":{"line":36,"column":6},"end":{"line":36,"column":null}},"21":{"start":{"line":37,"column":11},"end":{"line":41,"column":null}},"22":{"start":{"line":38,"column":6},"end":{"line":38,"column":null}},"23":{"start":{"line":39,"column":11},"end":{"line":41,"column":null}},"24":{"start":{"line":40,"column":6},"end":{"line":40,"column":null}},"25":{"start":{"line":43,"column":4},"end":{"line":45,"column":null}},"26":{"start":{"line":44,"column":6},"end":{"line":44,"column":null}},"27":{"start":{"line":47,"column":4},"end":{"line":49,"column":null}},"28":{"start":{"line":48,"column":6},"end":{"line":48,"column":null}},"29":{"start":{"line":51,"column":4},"end":{"line":51,"column":null}},"30":{"start":{"line":52,"column":4},"end":{"line":52,"column":null}},"31":{"start":{"line":55,"column":23},"end":{"line":95,"column":null}},"32":{"start":{"line":56,"column":4},"end":{"line":56,"column":null}},"33":{"start":{"line":58,"column":4},"end":{"line":60,"column":null}},"34":{"start":{"line":59,"column":6},"end":{"line":59,"column":null}},"35":{"start":{"line":62,"column":4},"end":{"line":62,"column":null}},"36":{"start":{"line":63,"column":4},"end":{"line":63,"column":null}},"37":{"start":{"line":65,"column":4},"end":{"line":94,"column":null}},"38":{"start":{"line":66,"column":23},"end":{"line":78,"column":null}},"39":{"start":{"line":80,"column":19},"end":{"line":80,"column":null}},"40":{"start":{"line":82,"column":6},"end":{"line":85,"column":null}},"41":{"start":{"line":83,"column":8},"end":{"line":83,"column":null}},"42":{"start":{"line":84,"column":8},"end":{"line":84,"column":null}},"43":{"start":{"line":87,"column":6},"end":{"line":87,"column":null}},"44":{"start":{"line":90,"column":6},"end":{"line":90,"column":null}},"45":{"start":{"line":91,"column":6},"end":{"line":91,"column":null}},"46":{"start":{"line":93,"column":6},"end":{"line":93,"column":null}},"47":{"start":{"line":97,"column":23},"end":{"line":115,"column":null}},"48":{"start":{"line":98,"column":43},"end":{"line":98,"column":51}},"49":{"start":{"line":99,"column":21},"end":{"line":99,"column":null}},"50":{"start":{"line":101,"column":4},"end":{"line":104,"column":null}},"51":{"start":{"line":101,"column":25},"end":{"line":104,"column":null}},"52":{"start":{"line":106,"column":4},"end":{"line":112,"column":null}},"53":{"start":{"line":107,"column":6},"end":{"line":111,"column":null}},"54":{"start":{"line":108,"column":26},"end":{"line":108,"column":null}},"55":{"start":{"line":109,"column":8},"end":{"line":109,"column":null}},"56":{"start":{"line":110,"column":8},"end":{"line":110,"column":null}},"57":{"start":{"line":114,"column":4},"end":{"line":114,"column":null}},"58":{"start":{"line":114,"column":15},"end":{"line":114,"column":null}}},"fnMap":{"0":{"name":"RegisterPage","decl":{"start":{"line":9,"column":24},"end":{"line":9,"column":null}},"loc":{"start":{"line":9,"column":24},"end":{"line":309,"column":null}}},"1":{"name":"(anonymous_3)","decl":{"start":{"line":22,"column":23},"end":{"line":22,"column":null}},"loc":{"start":{"line":22,"column":23},"end":{"line":53,"column":null}}},"2":{"name":"(anonymous_4)","decl":{"start":{"line":55,"column":23},"end":{"line":55,"column":30}},"loc":{"start":{"line":55,"column":30},"end":{"line":95,"column":null}}},"3":{"name":"(anonymous_5)","decl":{"start":{"line":97,"column":23},"end":{"line":97,"column":24}},"loc":{"start":{"line":97,"column":24},"end":{"line":115,"column":null}}},"4":{"name":"(anonymous_6)","decl":{"start":{"line":101,"column":16},"end":{"line":101,"column":25}},"loc":{"start":{"line":101,"column":25},"end":{"line":104,"column":null}}},"5":{"name":"(anonymous_7)","decl":{"start":{"line":107,"column":21},"end":{"line":107,"column":null}},"loc":{"start":{"line":107,"column":21},"end":{"line":111,"column":null}}}},"branchMap":{"0":{"loc":{"start":{"line":25,"column":4},"end":{"line":27,"column":null}},"type":"if","locations":[{"start":{"line":25,"column":4},"end":{"line":27,"column":null}},{"start":{},"end":{}}]},"1":{"loc":{"start":{"line":25,"column":8},"end":{"line":25,"column":52}},"type":"binary-expr","locations":[{"start":{"line":25,"column":8},"end":{"line":25,"column":22}},{"start":{"line":25,"column":26},"end":{"line":25,"column":52}}]},"2":{"loc":{"start":{"line":29,"column":4},"end":{"line":31,"column":null}},"type":"if","locations":[{"start":{"line":29,"column":4},"end":{"line":31,"column":null}},{"start":{},"end":{}}]},"3":{"loc":{"start":{"line":29,"column":8},"end":{"line":29,"column":79}},"type":"binary-expr","locations":[{"start":{"line":29,"column":8},"end":{"line":29,"column":23}},{"start":{"line":29,"column":27},"end":{"line":29,"column":79}}]},"4":{"loc":{"start":{"line":33,"column":4},"end":{"line":41,"column":null}},"type":"if","locations":[{"start":{"line":33,"column":4},"end":{"line":41,"column":null}},{"start":{"line":35,"column":11},"end":{"line":41,"column":null}}]},"5":{"loc":{"start":{"line":33,"column":8},"end":{"line":33,"column":60}},"type":"binary-expr","locations":[{"start":{"line":33,"column":8},"end":{"line":33,"column":26}},{"start":{"line":33,"column":30},"end":{"line":33,"column":60}}]},"6":{"loc":{"start":{"line":35,"column":11},"end":{"line":41,"column":null}},"type":"if","locations":[{"start":{"line":35,"column":11},"end":{"line":41,"column":null}},{"start":{"line":37,"column":11},"end":{"line":41,"column":null}}]},"7":{"loc":{"start":{"line":37,"column":11},"end":{"line":41,"column":null}},"type":"if","locations":[{"start":{"line":37,"column":11},"end":{"line":41,"column":null}},{"start":{"line":39,"column":11},"end":{"line":41,"column":null}}]},"8":{"loc":{"start":{"line":39,"column":11},"end":{"line":41,"column":null}},"type":"if","locations":[{"start":{"line":39,"column":11},"end":{"line":41,"column":null}},{"start":{},"end":{}}]},"9":{"loc":{"start":{"line":43,"column":4},"end":{"line":45,"column":null}},"type":"if","locations":[{"start":{"line":43,"column":4},"end":{"line":45,"column":null}},{"start":{},"end":{}}]},"10":{"loc":{"start":{"line":47,"column":4},"end":{"line":49,"column":null}},"type":"if","locations":[{"start":{"line":47,"column":4},"end":{"line":49,"column":null}},{"start":{},"end":{}}]},"11":{"loc":{"start":{"line":58,"column":4},"end":{"line":60,"column":null}},"type":"if","locations":[{"start":{"line":58,"column":4},"end":{"line":60,"column":null}},{"start":{},"end":{}}]},"12":{"loc":{"start":{"line":82,"column":6},"end":{"line":85,"column":null}},"type":"if","locations":[{"start":{"line":82,"column":6},"end":{"line":85,"column":null}},{"start":{},"end":{}}]},"13":{"loc":{"start":{"line":83,"column":17},"end":{"line":83,"column":null}},"type":"binary-expr","locations":[{"start":{"line":83,"column":17},"end":{"line":83,"column":28}},{"start":{"line":83,"column":32},"end":{"line":83,"column":null}}]},"14":{"loc":{"start":{"line":99,"column":21},"end":{"line":99,"column":null}},"type":"cond-expr","locations":[{"start":{"line":99,"column":43},"end":{"line":99,"column":53}},{"start":{"line":99,"column":53},"end":{"line":99,"column":null}}]},"15":{"loc":{"start":{"line":106,"column":4},"end":{"line":112,"column":null}},"type":"if","locations":[{"start":{"line":106,"column":4},"end":{"line":112,"column":null}},{"start":{},"end":{}}]},"16":{"loc":{"start":{"line":114,"column":4},"end":{"line":114,"column":null}},"type":"if","locations":[{"start":{"line":114,"column":4},"end":{"line":114,"column":null}},{"start":{},"end":{}}]},"17":{"loc":{"start":{"line":123,"column":7},"end":{"line":123,"column":null}},"type":"binary-expr","locations":[{"start":{"line":123,"column":7},"end":{"line":123,"column":null}}]},"18":{"loc":{"start":{"line":144,"column":46},"end":{"line":144,"column":115}},"type":"cond-expr","locations":[{"start":{"line":144,"column":65},"end":{"line":144,"column":111}},{"start":{"line":144,"column":111},"end":{"line":144,"column":115}}]},"19":{"loc":{"start":{"line":151,"column":11},"end":{"line":151,"column":27}},"type":"binary-expr","locations":[{"start":{"line":151,"column":11},"end":{"line":151,"column":27}}]},"20":{"loc":{"start":{"line":169,"column":46},"end":{"line":169,"column":116}},"type":"cond-expr","locations":[{"start":{"line":169,"column":66},"end":{"line":169,"column":112}},{"start":{"line":169,"column":112},"end":{"line":169,"column":116}}]},"21":{"loc":{"start":{"line":176,"column":11},"end":{"line":176,"column":28}},"type":"binary-expr","locations":[{"start":{"line":176,"column":11},"end":{"line":176,"column":28}}]},"22":{"loc":{"start":{"line":194,"column":46},"end":{"line":194,"column":119}},"type":"cond-expr","locations":[{"start":{"line":194,"column":69},"end":{"line":194,"column":115}},{"start":{"line":194,"column":115},"end":{"line":194,"column":119}}]},"23":{"loc":{"start":{"line":201,"column":11},"end":{"line":201,"column":31}},"type":"binary-expr","locations":[{"start":{"line":201,"column":11},"end":{"line":201,"column":31}}]},"24":{"loc":{"start":{"line":219,"column":46},"end":{"line":219,"column":126}},"type":"cond-expr","locations":[{"start":{"line":219,"column":76},"end":{"line":219,"column":122}},{"start":{"line":219,"column":122},"end":{"line":219,"column":126}}]},"25":{"loc":{"start":{"line":226,"column":11},"end":{"line":226,"column":38}},"type":"binary-expr","locations":[{"start":{"line":226,"column":11},"end":{"line":226,"column":38}}]},"26":{"loc":{"start":{"line":254,"column":11},"end":{"line":254,"column":35}},"type":"binary-expr","locations":[{"start":{"line":254,"column":11},"end":{"line":254,"column":35}}]},"27":{"loc":{"start":{"line":266,"column":12},"end":{"line":271,"column":13}},"type":"cond-expr","locations":[{"start":{"line":266,"column":12},"end":{"line":271,"column":13}}]}},"s":{"0":0,"1":0,"2":0,"3":0,"4":0,"5":0,"6":0,"7":0,"8":0,"9":0,"10":0,"11":0,"12":0,"13":0,"14":0,"15":0,"16":0,"17":0,"18":0,"19":0,"20":0,"21":0,"22":0,"23":0,"24":0,"25":0,"26":0,"27":0,"28":0,"29":0,"30":0,"31":0,"32":0,"33":0,"34":0,"35":0,"36":0,"37":0,"38":0,"39":0,"40":0,"41":0,"42":0,"43":0,"44":0,"45":0,"46":0,"47":0,"48":0,"49":0,"50":0,"51":0,"52":0,"53":0,"54":0,"55":0,"56":0,"57":0,"58":0},"f":{"0":0,"1":0,"2":0,"3":0,"4":0,"5":0},"b":{"0":[0,0],"1":[0,0],"2":[0,0],"3":[0,0],"4":[0,0],"5":[0,0],"6":[0,0],"7":[0,0],"8":[0,0],"9":[0,0],"10":[0,0],"11":[0,0],"12":[0,0],"13":[0,0],"14":[0,0],"15":[0,0],"16":[0,0],"17":[0],"18":[0,0],"19":[0],"20":[0,0],"21":[0],"22":[0,0],"23":[0],"24":[0,0],"25":[0],"26":[0],"27":[0]}}
,"E:\\work_stuff\\fyp\\cwrite\\src\\app\\auth\\verify-email\\page.tsx": {"path":"E:\\work_stuff\\fyp\\cwrite\\src\\app\\auth\\verify-email\\page.tsx","statementMap":{"0":{"start":{"line":235,"column":24},"end":{"line":235,"column":null}},"1":{"start":{"line":3,"column":46},"end":{"line":3,"column":null}},"2":{"start":{"line":4,"column":32},"end":{"line":4,"column":null}},"3":{"start":{"line":5,"column":17},"end":{"line":5,"column":null}},"4":{"start":{"line":6,"column":54},"end":{"line":6,"column":null}},"5":{"start":{"line":9,"column":23},"end":{"line":9,"column":null}},"6":{"start":{"line":10,"column":30},"end":{"line":10,"column":null}},"7":{"start":{"line":11,"column":28},"end":{"line":11,"column":null}},"8":{"start":{"line":12,"column":36},"end":{"line":12,"column":null}},"9":{"start":{"line":14,"column":2},"end":{"line":27,"column":null}},"10":{"start":{"line":15,"column":18},"end":{"line":15,"column":null}},"11":{"start":{"line":16,"column":23},"end":{"line":16,"column":null}},"12":{"start":{"line":18,"column":4},"end":{"line":20,"column":null}},"13":{"start":{"line":19,"column":6},"end":{"line":19,"column":null}},"14":{"start":{"line":22,"column":4},"end":{"line":26,"column":null}},"15":{"start":{"line":23,"column":6},"end":{"line":23,"column":null}},"16":{"start":{"line":25,"column":6},"end":{"line":25,"column":null}},"17":{"start":{"line":29,"column":22},"end":{"line":48,"column":null}},"18":{"start":{"line":30,"column":4},"end":{"line":47,"column":null}},"19":{"start":{"line":32,"column":6},"end":{"line":32,"column":null}},"20":{"start":{"line":35,"column":6},"end":{"line":35,"column":null}},"21":{"start":{"line":35,"column":35},"end":{"line":35,"column":null}},"22":{"start":{"line":38,"column":6},"end":{"line":44,"column":null}},"23":{"start":{"line":39,"column":8},"end":{"line":39,"column":null}},"24":{"start":{"line":40,"column":13},"end":{"line":44,"column":null}},"25":{"start":{"line":41,"column":8},"end":{"line":41,"column":null}},"26":{"start":{"line":43,"column":8},"end":{"line":43,"column":null}},"27":{"start":{"line":46,"column":6},"end":{"line":46,"column":null}},"28":{"start":{"line":50,"column":34},"end":{"line":62,"column":null}},"29":{"start":{"line":51,"column":4},"end":{"line":51,"column":null}},"30":{"start":{"line":52,"column":4},"end":{"line":61,"column":null}},"31":{"start":{"line":54,"column":6},"end":{"line":54,"column":null}},"32":{"start":{"line":55,"column":6},"end":{"line":55,"column":null}},"33":{"start":{"line":55,"column":35},"end":{"line":55,"column":null}},"34":{"start":{"line":58,"column":6},"end":{"line":58,"column":null}},"35":{"start":{"line":60,"column":6},"end":{"line":60,"column":null}},"36":{"start":{"line":64,"column":2},"end":{"line":84,"column":null}},"37":{"start":{"line":86,"column":2},"end":{"line":135,"column":null}},"38":{"start":{"line":137,"column":2},"end":{"line":174,"column":null}}},"fnMap":{"0":{"name":"VerifyEmailContent","decl":{"start":{"line":8,"column":9},"end":{"line":8,"column":null}},"loc":{"start":{"line":8,"column":9},"end":{"line":233,"column":null}}},"1":{"name":"(anonymous_3)","decl":{"start":{"line":14,"column":12},"end":{"line":14,"column":null}},"loc":{"start":{"line":14,"column":12},"end":{"line":27,"column":5}}},"2":{"name":"(anonymous_4)","decl":{"start":{"line":29,"column":22},"end":{"line":29,"column":29}},"loc":{"start":{"line":29,"column":29},"end":{"line":48,"column":null}}},"3":{"name":"(anonymous_5)","decl":{"start":{"line":35,"column":24},"end":{"line":35,"column":35}},"loc":{"start":{"line":35,"column":35},"end":{"line":35,"column":null}}},"4":{"name":"(anonymous_6)","decl":{"start":{"line":50,"column":34},"end":{"line":50,"column":null}},"loc":{"start":{"line":50,"column":34},"end":{"line":62,"column":null}}},"5":{"name":"(anonymous_7)","decl":{"start":{"line":55,"column":24},"end":{"line":55,"column":35}},"loc":{"start":{"line":55,"column":35},"end":{"line":55,"column":null}}},"6":{"name":"VerifyEmailPage","decl":{"start":{"line":235,"column":24},"end":{"line":235,"column":null}},"loc":{"start":{"line":235,"column":24},"end":{"line":257,"column":null}}}},"branchMap":{"0":{"loc":{"start":{"line":18,"column":4},"end":{"line":20,"column":null}},"type":"if","locations":[{"start":{"line":18,"column":4},"end":{"line":20,"column":null}},{"start":{},"end":{}}]},"1":{"loc":{"start":{"line":22,"column":4},"end":{"line":26,"column":null}},"type":"if","locations":[{"start":{"line":22,"column":4},"end":{"line":26,"column":null}},{"start":{"line":24,"column":11},"end":{"line":26,"column":null}}]},"2":{"loc":{"start":{"line":38,"column":6},"end":{"line":44,"column":null}},"type":"if","locations":[{"start":{"line":38,"column":6},"end":{"line":44,"column":null}},{"start":{"line":40,"column":13},"end":{"line":44,"column":null}}]},"3":{"loc":{"start":{"line":40,"column":13},"end":{"line":44,"column":null}},"type":"if","locations":[{"start":{"line":40,"column":13},"end":{"line":44,"column":null}},{"start":{"line":42,"column":13},"end":{"line":44,"column":null}}]},"4":{"loc":{"start":{"line":64,"column":2},"end":{"line":84,"column":null}},"type":"if","locations":[{"start":{"line":64,"column":2},"end":{"line":84,"column":null}},{"start":{},"end":{}}]},"5":{"loc":{"start":{"line":86,"column":2},"end":{"line":135,"column":null}},"type":"if","locations":[{"start":{"line":86,"column":2},"end":{"line":135,"column":null}},{"start":{},"end":{}}]},"6":{"loc":{"start":{"line":137,"column":2},"end":{"line":174,"column":null}},"type":"if","locations":[{"start":{"line":137,"column":2},"end":{"line":174,"column":null}},{"start":{},"end":{}}]},"7":{"loc":{"start":{"line":160,"column":17},"end":{"line":160,"column":null}},"type":"cond-expr","locations":[{"start":{"line":160,"column":29},"end":{"line":160,"column":44}},{"start":{"line":160,"column":44},"end":{"line":160,"column":null}}]},"8":{"loc":{"start":{"line":199,"column":15},"end":{"line":199,"column":null}},"type":"cond-expr","locations":[{"start":{"line":199,"column":27},"end":{"line":199,"column":42}},{"start":{"line":199,"column":42},"end":{"line":199,"column":null}}]}},"s":{"0":0,"1":0,"2":0,"3":0,"4":0,"5":0,"6":0,"7":0,"8":0,"9":0,"10":0,"11":0,"12":0,"13":0,"14":0,"15":0,"16":0,"17":0,"18":0,"19":0,"20":0,"21":0,"22":0,"23":0,"24":0,"25":0,"26":0,"27":0,"28":0,"29":0,"30":0,"31":0,"32":0,"33":0,"34":0,"35":0,"36":0,"37":0,"38":0},"f":{"0":0,"1":0,"2":0,"3":0,"4":0,"5":0,"6":0},"b":{"0":[0,0],"1":[0,0],"2":[0,0],"3":[0,0],"4":[0,0],"5":[0,0],"6":[0,0],"7":[0,0],"8":[0,0]}}
,"E:\\work_stuff\\fyp\\cwrite\\src\\app\\dashboard\\layout.tsx": {"path":"E:\\work_stuff\\fyp\\cwrite\\src\\app\\dashboard\\layout.tsx","statementMap":{"0":{"start":{"line":10,"column":24},"end":{"line":10,"column":44}},"1":{"start":{"line":4,"column":27},"end":{"line":4,"column":null}}},"fnMap":{"0":{"name":"DashboardRootLayout","decl":{"start":{"line":10,"column":24},"end":{"line":10,"column":44}},"loc":{"start":{"line":10,"column":78},"end":{"line":16,"column":null}}}},"branchMap":{},"s":{"0":0,"1":0},"f":{"0":0},"b":{}}
,"E:\\work_stuff\\fyp\\cwrite\\src\\app\\dashboard\\not-found.tsx": {"path":"E:\\work_stuff\\fyp\\cwrite\\src\\app\\dashboard\\not-found.tsx","statementMap":{"0":{"start":{"line":5,"column":24},"end":{"line":5,"column":null}},"1":{"start":{"line":1,"column":17},"end":{"line":1,"column":null}},"2":{"start":{"line":2,"column":88},"end":{"line":2,"column":null}},"3":{"start":{"line":3,"column":28},"end":{"line":3,"column":null}},"4":{"start":{"line":6,"column":26},"end":{"line":31,"column":null}},"5":{"start":{"line":55,"column":29},"end":{"line":55,"column":null}},"6":{"start":{"line":69,"column":18},"end":{"line":70,"column":null}}},"fnMap":{"0":{"name":"DashboardNotFound","decl":{"start":{"line":5,"column":24},"end":{"line":5,"column":null}},"loc":{"start":{"line":5,"column":24},"end":{"line":88,"column":null}}},"1":{"name":"(anonymous_3)","decl":{"start":{"line":55,"column":23},"end":{"line":55,"column":29}},"loc":{"start":{"line":55,"column":29},"end":{"line":55,"column":null}}},"2":{"name":"(anonymous_4)","decl":{"start":{"line":68,"column":37},"end":{"line":68,"column":38}},"loc":{"start":{"line":69,"column":18},"end":{"line":70,"column":null}}}},"branchMap":{},"s":{"0":0,"1":0,"2":0,"3":0,"4":0,"5":0,"6":0},"f":{"0":0,"1":0,"2":0},"b":{}}
,"E:\\work_stuff\\fyp\\cwrite\\src\\app\\dashboard\\page.tsx": {"path":"E:\\work_stuff\\fyp\\cwrite\\src\\app\\dashboard\\page.tsx","statementMap":{"0":{"start":{"line":6,"column":24},"end":{"line":6,"column":null}},"1":{"start":{"line":4,"column":13},"end":{"line":4,"column":23}},"2":{"start":{"line":1,"column":28},"end":{"line":1,"column":null}},"3":{"start":{"line":4,"column":23},"end":{"line":4,"column":null}},"4":{"start":{"line":7,"column":2},"end":{"line":7,"column":null}}},"fnMap":{"0":{"name":"DashboardPage","decl":{"start":{"line":6,"column":24},"end":{"line":6,"column":null}},"loc":{"start":{"line":6,"column":24},"end":{"line":8,"column":null}}}},"branchMap":{},"s":{"0":0,"1":0,"2":0,"3":0,"4":0},"f":{"0":0},"b":{}}
,"E:\\work_stuff\\fyp\\cwrite\\src\\app\\dashboard\\projects\\layout.tsx": {"path":"E:\\work_stuff\\fyp\\cwrite\\src\\app\\dashboard\\projects\\layout.tsx","statementMap":{"0":{"start":{"line":16,"column":24},"end":{"line":16,"column":39}},"1":{"start":{"line":14,"column":13},"end":{"line":14,"column":23}},"2":{"start":{"line":3,"column":13},"end":{"line":3,"column":34}},"3":{"start":{"line":8,"column":13},"end":{"line":8,"column":34}},"4":{"start":{"line":3,"column":34},"end":{"line":6,"column":null}},"5":{"start":{"line":8,"column":34},"end":{"line":12,"column":null}},"6":{"start":{"line":14,"column":23},"end":{"line":14,"column":null}},"7":{"start":{"line":21,"column":2},"end":{"line":21,"column":null}}},"fnMap":{"0":{"name":"ProjectsLayout","decl":{"start":{"line":16,"column":24},"end":{"line":16,"column":39}},"loc":{"start":{"line":20,"column":1},"end":{"line":22,"column":null}}}},"branchMap":{},"s":{"0":0,"1":0,"2":0,"3":0,"4":0,"5":0,"6":0,"7":0},"f":{"0":0},"b":{}}
,"E:\\work_stuff\\fyp\\cwrite\\src\\app\\dashboard\\projects\\page.tsx": {"path":"E:\\work_stuff\\fyp\\cwrite\\src\\app\\dashboard\\projects\\page.tsx","statementMap":{"0":{"start":{"line":6,"column":24},"end":{"line":6,"column":null}},"1":{"start":{"line":4,"column":13},"end":{"line":4,"column":23}},"2":{"start":{"line":1,"column":27},"end":{"line":1,"column":null}},"3":{"start":{"line":4,"column":23},"end":{"line":4,"column":null}},"4":{"start":{"line":7,"column":2},"end":{"line":7,"column":null}}},"fnMap":{"0":{"name":"ProjectsListingPage","decl":{"start":{"line":6,"column":24},"end":{"line":6,"column":null}},"loc":{"start":{"line":6,"column":24},"end":{"line":8,"column":null}}}},"branchMap":{},"s":{"0":0,"1":0,"2":0,"3":0,"4":0},"f":{"0":0},"b":{}}
,"E:\\work_stuff\\fyp\\cwrite\\src\\app\\dashboard\\projects\\[id]\\page.tsx": {"path":"E:\\work_stuff\\fyp\\cwrite\\src\\app\\dashboard\\projects\\[id]\\page.tsx","statementMap":{"0":{"start":{"line":10,"column":24},"end":{"line":10,"column":null}},"1":{"start":{"line":3,"column":36},"end":{"line":3,"column":null}},"2":{"start":{"line":4,"column":26},"end":{"line":4,"column":null}},"3":{"start":{"line":6,"column":20},"end":{"line":6,"column":null}},"4":{"start":{"line":7,"column":28},"end":{"line":7,"column":null}},"5":{"start":{"line":8,"column":49},"end":{"line":8,"column":null}},"6":{"start":{"line":11,"column":17},"end":{"line":11,"column":null}},"7":{"start":{"line":12,"column":20},"end":{"line":12,"column":29}},"8":{"start":{"line":14,"column":32},"end":{"line":14,"column":null}},"9":{"start":{"line":15,"column":28},"end":{"line":15,"column":null}},"10":{"start":{"line":16,"column":34},"end":{"line":16,"column":null}},"11":{"start":{"line":17,"column":44},"end":{"line":17,"column":null}},"12":{"start":{"line":18,"column":32},"end":{"line":18,"column":null}},"13":{"start":{"line":19,"column":28},"end":{"line":19,"column":null}},"14":{"start":{"line":21,"column":2},"end":{"line":23,"column":null}},"15":{"start":{"line":22,"column":4},"end":{"line":22,"column":null}},"16":{"start":{"line":22,"column":19},"end":{"line":22,"column":null}},"17":{"start":{"line":25,"column":26},"end":{"line":47,"column":null}},"18":{"start":{"line":26,"column":4},"end":{"line":46,"column":null}},"19":{"start":{"line":27,"column":6},"end":{"line":27,"column":null}},"20":{"start":{"line":28,"column":6},"end":{"line":28,"column":null}},"21":{"start":{"line":30,"column":39},"end":{"line":35,"column":null}},"22":{"start":{"line":37,"column":6},"end":{"line":38,"column":null}},"23":{"start":{"line":37,"column":39},"end":{"line":37,"column":null}},"24":{"start":{"line":38,"column":11},"end":{"line":38,"column":null}},"25":{"start":{"line":39,"column":6},"end":{"line":39,"column":null}},"26":{"start":{"line":39,"column":39},"end":{"line":39,"column":null}},"27":{"start":{"line":40,"column":6},"end":{"line":40,"column":null}},"28":{"start":{"line":40,"column":39},"end":{"line":40,"column":null}},"29":{"start":{"line":41,"column":6},"end":{"line":41,"column":null}},"30":{"start":{"line":41,"column":39},"end":{"line":41,"column":null}},"31":{"start":{"line":43,"column":6},"end":{"line":43,"column":null}},"32":{"start":{"line":45,"column":6},"end":{"line":45,"column":null}},"33":{"start":{"line":49,"column":27},"end":{"line":63,"column":null}},"34":{"start":{"line":50,"column":4},"end":{"line":62,"column":null}},"35":{"start":{"line":51,"column":22},"end":{"line":51,"column":null}},"36":{"start":{"line":51,"column":70},"end":{"line":51,"column":null}},"37":{"start":{"line":52,"column":23},"end":{"line":52,"column":null}},"38":{"start":{"line":52,"column":43},"end":{"line":52,"column":69}},"39":{"start":{"line":52,"column":78},"end":{"line":52,"column":118}},"40":{"start":{"line":53,"column":20},"end":{"line":53,"column":null}},"41":{"start":{"line":53,"column":40},"end":{"line":53,"column":null}},"42":{"start":{"line":54,"column":6},"end":{"line":57,"column":null}},"43":{"start":{"line":55,"column":21},"end":{"line":55,"column":null}},"44":{"start":{"line":55,"column":41},"end":{"line":55,"column":124}},"45":{"start":{"line":56,"column":8},"end":{"line":56,"column":null}},"46":{"start":{"line":58,"column":6},"end":{"line":58,"column":null}},"47":{"start":{"line":58,"column":23},"end":{"line":58,"column":null}},"48":{"start":{"line":59,"column":6},"end":{"line":59,"column":null}},"49":{"start":{"line":61,"column":6},"end":{"line":61,"column":null}},"50":{"start":{"line":65,"column":27},"end":{"line":73,"column":null}},"51":{"start":{"line":66,"column":4},"end":{"line":72,"column":null}},"52":{"start":{"line":67,"column":6},"end":{"line":67,"column":null}},"53":{"start":{"line":68,"column":6},"end":{"line":68,"column":null}},"54":{"start":{"line":68,"column":23},"end":{"line":68,"column":null}},"55":{"start":{"line":68,"column":40},"end":{"line":68,"column":null}},"56":{"start":{"line":69,"column":6},"end":{"line":69,"column":null}},"57":{"start":{"line":71,"column":6},"end":{"line":71,"column":null}},"58":{"start":{"line":75,"column":2},"end":{"line":84,"column":null}},"59":{"start":{"line":86,"column":2},"end":{"line":102,"column":null}}},"fnMap":{"0":{"name":"ProjectPage","decl":{"start":{"line":10,"column":24},"end":{"line":10,"column":null}},"loc":{"start":{"line":10,"column":24},"end":{"line":110,"column":null}}},"1":{"name":"(anonymous_3)","decl":{"start":{"line":21,"column":12},"end":{"line":21,"column":null}},"loc":{"start":{"line":21,"column":12},"end":{"line":23,"column":5}}},"2":{"name":"(anonymous_4)","decl":{"start":{"line":25,"column":26},"end":{"line":25,"column":null}},"loc":{"start":{"line":25,"column":26},"end":{"line":47,"column":null}}},"3":{"name":"(anonymous_5)","decl":{"start":{"line":49,"column":27},"end":{"line":49,"column":34}},"loc":{"start":{"line":49,"column":34},"end":{"line":63,"column":null}}},"4":{"name":"(anonymous_6)","decl":{"start":{"line":51,"column":65},"end":{"line":51,"column":70}},"loc":{"start":{"line":51,"column":70},"end":{"line":51,"column":null}}},"5":{"name":"(anonymous_7)","decl":{"start":{"line":52,"column":38},"end":{"line":52,"column":43}},"loc":{"start":{"line":52,"column":43},"end":{"line":52,"column":69}}},"6":{"name":"(anonymous_8)","decl":{"start":{"line":52,"column":73},"end":{"line":52,"column":78}},"loc":{"start":{"line":52,"column":78},"end":{"line":52,"column":118}}},"7":{"name":"(anonymous_9)","decl":{"start":{"line":53,"column":35},"end":{"line":53,"column":40}},"loc":{"start":{"line":53,"column":40},"end":{"line":53,"column":null}}},"8":{"name":"(anonymous_10)","decl":{"start":{"line":55,"column":31},"end":{"line":55,"column":32}},"loc":{"start":{"line":55,"column":41},"end":{"line":55,"column":124}}},"9":{"name":"(anonymous_11)","decl":{"start":{"line":58,"column":15},"end":{"line":58,"column":23}},"loc":{"start":{"line":58,"column":23},"end":{"line":58,"column":null}}},"10":{"name":"(anonymous_12)","decl":{"start":{"line":65,"column":27},"end":{"line":65,"column":34}},"loc":{"start":{"line":65,"column":34},"end":{"line":73,"column":null}}},"11":{"name":"(anonymous_13)","decl":{"start":{"line":68,"column":15},"end":{"line":68,"column":23}},"loc":{"start":{"line":68,"column":23},"end":{"line":68,"column":null}}},"12":{"name":"(anonymous_14)","decl":{"start":{"line":68,"column":35},"end":{"line":68,"column":40}},"loc":{"start":{"line":68,"column":40},"end":{"line":68,"column":null}}}},"branchMap":{"0":{"loc":{"start":{"line":22,"column":4},"end":{"line":22,"column":null}},"type":"if","locations":[{"start":{"line":22,"column":4},"end":{"line":22,"column":null}},{"start":{},"end":{}}]},"1":{"loc":{"start":{"line":37,"column":6},"end":{"line":38,"column":null}},"type":"if","locations":[{"start":{"line":37,"column":6},"end":{"line":38,"column":null}},{"start":{"line":38,"column":11},"end":{"line":38,"column":null}}]},"2":{"loc":{"start":{"line":39,"column":6},"end":{"line":39,"column":null}},"type":"if","locations":[{"start":{"line":39,"column":6},"end":{"line":39,"column":null}},{"start":{},"end":{}}]},"3":{"loc":{"start":{"line":40,"column":6},"end":{"line":40,"column":null}},"type":"if","locations":[{"start":{"line":40,"column":6},"end":{"line":40,"column":null}},{"start":{},"end":{}}]},"4":{"loc":{"start":{"line":41,"column":6},"end":{"line":41,"column":null}},"type":"if","locations":[{"start":{"line":41,"column":6},"end":{"line":41,"column":null}},{"start":{},"end":{}}]},"5":{"loc":{"start":{"line":43,"column":15},"end":{"line":43,"column":null}},"type":"binary-expr","locations":[{"start":{"line":43,"column":15},"end":{"line":43,"column":26}},{"start":{"line":43,"column":30},"end":{"line":43,"column":null}}]},"6":{"loc":{"start":{"line":54,"column":6},"end":{"line":57,"column":null}},"type":"if","locations":[{"start":{"line":54,"column":6},"end":{"line":57,"column":null}},{"start":{},"end":{}}]},"7":{"loc":{"start":{"line":55,"column":59},"end":{"line":55,"column":124}},"type":"binary-expr","locations":[{"start":{"line":55,"column":59},"end":{"line":55,"column":107}},{"start":{"line":55,"column":107},"end":{"line":55,"column":124}}]},"8":{"loc":{"start":{"line":61,"column":30},"end":{"line":61,"column":62}},"type":"binary-expr","locations":[{"start":{"line":61,"column":30},"end":{"line":61,"column":41}},{"start":{"line":61,"column":45},"end":{"line":61,"column":62}}]},"9":{"loc":{"start":{"line":75,"column":2},"end":{"line":84,"column":null}},"type":"if","locations":[{"start":{"line":75,"column":2},"end":{"line":84,"column":null}},{"start":{},"end":{}}]},"10":{"loc":{"start":{"line":86,"column":2},"end":{"line":102,"column":null}},"type":"if","locations":[{"start":{"line":86,"column":2},"end":{"line":102,"column":null}},{"start":{},"end":{}}]},"11":{"loc":{"start":{"line":86,"column":6},"end":{"line":86,"column":25}},"type":"binary-expr","locations":[{"start":{"line":86,"column":6},"end":{"line":86,"column":15}},{"start":{"line":86,"column":15},"end":{"line":86,"column":25}}]},"12":{"loc":{"start":{"line":94,"column":54},"end":{"line":94,"column":null}},"type":"binary-expr","locations":[{"start":{"line":94,"column":54},"end":{"line":94,"column":63}},{"start":{"line":94,"column":63},"end":{"line":94,"column":null}}]}},"s":{"0":0,"1":0,"2":0,"3":0,"4":0,"5":0,"6":0,"7":0,"8":0,"9":0,"10":0,"11":0,"12":0,"13":0,"14":0,"15":0,"16":0,"17":0,"18":0,"19":0,"20":0,"21":0,"22":0,"23":0,"24":0,"25":0,"26":0,"27":0,"28":0,"29":0,"30":0,"31":0,"32":0,"33":0,"34":0,"35":0,"36":0,"37":0,"38":0,"39":0,"40":0,"41":0,"42":0,"43":0,"44":0,"45":0,"46":0,"47":0,"48":0,"49":0,"50":0,"51":0,"52":0,"53":0,"54":0,"55":0,"56":0,"57":0,"58":0,"59":0},"f":{"0":0,"1":0,"2":0,"3":0,"4":0,"5":0,"6":0,"7":0,"8":0,"9":0,"10":0,"11":0,"12":0},"b":{"0":[0,0],"1":[0,0],"2":[0,0],"3":[0,0],"4":[0,0],"5":[0,0],"6":[0,0],"7":[0,0],"8":[0,0],"9":[0,0],"10":[0,0],"11":[0,0],"12":[0,0]}}
,"E:\\work_stuff\\fyp\\cwrite\\src\\app\\dashboard\\projects\\[id]\\files\\page.tsx": {"path":"E:\\work_stuff\\fyp\\cwrite\\src\\app\\dashboard\\projects\\[id]\\files\\page.tsx","statementMap":{"0":{"start":{"line":273,"column":24},"end":{"line":273,"column":null}},"1":{"start":{"line":7,"column":13},"end":{"line":7,"column":23}},"2":{"start":{"line":3,"column":46},"end":{"line":3,"column":null}},"3":{"start":{"line":4,"column":54},"end":{"line":4,"column":null}},"4":{"start":{"line":9,"column":20},"end":{"line":9,"column":null}},"5":{"start":{"line":10,"column":28},"end":{"line":10,"column":null}},"6":{"start":{"line":11,"column":33},"end":{"line":11,"column":null}},"7":{"start":{"line":12,"column":27},"end":{"line":12,"column":null}},"8":{"start":{"line":13,"column":35},"end":{"line":13,"column":null}},"9":{"start":{"line":14,"column":24},"end":{"line":14,"column":null}},"10":{"start":{"line":15,"column":48},"end":{"line":15,"column":null}},"11":{"start":{"line":16,"column":17},"end":{"line":16,"column":null}},"12":{"start":{"line":7,"column":23},"end":{"line":7,"column":null}},"13":{"start":{"line":19,"column":17},"end":{"line":19,"column":null}},"14":{"start":{"line":20,"column":17},"end":{"line":20,"column":null}},"15":{"start":{"line":21,"column":23},"end":{"line":21,"column":null}},"16":{"start":{"line":22,"column":20},"end":{"line":22,"column":29}},"17":{"start":{"line":24,"column":32},"end":{"line":24,"column":null}},"18":{"start":{"line":25,"column":28},"end":{"line":25,"column":null}},"19":{"start":{"line":26,"column":32},"end":{"line":26,"column":null}},"20":{"start":{"line":27,"column":28},"end":{"line":27,"column":null}},"21":{"start":{"line":28,"column":42},"end":{"line":28,"column":null}},"22":{"start":{"line":29,"column":40},"end":{"line":29,"column":null}},"23":{"start":{"line":30,"column":42},"end":{"line":30,"column":null}},"24":{"start":{"line":31,"column":48},"end":{"line":31,"column":null}},"25":{"start":{"line":34,"column":20},"end":{"line":34,"column":null}},"26":{"start":{"line":35,"column":25},"end":{"line":35,"column":null}},"27":{"start":{"line":36,"column":23},"end":{"line":36,"column":null}},"28":{"start":{"line":38,"column":2},"end":{"line":42,"column":null}},"29":{"start":{"line":39,"column":4},"end":{"line":41,"column":null}},"30":{"start":{"line":40,"column":6},"end":{"line":40,"column":null}},"31":{"start":{"line":45,"column":2},"end":{"line":52,"column":null}},"32":{"start":{"line":46,"column":4},"end":{"line":51,"column":null}},"33":{"start":{"line":47,"column":19},"end":{"line":47,"column":null}},"34":{"start":{"line":47,"column":35},"end":{"line":47,"column":null}},"35":{"start":{"line":48,"column":6},"end":{"line":50,"column":null}},"36":{"start":{"line":49,"column":8},"end":{"line":49,"column":null}},"37":{"start":{"line":54,"column":26},"end":{"line":80,"column":null}},"38":{"start":{"line":55,"column":4},"end":{"line":79,"column":null}},"39":{"start":{"line":56,"column":6},"end":{"line":56,"column":null}},"40":{"start":{"line":57,"column":6},"end":{"line":57,"column":null}},"41":{"start":{"line":59,"column":47},"end":{"line":62,"column":null}},"42":{"start":{"line":64,"column":6},"end":{"line":68,"column":null}},"43":{"start":{"line":65,"column":8},"end":{"line":65,"column":null}},"44":{"start":{"line":67,"column":8},"end":{"line":67,"column":null}},"45":{"start":{"line":70,"column":6},"end":{"line":72,"column":null}},"46":{"start":{"line":71,"column":8},"end":{"line":71,"column":null}},"47":{"start":{"line":75,"column":6},"end":{"line":75,"column":null}},"48":{"start":{"line":76,"column":6},"end":{"line":76,"column":null}},"49":{"start":{"line":78,"column":6},"end":{"line":78,"column":null}},"50":{"start":{"line":82,"column":27},"end":{"line":104,"column":null}},"51":{"start":{"line":83,"column":4},"end":{"line":103,"column":null}},"52":{"start":{"line":84,"column":29},"end":{"line":85,"column":null}},"53":{"start":{"line":85,"column":8},"end":{"line":85,"column":null}},"54":{"start":{"line":88,"column":22},"end":{"line":88,"column":null}},"55":{"start":{"line":89,"column":23},"end":{"line":91,"column":null}},"56":{"start":{"line":90,"column":26},"end":{"line":90,"column":null}},"57":{"start":{"line":91,"column":23},"end":{"line":91,"column":68}},"58":{"start":{"line":93,"column":6},"end":{"line":93,"column":null}},"59":{"start":{"line":93,"column":23},"end":{"line":93,"column":null}},"60":{"start":{"line":96,"column":29},"end":{"line":96,"column":null}},"61":{"start":{"line":97,"column":6},"end":{"line":97,"column":null}},"62":{"start":{"line":98,"column":6},"end":{"line":98,"column":null}},"63":{"start":{"line":101,"column":6},"end":{"line":101,"column":null}},"64":{"start":{"line":102,"column":6},"end":{"line":102,"column":null}},"65":{"start":{"line":106,"column":30},"end":{"line":128,"column":null}},"66":{"start":{"line":107,"column":26},"end":{"line":107,"column":null}},"67":{"start":{"line":108,"column":4},"end":{"line":111,"column":null}},"68":{"start":{"line":109,"column":6},"end":{"line":109,"column":null}},"69":{"start":{"line":110,"column":6},"end":{"line":110,"column":null}},"70":{"start":{"line":113,"column":4},"end":{"line":113,"column":null}},"71":{"start":{"line":114,"column":4},"end":{"line":114,"column":null}},"72":{"start":{"line":116,"column":4},"end":{"line":127,"column":null}},"73":{"start":{"line":117,"column":23},"end":{"line":117,"column":108}},"74":{"start":{"line":118,"column":29},"end":{"line":118,"column":null}},"75":{"start":{"line":119,"column":22},"end":{"line":119,"column":null}},"76":{"start":{"line":121,"column":6},"end":{"line":121,"column":null}},"77":{"start":{"line":122,"column":6},"end":{"line":122,"column":null}},"78":{"start":{"line":124,"column":6},"end":{"line":124,"column":null}},"79":{"start":{"line":126,"column":6},"end":{"line":126,"column":null}},"80":{"start":{"line":130,"column":27},"end":{"line":142,"column":null}},"81":{"start":{"line":131,"column":4},"end":{"line":141,"column":null}},"82":{"start":{"line":132,"column":6},"end":{"line":132,"column":null}},"83":{"start":{"line":133,"column":6},"end":{"line":133,"column":null}},"84":{"start":{"line":133,"column":23},"end":{"line":133,"column":null}},"85":{"start":{"line":133,"column":43},"end":{"line":133,"column":null}},"86":{"start":{"line":136,"column":29},"end":{"line":136,"column":null}},"87":{"start":{"line":137,"column":6},"end":{"line":137,"column":null}},"88":{"start":{"line":140,"column":6},"end":{"line":140,"column":null}},"89":{"start":{"line":144,"column":27},"end":{"line":146,"column":null}},"90":{"start":{"line":145,"column":4},"end":{"line":145,"column":null}},"91":{"start":{"line":148,"column":2},"end":{"line":156,"column":null}},"92":{"start":{"line":158,"column":2},"end":{"line":169,"column":null}},"93":{"start":{"line":205,"column":16},"end":{"line":205,"column":null}},"94":{"start":{"line":207,"column":28},"end":{"line":207,"column":null}},"95":{"start":{"line":208,"column":16},"end":{"line":208,"column":null}},"96":{"start":{"line":209,"column":16},"end":{"line":209,"column":null}},"97":{"start":{"line":210,"column":16},"end":{"line":210,"column":null}},"98":{"start":{"line":211,"column":16},"end":{"line":211,"column":null}},"99":{"start":{"line":212,"column":16},"end":{"line":212,"column":null}},"100":{"start":{"line":232,"column":37},"end":{"line":232,"column":null}}},"fnMap":{"0":{"name":"ProjectFilesPageContent","decl":{"start":{"line":18,"column":9},"end":{"line":18,"column":null}},"loc":{"start":{"line":18,"column":9},"end":{"line":271,"column":null}}},"1":{"name":"(anonymous_5)","decl":{"start":{"line":38,"column":12},"end":{"line":38,"column":null}},"loc":{"start":{"line":38,"column":12},"end":{"line":42,"column":5}}},"2":{"name":"(anonymous_6)","decl":{"start":{"line":45,"column":12},"end":{"line":45,"column":null}},"loc":{"start":{"line":45,"column":12},"end":{"line":52,"column":5}}},"3":{"name":"(anonymous_7)","decl":{"start":{"line":47,"column":30},"end":{"line":47,"column":35}},"loc":{"start":{"line":47,"column":35},"end":{"line":47,"column":null}}},"4":{"name":"(anonymous_8)","decl":{"start":{"line":54,"column":26},"end":{"line":54,"column":null}},"loc":{"start":{"line":54,"column":26},"end":{"line":80,"column":null}}},"5":{"name":"(anonymous_9)","decl":{"start":{"line":82,"column":27},"end":{"line":82,"column":34}},"loc":{"start":{"line":82,"column":34},"end":{"line":104,"column":null}}},"6":{"name":"(anonymous_10)","decl":{"start":{"line":84,"column":47},"end":{"line":84,"column":null}},"loc":{"start":{"line":85,"column":8},"end":{"line":85,"column":null}}},"7":{"name":"(anonymous_11)","decl":{"start":{"line":90,"column":16},"end":{"line":90,"column":26}},"loc":{"start":{"line":90,"column":26},"end":{"line":90,"column":null}}},"8":{"name":"(anonymous_12)","decl":{"start":{"line":91,"column":13},"end":{"line":91,"column":23}},"loc":{"start":{"line":91,"column":23},"end":{"line":91,"column":68}}},"9":{"name":"(anonymous_13)","decl":{"start":{"line":93,"column":15},"end":{"line":93,"column":23}},"loc":{"start":{"line":93,"column":23},"end":{"line":93,"column":null}}},"10":{"name":"(anonymous_14)","decl":{"start":{"line":106,"column":30},"end":{"line":106,"column":null}},"loc":{"start":{"line":106,"column":30},"end":{"line":128,"column":null}}},"11":{"name":"(anonymous_15)","decl":{"start":{"line":130,"column":27},"end":{"line":130,"column":34}},"loc":{"start":{"line":130,"column":34},"end":{"line":142,"column":null}}},"12":{"name":"(anonymous_16)","decl":{"start":{"line":133,"column":15},"end":{"line":133,"column":23}},"loc":{"start":{"line":133,"column":23},"end":{"line":133,"column":null}}},"13":{"name":"(anonymous_17)","decl":{"start":{"line":133,"column":35},"end":{"line":133,"column":43}},"loc":{"start":{"line":133,"column":43},"end":{"line":133,"column":null}}},"14":{"name":"(anonymous_18)","decl":{"start":{"line":144,"column":27},"end":{"line":144,"column":28}},"loc":{"start":{"line":144,"column":28},"end":{"line":146,"column":null}}},"15":{"name":"(anonymous_19)","decl":{"start":{"line":204,"column":23},"end":{"line":204,"column":null}},"loc":{"start":{"line":204,"column":23},"end":{"line":213,"column":null}}},"16":{"name":"(anonymous_20)","decl":{"start":{"line":232,"column":30},"end":{"line":232,"column":31}},"loc":{"start":{"line":232,"column":37},"end":{"line":232,"column":null}}},"17":{"name":"ProjectFilesPage","decl":{"start":{"line":273,"column":24},"end":{"line":273,"column":null}},"loc":{"start":{"line":273,"column":24},"end":{"line":283,"column":null}}}},"branchMap":{"0":{"loc":{"start":{"line":39,"column":4},"end":{"line":41,"column":null}},"type":"if","locations":[{"start":{"line":39,"column":4},"end":{"line":41,"column":null}},{"start":{},"end":{}}]},"1":{"loc":{"start":{"line":46,"column":4},"end":{"line":51,"column":null}},"type":"if","locations":[{"start":{"line":46,"column":4},"end":{"line":51,"column":null}},{"start":{},"end":{}}]},"2":{"loc":{"start":{"line":46,"column":8},"end":{"line":46,"column":39}},"type":"binary-expr","locations":[{"start":{"line":46,"column":8},"end":{"line":46,"column":21}},{"start":{"line":46,"column":21},"end":{"line":46,"column":39}}]},"3":{"loc":{"start":{"line":48,"column":6},"end":{"line":50,"column":null}},"type":"if","locations":[{"start":{"line":48,"column":6},"end":{"line":50,"column":null}},{"start":{},"end":{}}]},"4":{"loc":{"start":{"line":64,"column":6},"end":{"line":68,"column":null}},"type":"if","locations":[{"start":{"line":64,"column":6},"end":{"line":68,"column":null}},{"start":{"line":66,"column":13},"end":{"line":68,"column":null}}]},"5":{"loc":{"start":{"line":70,"column":6},"end":{"line":72,"column":null}},"type":"if","locations":[{"start":{"line":70,"column":6},"end":{"line":72,"column":null}},{"start":{},"end":{}}]},"6":{"loc":{"start":{"line":76,"column":15},"end":{"line":76,"column":null}},"type":"binary-expr","locations":[{"start":{"line":76,"column":15},"end":{"line":76,"column":26}},{"start":{"line":76,"column":30},"end":{"line":76,"column":null}}]},"7":{"loc":{"start":{"line":102,"column":25},"end":{"line":102,"column":null}},"type":"binary-expr","locations":[{"start":{"line":102,"column":25},"end":{"line":102,"column":41}},{"start":{"line":102,"column":41},"end":{"line":102,"column":null}}]},"8":{"loc":{"start":{"line":108,"column":4},"end":{"line":111,"column":null}},"type":"if","locations":[{"start":{"line":108,"column":4},"end":{"line":111,"column":null}},{"start":{},"end":{}}]},"9":{"loc":{"start":{"line":117,"column":23},"end":{"line":117,"column":108}},"type":"cond-expr","locations":[{"start":{"line":117,"column":70},"end":{"line":117,"column":86}},{"start":{"line":117,"column":86},"end":{"line":117,"column":108}}]},"10":{"loc":{"start":{"line":124,"column":25},"end":{"line":124,"column":null}},"type":"binary-expr","locations":[{"start":{"line":124,"column":25},"end":{"line":124,"column":41}},{"start":{"line":124,"column":41},"end":{"line":124,"column":null}}]},"11":{"loc":{"start":{"line":148,"column":2},"end":{"line":156,"column":null}},"type":"if","locations":[{"start":{"line":148,"column":2},"end":{"line":156,"column":null}},{"start":{},"end":{}}]},"12":{"loc":{"start":{"line":158,"column":2},"end":{"line":169,"column":null}},"type":"if","locations":[{"start":{"line":158,"column":2},"end":{"line":169,"column":null}},{"start":{},"end":{}}]},"13":{"loc":{"start":{"line":158,"column":6},"end":{"line":158,"column":25}},"type":"binary-expr","locations":[{"start":{"line":158,"column":6},"end":{"line":158,"column":15}},{"start":{"line":158,"column":15},"end":{"line":158,"column":25}}]},"14":{"loc":{"start":{"line":162,"column":44},"end":{"line":162,"column":null}},"type":"binary-expr","locations":[{"start":{"line":162,"column":44},"end":{"line":162,"column":53}},{"start":{"line":162,"column":53},"end":{"line":162,"column":null}}]},"15":{"loc":{"start":{"line":175,"column":9},"end":{"line":176,"column":null}},"type":"binary-expr","locations":[{"start":{"line":175,"column":9},"end":{"line":175,"column":null}},{"start":{"line":176,"column":10},"end":{"line":176,"column":null}}]},"16":{"loc":{"start":{"line":193,"column":15},"end":{"line":193,"column":null}},"type":"cond-expr","locations":[{"start":{"line":193,"column":30},"end":{"line":193,"column":62}},{"start":{"line":193,"column":65},"end":{"line":193,"column":null}}]},"17":{"loc":{"start":{"line":201,"column":10},"end":{"line":217,"column":null}},"type":"cond-expr","locations":[{"start":{"line":201,"column":10},"end":{"line":217,"column":null}}]},"18":{"loc":{"start":{"line":242,"column":21},"end":{"line":242,"column":null}},"type":"cond-expr","locations":[{"start":{"line":242,"column":36},"end":{"line":242,"column":52}},{"start":{"line":242,"column":52},"end":{"line":242,"column":null}}]},"19":{"loc":{"start":{"line":246,"column":17},"end":{"line":246,"column":null}},"type":"binary-expr","locations":[{"start":{"line":246,"column":17},"end":{"line":246,"column":null}}]}},"s":{"0":0,"1":0,"2":0,"3":0,"4":0,"5":0,"6":0,"7":0,"8":0,"9":0,"10":0,"11":0,"12":0,"13":0,"14":0,"15":0,"16":0,"17":0,"18":0,"19":0,"20":0,"21":0,"22":0,"23":0,"24":0,"25":0,"26":0,"27":0,"28":0,"29":0,"30":0,"31":0,"32":0,"33":0,"34":0,"35":0,"36":0,"37":0,"38":0,"39":0,"40":0,"41":0,"42":0,"43":0,"44":0,"45":0,"46":0,"47":0,"48":0,"49":0,"50":0,"51":0,"52":0,"53":0,"54":0,"55":0,"56":0,"57":0,"58":0,"59":0,"60":0,"61":0,"62":0,"63":0,"64":0,"65":0,"66":0,"67":0,"68":0,"69":0,"70":0,"71":0,"72":0,"73":0,"74":0,"75":0,"76":0,"77":0,"78":0,"79":0,"80":0,"81":0,"82":0,"83":0,"84":0,"85":0,"86":0,"87":0,"88":0,"89":0,"90":0,"91":0,"92":0,"93":0,"94":0,"95":0,"96":0,"97":0,"98":0,"99":0,"100":0},"f":{"0":0,"1":0,"2":0,"3":0,"4":0,"5":0,"6":0,"7":0,"8":0,"9":0,"10":0,"11":0,"12":0,"13":0,"14":0,"15":0,"16":0,"17":0},"b":{"0":[0,0],"1":[0,0],"2":[0,0],"3":[0,0],"4":[0,0],"5":[0,0],"6":[0,0],"7":[0,0],"8":[0,0],"9":[0,0],"10":[0,0],"11":[0,0],"12":[0,0],"13":[0,0],"14":[0,0],"15":[0,0],"16":[0,0],"17":[0],"18":[0,0],"19":[0]}}
,"E:\\work_stuff\\fyp\\cwrite\\src\\app\\dashboard\\search\\layout.tsx": {"path":"E:\\work_stuff\\fyp\\cwrite\\src\\app\\dashboard\\search\\layout.tsx","statementMap":{"0":{"start":{"line":16,"column":24},"end":{"line":16,"column":37}},"1":{"start":{"line":14,"column":13},"end":{"line":14,"column":23}},"2":{"start":{"line":3,"column":13},"end":{"line":3,"column":34}},"3":{"start":{"line":8,"column":13},"end":{"line":8,"column":34}},"4":{"start":{"line":3,"column":34},"end":{"line":6,"column":null}},"5":{"start":{"line":8,"column":34},"end":{"line":12,"column":null}},"6":{"start":{"line":14,"column":23},"end":{"line":14,"column":null}},"7":{"start":{"line":21,"column":2},"end":{"line":21,"column":null}}},"fnMap":{"0":{"name":"SearchLayout","decl":{"start":{"line":16,"column":24},"end":{"line":16,"column":37}},"loc":{"start":{"line":20,"column":1},"end":{"line":22,"column":null}}}},"branchMap":{},"s":{"0":0,"1":0,"2":0,"3":0,"4":0,"5":0,"6":0,"7":0},"f":{"0":0},"b":{}}
,"E:\\work_stuff\\fyp\\cwrite\\src\\app\\dashboard\\search\\page.tsx": {"path":"E:\\work_stuff\\fyp\\cwrite\\src\\app\\dashboard\\search\\page.tsx","statementMap":{"0":{"start":{"line":194,"column":24},"end":{"line":194,"column":null}},"1":{"start":{"line":12,"column":13},"end":{"line":12,"column":23}},"2":{"start":{"line":3,"column":59},"end":{"line":3,"column":null}},"3":{"start":{"line":4,"column":43},"end":{"line":4,"column":null}},"4":{"start":{"line":5,"column":28},"end":{"line":5,"column":null}},"5":{"start":{"line":6,"column":28},"end":{"line":6,"column":null}},"6":{"start":{"line":8,"column":20},"end":{"line":8,"column":null}},"7":{"start":{"line":9,"column":36},"end":{"line":9,"column":null}},"8":{"start":{"line":10,"column":48},"end":{"line":10,"column":null}},"9":{"start":{"line":12,"column":23},"end":{"line":12,"column":null}},"10":{"start":{"line":15,"column":17},"end":{"line":15,"column":null}},"11":{"start":{"line":16,"column":23},"end":{"line":16,"column":null}},"12":{"start":{"line":17,"column":33},"end":{"line":17,"column":null}},"13":{"start":{"line":19,"column":32},"end":{"line":19,"column":null}},"14":{"start":{"line":20,"column":34},"end":{"line":20,"column":null}},"15":{"start":{"line":21,"column":32},"end":{"line":21,"column":null}},"16":{"start":{"line":22,"column":28},"end":{"line":22,"column":null}},"17":{"start":{"line":23,"column":44},"end":{"line":23,"column":null}},"18":{"start":{"line":25,"column":23},"end":{"line":25,"column":null}},"19":{"start":{"line":26,"column":27},"end":{"line":26,"column":null}},"20":{"start":{"line":27,"column":28},"end":{"line":27,"column":null}},"21":{"start":{"line":29,"column":2},"end":{"line":31,"column":null}},"22":{"start":{"line":30,"column":4},"end":{"line":30,"column":null}},"23":{"start":{"line":33,"column":23},"end":{"line":51,"column":null}},"24":{"start":{"line":34,"column":4},"end":{"line":50,"column":null}},"25":{"start":{"line":35,"column":6},"end":{"line":35,"column":null}},"26":{"start":{"line":36,"column":6},"end":{"line":36,"column":null}},"27":{"start":{"line":38,"column":27},"end":{"line":38,"column":null}},"28":{"start":{"line":39,"column":6},"end":{"line":39,"column":null}},"29":{"start":{"line":41,"column":23},"end":{"line":41,"column":null}},"30":{"start":{"line":42,"column":6},"end":{"line":44,"column":null}},"31":{"start":{"line":43,"column":8},"end":{"line":43,"column":null}},"32":{"start":{"line":46,"column":6},"end":{"line":46,"column":null}},"33":{"start":{"line":47,"column":6},"end":{"line":47,"column":null}},"34":{"start":{"line":49,"column":6},"end":{"line":49,"column":null}},"35":{"start":{"line":53,"column":2},"end":{"line":57,"column":null}},"36":{"start":{"line":54,"column":4},"end":{"line":56,"column":null}},"37":{"start":{"line":55,"column":6},"end":{"line":55,"column":null}},"38":{"start":{"line":59,"column":2},"end":{"line":86,"column":null}},"39":{"start":{"line":88,"column":2},"end":{"line":117,"column":null}},"40":{"start":{"line":132,"column":72},"end":{"line":132,"column":99}},"41":{"start":{"line":132,"column":140},"end":{"line":132,"column":169}},"42":{"start":{"line":180,"column":33},"end":{"line":180,"column":null}}},"fnMap":{"0":{"name":"SearchPageContent","decl":{"start":{"line":14,"column":9},"end":{"line":14,"column":null}},"loc":{"start":{"line":14,"column":9},"end":{"line":192,"column":null}}},"1":{"name":"(anonymous_5)","decl":{"start":{"line":29,"column":12},"end":{"line":29,"column":null}},"loc":{"start":{"line":29,"column":12},"end":{"line":31,"column":5}}},"2":{"name":"(anonymous_6)","decl":{"start":{"line":33,"column":35},"end":{"line":33,"column":null}},"loc":{"start":{"line":33,"column":35},"end":{"line":51,"column":5}}},"3":{"name":"(anonymous_7)","decl":{"start":{"line":53,"column":12},"end":{"line":53,"column":null}},"loc":{"start":{"line":53,"column":12},"end":{"line":57,"column":5}}},"4":{"name":"(anonymous_8)","decl":{"start":{"line":132,"column":60},"end":{"line":132,"column":61}},"loc":{"start":{"line":132,"column":72},"end":{"line":132,"column":99}}},"5":{"name":"(anonymous_9)","decl":{"start":{"line":132,"column":128},"end":{"line":132,"column":129}},"loc":{"start":{"line":132,"column":140},"end":{"line":132,"column":169}}},"6":{"name":"(anonymous_10)","decl":{"start":{"line":180,"column":27},"end":{"line":180,"column":33}},"loc":{"start":{"line":180,"column":33},"end":{"line":180,"column":null}}},"7":{"name":"SearchPage","decl":{"start":{"line":194,"column":24},"end":{"line":194,"column":null}},"loc":{"start":{"line":194,"column":24},"end":{"line":210,"column":null}}}},"branchMap":{"0":{"loc":{"start":{"line":25,"column":23},"end":{"line":25,"column":null}},"type":"binary-expr","locations":[{"start":{"line":25,"column":23},"end":{"line":25,"column":48}},{"start":{"line":25,"column":48},"end":{"line":25,"column":null}}]},"1":{"loc":{"start":{"line":26,"column":27},"end":{"line":26,"column":null}},"type":"binary-expr","locations":[{"start":{"line":26,"column":27},"end":{"line":26,"column":58}},{"start":{"line":26,"column":58},"end":{"line":26,"column":null}}]},"2":{"loc":{"start":{"line":39,"column":18},"end":{"line":39,"column":65}},"type":"cond-expr","locations":[{"start":{"line":39,"column":48},"end":{"line":39,"column":63}},{"start":{"line":39,"column":63},"end":{"line":39,"column":65}}]},"3":{"loc":{"start":{"line":42,"column":6},"end":{"line":44,"column":null}},"type":"if","locations":[{"start":{"line":42,"column":6},"end":{"line":44,"column":null}},{"start":{},"end":{}}]},"4":{"loc":{"start":{"line":47,"column":15},"end":{"line":47,"column":null}},"type":"binary-expr","locations":[{"start":{"line":47,"column":15},"end":{"line":47,"column":26}},{"start":{"line":47,"column":30},"end":{"line":47,"column":null}}]},"5":{"loc":{"start":{"line":54,"column":4},"end":{"line":56,"column":null}},"type":"if","locations":[{"start":{"line":54,"column":4},"end":{"line":56,"column":null}},{"start":{},"end":{}}]},"6":{"loc":{"start":{"line":59,"column":2},"end":{"line":86,"column":null}},"type":"if","locations":[{"start":{"line":59,"column":2},"end":{"line":86,"column":null}},{"start":{},"end":{}}]},"7":{"loc":{"start":{"line":59,"column":6},"end":{"line":59,"column":27}},"type":"binary-expr","locations":[{"start":{"line":59,"column":6},"end":{"line":59,"column":18}},{"start":{"line":59,"column":18},"end":{"line":59,"column":27}}]},"8":{"loc":{"start":{"line":88,"column":2},"end":{"line":117,"column":null}},"type":"if","locations":[{"start":{"line":88,"column":2},"end":{"line":117,"column":null}},{"start":{},"end":{}}]},"9":{"loc":{"start":{"line":132,"column":79},"end":{"line":132,"column":99}},"type":"binary-expr","locations":[{"start":{"line":132,"column":79},"end":{"line":132,"column":91}},{"start":{"line":132,"column":95},"end":{"line":132,"column":99}}]},"10":{"loc":{"start":{"line":132,"column":147},"end":{"line":132,"column":169}},"type":"binary-expr","locations":[{"start":{"line":132,"column":147},"end":{"line":132,"column":161}},{"start":{"line":132,"column":165},"end":{"line":132,"column":169}}]},"11":{"loc":{"start":{"line":143,"column":33},"end":{"line":143,"column":null}},"type":"binary-expr","locations":[{"start":{"line":143,"column":33},"end":{"line":143,"column":54}},{"start":{"line":143,"column":54},"end":{"line":143,"column":null}}]},"12":{"loc":{"start":{"line":172,"column":13},"end":{"line":172,"column":null}},"type":"binary-expr","locations":[{"start":{"line":172,"column":13},"end":{"line":172,"column":null}}]}},"s":{"0":0,"1":0,"2":0,"3":0,"4":0,"5":0,"6":0,"7":0,"8":0,"9":0,"10":0,"11":0,"12":0,"13":0,"14":0,"15":0,"16":0,"17":0,"18":0,"19":0,"20":0,"21":0,"22":0,"23":0,"24":0,"25":0,"26":0,"27":0,"28":0,"29":0,"30":0,"31":0,"32":0,"33":0,"34":0,"35":0,"36":0,"37":0,"38":0,"39":0,"40":0,"41":0,"42":0},"f":{"0":0,"1":0,"2":0,"3":0,"4":0,"5":0,"6":0,"7":0},"b":{"0":[0,0],"1":[0,0],"2":[0,0],"3":[0,0],"4":[0,0],"5":[0,0],"6":[0,0],"7":[0,0],"8":[0,0],"9":[0,0],"10":[0,0],"11":[0,0],"12":[0]}}
,"E:\\work_stuff\\fyp\\cwrite\\src\\app\\dashboard\\settings\\page.tsx": {"path":"E:\\work_stuff\\fyp\\cwrite\\src\\app\\dashboard\\settings\\page.tsx","statementMap":{"0":{"start":{"line":6,"column":24},"end":{"line":6,"column":null}},"1":{"start":{"line":4,"column":13},"end":{"line":4,"column":23}},"2":{"start":{"line":1,"column":27},"end":{"line":1,"column":null}},"3":{"start":{"line":4,"column":23},"end":{"line":4,"column":null}},"4":{"start":{"line":7,"column":2},"end":{"line":7,"column":null}}},"fnMap":{"0":{"name":"SettingsPage","decl":{"start":{"line":6,"column":24},"end":{"line":6,"column":null}},"loc":{"start":{"line":6,"column":24},"end":{"line":8,"column":null}}}},"branchMap":{},"s":{"0":0,"1":0,"2":0,"3":0,"4":0},"f":{"0":0},"b":{}}
,"E:\\work_stuff\\fyp\\cwrite\\src\\components\\auth\\AuthLayout.tsx": {"path":"E:\\work_stuff\\fyp\\cwrite\\src\\components\\auth\\AuthLayout.tsx","statementMap":{"0":{"start":{"line":16,"column":16},"end":{"line":16,"column":27}},"1":{"start":{"line":64,"column":0},"end":{"line":64,"column":15}},"2":{"start":{"line":3,"column":23},"end":{"line":3,"column":null}},"3":{"start":{"line":4,"column":17},"end":{"line":4,"column":null}},"4":{"start":{"line":5,"column":36},"end":{"line":5,"column":null}},"5":{"start":{"line":6,"column":19},"end":{"line":6,"column":null}},"6":{"start":{"line":64,"column":15},"end":{"line":64,"column":null}}},"fnMap":{"0":{"name":"AuthLayout","decl":{"start":{"line":16,"column":16},"end":{"line":16,"column":27}},"loc":{"start":{"line":22,"column":18},"end":{"line":62,"column":null}}}},"branchMap":{"0":{"loc":{"start":{"line":20,"column":2},"end":{"line":20,"column":23}},"type":"default-arg","locations":[{"start":{"line":20,"column":19},"end":{"line":20,"column":23}}]},"1":{"loc":{"start":{"line":27,"column":9},"end":{"line":27,"column":null}},"type":"binary-expr","locations":[{"start":{"line":27,"column":9},"end":{"line":27,"column":null}}]}},"s":{"0":0,"1":0,"2":0,"3":0,"4":0,"5":0,"6":0},"f":{"0":0},"b":{"0":[0],"1":[0]}}
,"E:\\work_stuff\\fyp\\cwrite\\src\\components\\auth\\ProtectedRoute.tsx": {"path":"E:\\work_stuff\\fyp\\cwrite\\src\\components\\auth\\ProtectedRoute.tsx","statementMap":{"0":{"start":{"line":14,"column":24},"end":{"line":14,"column":39}},"1":{"start":{"line":3,"column":47},"end":{"line":3,"column":null}},"2":{"start":{"line":4,"column":26},"end":{"line":4,"column":null}},"3":{"start":{"line":6,"column":20},"end":{"line":6,"column":null}},"4":{"start":{"line":19,"column":17},"end":{"line":19,"column":null}},"5":{"start":{"line":20,"column":26},"end":{"line":20,"column":null}},"6":{"start":{"line":21,"column":32},"end":{"line":21,"column":null}},"7":{"start":{"line":22,"column":40},"end":{"line":22,"column":null}},"8":{"start":{"line":24,"column":2},"end":{"line":69,"column":null}},"9":{"start":{"line":25,"column":22},"end":{"line":63,"column":null}},"10":{"start":{"line":26,"column":6},"end":{"line":62,"column":null}},"11":{"start":{"line":27,"column":8},"end":{"line":31,"column":null}},"12":{"start":{"line":28,"column":10},"end":{"line":28,"column":null}},"13":{"start":{"line":29,"column":10},"end":{"line":29,"column":null}},"14":{"start":{"line":30,"column":10},"end":{"line":30,"column":null}},"15":{"start":{"line":34,"column":22},"end":{"line":34,"column":null}},"16":{"start":{"line":35,"column":8},"end":{"line":40,"column":null}},"17":{"start":{"line":36,"column":10},"end":{"line":36,"column":null}},"18":{"start":{"line":37,"column":10},"end":{"line":37,"column":null}},"19":{"start":{"line":38,"column":10},"end":{"line":38,"column":null}},"20":{"start":{"line":39,"column":10},"end":{"line":39,"column":null}},"21":{"start":{"line":42,"column":8},"end":{"line":42,"column":null}},"22":{"start":{"line":43,"column":8},"end":{"line":43,"column":null}},"23":{"start":{"line":44,"column":8},"end":{"line":44,"column":null}},"24":{"start":{"line":47,"column":25},"end":{"line":47,"column":null}},"25":{"start":{"line":48,"column":8},"end":{"line":48,"column":null}},"26":{"start":{"line":49,"column":8},"end":{"line":49,"column":null}},"27":{"start":{"line":50,"column":8},"end":{"line":50,"column":null}},"28":{"start":{"line":52,"column":8},"end":{"line":52,"column":null}},"29":{"start":{"line":53,"column":8},"end":{"line":59,"column":null}},"30":{"start":{"line":55,"column":10},"end":{"line":55,"column":null}},"31":{"start":{"line":56,"column":10},"end":{"line":56,"column":null}},"32":{"start":{"line":57,"column":10},"end":{"line":57,"column":null}},"33":{"start":{"line":58,"column":10},"end":{"line":58,"column":null}},"34":{"start":{"line":61,"column":8},"end":{"line":61,"column":null}},"35":{"start":{"line":66,"column":4},"end":{"line":68,"column":null}},"36":{"start":{"line":67,"column":6},"end":{"line":67,"column":null}},"37":{"start":{"line":72,"column":2},"end":{"line":78,"column":null}},"38":{"start":{"line":82,"column":2},"end":{"line":84,"column":null}},"39":{"start":{"line":83,"column":4},"end":{"line":83,"column":null}},"40":{"start":{"line":86,"column":2},"end":{"line":86,"column":null}}},"fnMap":{"0":{"name":"ProtectedRoute","decl":{"start":{"line":14,"column":24},"end":{"line":14,"column":39}},"loc":{"start":{"line":18,"column":22},"end":{"line":87,"column":null}}},"1":{"name":"(anonymous_2)","decl":{"start":{"line":24,"column":12},"end":{"line":24,"column":null}},"loc":{"start":{"line":24,"column":12},"end":{"line":69,"column":5}}},"2":{"name":"(anonymous_3)","decl":{"start":{"line":25,"column":22},"end":{"line":25,"column":null}},"loc":{"start":{"line":25,"column":22},"end":{"line":63,"column":null}}}},"branchMap":{"0":{"loc":{"start":{"line":16,"column":2},"end":{"line":16,"column":20}},"type":"default-arg","locations":[{"start":{"line":16,"column":16},"end":{"line":16,"column":20}}]},"1":{"loc":{"start":{"line":17,"column":2},"end":{"line":17,"column":28}},"type":"default-arg","locations":[{"start":{"line":17,"column":15},"end":{"line":17,"column":28}}]},"2":{"loc":{"start":{"line":27,"column":8},"end":{"line":31,"column":null}},"type":"if","locations":[{"start":{"line":27,"column":8},"end":{"line":31,"column":null}},{"start":{},"end":{}}]},"3":{"loc":{"start":{"line":35,"column":8},"end":{"line":40,"column":null}},"type":"if","locations":[{"start":{"line":35,"column":8},"end":{"line":40,"column":null}},{"start":{},"end":{}}]},"4":{"loc":{"start":{"line":53,"column":8},"end":{"line":59,"column":null}},"type":"if","locations":[{"start":{"line":53,"column":8},"end":{"line":59,"column":null}},{"start":{},"end":{}}]},"5":{"loc":{"start":{"line":66,"column":4},"end":{"line":68,"column":null}},"type":"if","locations":[{"start":{"line":66,"column":4},"end":{"line":68,"column":null}},{"start":{},"end":{}}]},"6":{"loc":{"start":{"line":72,"column":2},"end":{"line":78,"column":null}},"type":"if","locations":[{"start":{"line":72,"column":2},"end":{"line":78,"column":null}},{"start":{},"end":{}}]},"7":{"loc":{"start":{"line":72,"column":6},"end":{"line":72,"column":31}},"type":"binary-expr","locations":[{"start":{"line":72,"column":6},"end":{"line":72,"column":17}},{"start":{"line":72,"column":17},"end":{"line":72,"column":31}}]},"8":{"loc":{"start":{"line":82,"column":2},"end":{"line":84,"column":null}},"type":"if","locations":[{"start":{"line":82,"column":2},"end":{"line":84,"column":null}},{"start":{},"end":{}}]},"9":{"loc":{"start":{"line":82,"column":6},"end":{"line":82,"column":28}},"type":"binary-expr","locations":[{"start":{"line":82,"column":6},"end":{"line":82,"column":21}},{"start":{"line":82,"column":21},"end":{"line":82,"column":28}}]}},"s":{"0":1,"1":1,"2":1,"3":1,"4":6,"5":6,"6":6,"7":6,"8":6,"9":6,"10":3,"11":3,"12":0,"13":0,"14":0,"15":3,"16":3,"17":1,"18":1,"19":1,"20":1,"21":2,"22":2,"23":2,"24":2,"25":1,"26":1,"27":1,"28":1,"29":1,"30":1,"31":1,"32":1,"33":1,"34":3,"35":6,"36":3,"37":6,"38":3,"39":2,"40":1},"f":{"0":6,"1":6,"2":3},"b":{"0"
[...]
"end":{"line":46,"column":null}},"18":{"start":{"line":47,"column":20},"end":{"line":47,"column":null}},"19":{"start":{"line":48,"column":18},"end":{"line":48,"column":null}},"20":{"start":{"line":50,"column":20},"end":{"line":50,"column":null}},"21":{"start":{"line":51,"column":4},"end":{"line":57,"column":null}},"22":{"start":{"line":52,"column":6},"end":{"line":52,"column":null}},"23":{"start":{"line":53,"column":6},"end":{"line":55,"column":null}},"24":{"start":{"line":60,"column":2},"end":{"line":60,"column":null}},"25":{"start":{"line":71,"column":2},"end":{"line":73,"column":null}},"26":{"start":{"line":72,"column":4},"end":{"line":72,"column":null}},"27":{"start":{"line":75,"column":56},"end":{"line":75,"column":null}},"28":{"start":{"line":76,"column":36},"end":{"line":76,"column":38}},"29":{"start":{"line":78,"column":2},"end":{"line":91,"column":null}},"30":{"start":{"line":79,"column":18},"end":{"line":79,"column":null}},"31":{"start":{"line":80,"column":20},"end":{"line":80,"column":null}},"32":{"start":{"line":81,"column":18},"end":{"line":81,"column":null}},"33":{"start":{"line":84,"column":4},"end":{"line":90,"column":null}},"34":{"start":{"line":85,"column":6},"end":{"line":89,"column":null}},"35":{"start":{"line":94,"column":2},"end":{"line":94,"column":null}},"36":{"start":{"line":94,"column":32},"end":{"line":94,"column":49}},"37":{"start":{"line":104,"column":25},"end":{"line":104,"column":null}},"38":{"start":{"line":106,"column":2},"end":{"line":119,"column":null}},"39":{"start":{"line":107,"column":4},"end":{"line":110,"column":null}},"40":{"start":{"line":113,"column":4},"end":{"line":113,"column":null}},"41":{"start":{"line":114,"column":4},"end":{"line":116,"column":null}},"42":{"start":{"line":115,"column":6},"end":{"line":115,"column":null}},"43":{"start":{"line":118,"column":4},"end":{"line":118,"column":null}},"44":{"start":{"line":121,"column":2},"end":{"line":121,"column":null}},"45":{"start":{"line":140,"column":6},"end":{"line":140,"column":null}},"46":{"start":{"line":142,"column":18},"end":{"line":142,"column":null}},"47":{"start":{"line":143,"column":2},"end":{"line":145,"column":null}},"48":{"start":{"line":144,"column":4},"end":{"line":144,"column":null}},"49":{"start":{"line":147,"column":29},"end":{"line":147,"column":31}},"50":{"start":{"line":148,"column":16},"end":{"line":148,"column":null}},"51":{"start":{"line":150,"column":2},"end":{"line":170,"column":null}},"52":{"start":{"line":150,"column":15},"end":{"line":150,"column":18}},"53":{"start":{"line":151,"column":18},"end":{"line":151,"column":28}},"54":{"start":{"line":152,"column":18},"end":{"line":152,"column":null}},"55":{"start":{"line":153,"column":16},"end":{"line":153,"column":null}},"56":{"start":{"line":156,"column":4},"end":{"line":167,"column":null}},"57":{"start":{"line":158,"column":6},"end":{"line":164,"column":null}},"58":{"start":{"line":159,"column":31},"end":{"line":159,"column":67}},"59":{"start":{"line":160,"column":8},"end":{"line":162,"column":null}},"60":{"start":{"line":166,"column":6},"end":{"line":166,"column":null}},"61":{"start":{"line":169,"column":4},"end":{"line":169,"column":null}},"62":{"start":{"line":172,"column":2},"end":{"line":172,"column":null}},"63":{"start":{"line":179,"column":2},"end":{"line":179,"column":null}},"64":{"start":{"line":186,"column":18},"end":{"line":186,"column":null}},"65":{"start":{"line":187,"column":2},"end":{"line":187,"column":null}},"66":{"start":{"line":187,"column":16},"end":{"line":187,"column":null}},"67":{"start":{"line":189,"column":2},"end":{"line":192,"column":null}},"68":{"start":{"line":190,"column":22},"end":{"line":190,"column":null}},"69":{"start":{"line":191,"column":4},"end":{"line":191,"column":null}},"70":{"start":{"line":199,"column":2},"end":{"line":199,"column":null}},"71":{"start":{"line":206,"column":14},"end":{"line":206,"column":null}},"72":{"start":{"line":207,"column":2},"end":{"line":207,"column":null}},"73":{"start":{"line":208,"column":2},"end":{"line":208,"column":null}},"74":{"start":{"line":215,"column":14},"end":{"line":215,"column":null}},"75":{"start":{"line":216,"column":2},"end":{"line":216,"column":null}},"76":{"start":{"line":217,"column":2},"end":{"line":217,"column":null}},"77":{"start":{"line":228,"column":2},"end":{"line":230,"column":null}},"78":{"start":{"line":229,"column":4},"end":{"line":229,"column":null}},"79":{"start":{"line":232,"column":26},"end":{"line":232,"column":null}},"80":{"start":{"line":233,"column":24},"end":{"line":233,"column":null}},"81":{"start":{"line":235,"column":2},"end":{"line":235,"column":null}}},"fnMap":{"0":{"name":"highlightText","decl":{"start":{"line":21,"column":16},"end":{"line":21,"column":null}},"loc":{"start":{"line":24,"column":32},"end":{"line":61,"column":null}}},"1":{"name":"(anonymous_9)","decl":{"start":{"line":41,"column":44},"end":{"line":41,"column":45}},"loc":{"start":{"line":41,"column":54},"end":{"line":41,"column":73}}},"2":{"name":"findHighlightMatches","decl":{"start":{"line":66,"column":16},"end":{"line":66,"column":null}},"loc":{"start":{"line":69,"column":65},"end":{"line":95,"column":null}}},"3":{"name":"(anonymous_11)","decl":{"start":{"line":94,"column":22},"end":{"line":94,"column":23}},"loc":{"start":{"line":94,"column":32},"end":{"line":94,"column":49}}},"4":{"name":"scrollToFirstHighlight","decl":{"start":{"line":100,"column":16},"end":{"line":100,"column":null}},"loc":{"start":{"line":102,"column":76},"end":{"line":122,"column":null}}},"5":{"name":"(anonymous_13)","decl":{"start":{"line":114,"column":15},"end":{"line":114,"column":null}},"loc":{"start":{"line":114,"column":15},"end":{"line":116,"column":7}}},"6":{"name":"createContextSnippet","decl":{"start":{"line":127,"column":16},"end":{"line":127,"column":null}},"loc":{"start":{"line":134,"column":8},"end":{"line":173,"column":null}}},"7":{"name":"removeHighlights","decl":{"start":{"line":178,"column":16},"end":{"line":178,"column":33}},"loc":{"start":{"line":178,"column":45},"end":{"line":180,"column":null}}},"8":{"name":"getHighlightedTerms","decl":{"start":{"line":185,"column":16},"end":{"line":185,"column":36}},"loc":{"start":{"line":185,"column":48},"end":{"line":193,"column":null}}},"9":{"name":"(anonymous_17)","decl":{"start":{"line":189,"column":21},"end":{"line":189,"column":null}},"loc":{"start":{"line":189,"column":21},"end":{"line":192,"column":5}}},"10":{"name":"escapeRegExp","decl":{"start":{"line":198,"column":9},"end":{"line":198,"column":22}},"loc":{"start":{"line":198,"column":36},"end":{"line":200,"column":null}}},"11":{"name":"escapeHtml","decl":{"start":{"line":205,"column":9},"end":{"line":205,"column":20}},"loc":{"start":{"line":205,"column":32},"end":{"line":209,"column":null}}},"12":{"name":"unescapeHtml","decl":{"start":{"line":214,"column":9},"end":{"line":214,"column":22}},"loc":{"start":{"line":214,"column":34},"end":{"line":218,"column":null}}},"13":{"name":"useTextHighlighting","decl":{"start":{"line":223,"column":16},"end":{"line":223,"column":null}},"loc":{"start":{"line":226,"column":32},"end":{"line":236,"column":null}}}},"branchMap":{"0":{"loc":{"start":{"line":24,"column":2},"end":{"line":24,"column":32}},"type":"default-arg","locations":[{"start":{"line":24,"column":30},"end":{"line":24,"column":32}}]},"1":{"loc":{"start":{"line":26,"column":2},"end":{"line":28,"column":null}},"type":"if","locations":[{"start":{"line":26,"column":2},"end":{"line":28,"column":null}},{"start":{},"end":{}}]},"2":{"loc":{"start":{"line":26,"column":6},"end":{"line":26,"column":57}},"type":"binary-expr","locations":[{"start":{"line":26,"column":6},"end":{"line":26,"column":15}},{"start":{"line":26,"column":15},"end":{"line":26,"column":31}},{"start":{"line":26,"column":31},"end":{"line":26,"column":57}}]},"3":{"loc":{"start":{"line":31,"column":4},"end":{"line":31,"column":72}},"type":"default-arg","locations":[{"start":{"line":31,"column":16},"end":{"line":31,"column":72}}]},"4":{"loc":{"start":{"line":32,"column":4},"end":{"line":32,"column":25}},"type":"default-arg","locations":[{"start":{"line":32,"column":20},"end":{"line":32,"column":25}}]},"5":{"loc":{"start":{"line":33,"column":4},"end":{"line":33,"column":22}},"type":"default-arg","locations":[{"start":{"line":33,"column":17},"end":{"line":33,"column":22}}]},"6":{"loc":{"start":{"line":34,"column":4},"end":{"line":34,"column":22}},"type":"default-arg","locations":[{"start":{"line":34,"column":20},"end":{"line":34,"column":22}}]},"7":{"loc":{"start":{"line":44,"column":4},"end":{"line":44,"column":null}},"type":"if","locations":[{"start":{"line":44,"column":4},"end":{"line":44,"column":null}},{"start":{},"end":{}}]},"8":{"loc":{"start":{"line":46,"column":18},"end":{"line":46,"column":null}},"type":"cond-expr","locations":[{"start":{"line":46,"column":34},"end":{"line":46,"column":40}},{"start":{"line":46,"column":40},"end":{"line":46,"column":null}}]},"9":{"loc":{"start":{"line":47,"column":20},"end":{"line":47,"column":null}},"type":"cond-expr","locations":[{"start":{"line":47,"column":33},"end":{"line":47,"column":62}},{"start":{"line":47,"column":65},"end":{"line":47,"column":null}}]},"10":{"loc":{"start":{"line":51,"column":4},"end":{"line":57,"column":null}},"type":"if","locations":[{"start":{"line":51,"column":4},"end":{"line":57,"column":null}},{"start":{},"end":{}}]},"11":{"loc":{"start":{"line":69,"column":2},"end":{"line":69,"column":65}},"type":"default-arg","locations":[{"start":{"line":69,"column":63},"end":{"line":69,"column":65}}]},"12":{"loc":{"start":{"line":71,"column":2},"end":{"line":73,"column":null}},"type":"if","locations":[{"start":{"line":71,"column":2},"end":{"line":73,"column":null}},{"start":{},"end":{}}]},"13":{"loc":{"start":{"line":71,"column":6},"end":{"line":71,"column":57}},"type":"binary-expr","locations":[{"start":{"line":71,"column":6},"end":{"line":71,"column":15}},{"start":{"line":71,"column":15},"end":{"line":71,"column":31}},{"start":{"line":71,"column":31},"end":{"line":71,"column":57}}]},"14":{"loc":{"start":{"line":75,"column":10},"end":{"line":75,"column":31}},"type":"default-arg","locations":[{"start":{"line":75,"column":26},"end":{"line":75,"column":31}}]},"15":{"loc":{"start":{"line":75,"column":33},"end":{"line":75,"column":51}},"type":"default-arg","locations":[{"start":{"line":75,"column":46},"end":{"line":75,"column":51}}]},"16":{"loc":{"start":{"line":79,"column":18},"end":{"line":79,"column":null}},"type":"cond-expr","locations":[{"start":{"line":79,"column":34},"end":{"line":79,"column":40}},{"start":{"line":79,"column":40},"end":{"line":79,"column":null}}]},"17":{"loc":{"start":{"line":80,"column":20},"end":{"line":80,"column":null}},"type":"cond-expr","locations":[{"start":{"line":80,"column":33},"end":{"line":80,"column":62}},{"start":{"line":80,"column":65},"end":{"line":80,"column":null}}]},"18":{"loc":{"start":{"line":102,"column":2},"end":{"line":102,"column":76}},"type":"default-arg","locations":[{"start":{"line":102,"column":74},"end":{"line":102,"column":76}}]},"19":{"loc":{"start":{"line":106,"column":2},"end":{"line":119,"column":null}},"type":"if","locations":[{"start":{"line":106,"column":2},"end":{"line":119,"column":null}},{"start":{},"end":{}}]},"20":{"loc":{"start":{"line":108,"column":16},"end":{"line":108,"column":null}},"type":"binary-expr","locations":[{"start":{"line":108,"column":16},"end":{"line":108,"column":32}},{"start":{"line":108,"column":36},"end":{"line":108,"column":null}}]},"21":{"loc":{"start":{"line":109,"column":13},"end":{"line":109,"column":null}},"type":"binary-expr","locations":[{"start":{"line":109,"column":13},"end":{"line":109,"column":26}},{"start":{"line":109,"column":30},"end":{"line":109,"column":null}}]},"22":{"loc":{"start":{"line":130,"column":2},"end":{"line":134,"column":8}},"type":"default-arg","locations":[{"start":{"line":134,"column":6},"end":{"line":134,"column":8}}]},"23":{"loc":{"start":{"line":137,"column":4},"end":{"line":137,"column":23}},"type":"default-arg","locations":[{"start":{"line":137,"column":20},"end":{"line":137,"column":23}}]},"24":{"loc":{"start":{"line":138,"column":4},"end":{"line":138,"column":19}},"type":"default-arg","locations":[{"start":{"line":138,"column":18},"end":{"line":138,"column":19}}]},"25":{"loc":{"start":{"line":139,"column":4},"end":{"line":139,"column":23}},"type":"default-arg","locations":[{"start":{"line":139,"column":16},"end":{"line":139,"column":23}}]},"26":{"loc":{"start":{"line":143,"column":2},"end":{"line":145,"column":null}},"type":"if","locations":[{"start":{"line":143,"column":2},"end":{"line":145,"column":null}},{"start":{},"end":{}}]},"27":{"loc":{"start":{"line":156,"column":4},"end":{"line":167,"column":null}},"type":"if","locations":[{"start":{"line":156,"column":4},"end":{"line":167,"column":null}},{"start":{"line":165,"column":11},"end":{"line":167,"column":null}}]},"28":{"loc":{"start":{"line":158,"column":6},"end":{"line":164,"column":null}},"type":"if","locations":[{"start":{"line":158,"column":6},"end":{"line":164,"column":null}},{"start":{},"end":{}}]},"29":{"loc":{"start":{"line":187,"column":2},"end":{"line":187,"column":null}},"type":"if","locations":[{"start":{"line":187,"column":2},"end":{"line":187,"column":null}},{"start":{},"end":{}}]},"30":{"loc":{"start":{"line":191,"column":11},"end":{"line":191,"column":null}},"type":"cond-expr","locations":[{"start":{"line":191,"column":23},"end":{"line":191,"column":52}},{"start":{"line":191,"column":52},"end":{"line":191,"column":null}}]},"31":{"loc":{"start":{"line":217,"column":9},"end":{"line":217,"column":null}},"type":"binary-expr","locations":[{"start":{"line":217,"column":9},"end":{"line":217,"column":24}},{"start":{"line":217,"column":28},"end":{"line":217,"column":41}},{"start":{"line":217,"column":45},"end":{"line":217,"column":null}}]},"32":{"loc":{"start":{"line":226,"column":2},"end":{"line":226,"column":32}},"type":"default-arg","locations":[{"start":{"line":226,"column":30},"end":{"line":226,"column":32}}]},"33":{"loc":{"start":{"line":228,"column":2},"end":{"line":230,"column":null}},"type":"if","locations":[{"start":{"line":228,"column":2},"end":{"line":230,"column":null}},{"start":{},"end":{}}]},"34":{"loc":{"start":{"line":228,"column":6},"end":{"line":228,"column":48}},"type":"binary-expr","locations":[{"start":{"line":228,"column":6},"end":{"line":228,"column":22}},{"start":{"line":228,"column":22},"end":{"line":228,"column":48}}]}},"s":{"0":2,"1":5,"2":3,"3":7,"4":3,"5":0,"6":0,"7":7,"8":2,"9":5,"10":5,"11":5,"12":5,"13":2,"14":5,"15":7,"16":1,"17":6,"18":6,"19":6,"20":6,"21":6,"22":5,"23":5,"24":5,"25":7,"26":1,"27":6,"28":6,"29":6,"30":7,"31":7,"32":7,"33":7,"34":7,"35":6,"36":2,"37":0,"38":0,"39":0,"40":0,"41":0,"42":0,"43":0,"44":0,"45":2,"46":2,"47":2,"48":1,"49":1,"50":1,"51":1,"52":1,"53":1,"54":1,"55":1,"56":1,"57":0,"58":0,"59":0,"60":1,"61":1,"62":1,"63":3,"64":3,"65":3,"66":1,"67":2,"68":3,"69":3,"70":13,"71":5,"72":5,"73":5,"74":3,"75":3,"76":3,"77":0,"78":0,"79":0,"80":0,"81":0},"f":{"0":7,"1":2,"2":7,"3":2,"4":0,"5":0,"6":2,"7":3,"8":3,"9":3,"10":13,"11":5,"12":3,"13":0},"b":{"0":[5],"1":[2,5],"2":[7,6,6],"3":[5],"4":[4],"5":[5],"6":[4],"7":[1,6],"8":[1,5],"9":[0,6],"10":[5,1],"11":[7],"12":[1,6],"13":[7,7,7],"14":[6],"15":[6],"16":[0,7],"17":[0,7],"18":[0],"19":[0,0],"20":[0,0],"21":[0,0],"22":[1],"23":[1],"24":[2],"25":[2],"26":[1,1],"27":[0,1],"28":[0,0],"29":[1,2],"30":[3,0],"31":[3,0,0],"32":[0],"33":[0,0],"34":[0,0]}}
,"E:\\work_stuff\\fyp\\cwrite\\src\\lib\\theme-config.ts": {"path":"E:\\work_stuff\\fyp\\cwrite\\src\\lib\\theme-config.ts","statementMap":{"0":{"start":{"line":137,"column":13},"end":{"line":137,"column":38}},"1":{"start":{"line":70,"column":13},"end":{"line":70,"column":39}},"2":{"start":{"line":163,"column":13},"end":{"line":163,"column":22}},"3":{"start":{"line":70,"column":39},"end":{"line":135,"column":null}},"4":{"start":{"line":137,"column":38},"end":{"line":161,"column":null}},"5":{"start":{"line":163,"column":22},"end":{"line":166,"column":null}}},"fnMap":{},"branchMap":{},"s":{"0":0,"1":0,"2":0,"3":0,"4":0,"5":0},"f":{},"b":{}}
,"E:\\work_stuff\\fyp\\cwrite\\src\\lib\\utils.ts": {"path":"E:\\work_stuff\\fyp\\cwrite\\src\\lib\\utils.ts","statementMap":{"0":{"start":{"line":4,"column":16},"end":{"line":4,"column":19}},"1":{"start":{"line":36,"column":16},"end":{"line":36,"column":null}},"2":{"start":{"line":8,"column":16},"end":{"line":8,"column":27}},"3":{"start":{"line":17,"column":16},"end":{"line":17,"column":31}},"4":{"start":{"line":32,"column":16},"end":{"line":32,"column":null}},"5":{"start":{"line":27,"column":16},"end":{"line":27,"column":29}},"6":{"start":{"line":1,"column":38},"end":{"line":1,"column":null}},"7":{"start":{"line":2,"column":24},"end":{"line":2,"column":null}},"8":{"start":{"line":5,"column":2},"end":{"line":5,"column":null}},"9":{"start":{"line":9,"column":12},"end":{"line":9,"column":null}},"10":{"start":{"line":10,"column":2},"end":{"line":14,"column":null}},"11":{"start":{"line":18,"column":2},"end":{"line":18,"column":null}},"12":{"start":{"line":18,"column":19},"end":{"line":18,"column":null}},"13":{"start":{"line":20,"column":12},"end":{"line":20,"column":null}},"14":{"start":{"line":21,"column":16},"end":{"line":21,"column":null}},"15":{"start":{"line":22,"column":12},"end":{"line":22,"column":null}},"16":{"start":{"line":24,"column":2},"end":{"line":24,"column":null}},"17":{"start":{"line":28,"column":2},"end":{"line":28,"column":null}},"18":{"start":{"line":28,"column":32},"end":{"line":28,"column":null}},"19":{"start":{"line":29,"column":2},"end":{"line":29,"column":null}},"20":{"start":{"line":33,"column":2},"end":{"line":33,"column":null}},"21":{"start":{"line":41,"column":2},"end":{"line":44,"column":null}},"22":{"start":{"line":42,"column":4},"end":{"line":42,"column":null}},"23":{"start":{"line":43,"column":4},"end":{"line":43,"column":null}},"24":{"start":{"line":43,"column":31},"end":{"line":43,"column":46}}},"fnMap":{"0":{"name":"cn","decl":{"start":{"line":4,"column":16},"end":{"line":4,"column":19}},"loc":{"start":{"line":4,"column":42},"end":{"line":6,"column":null}}},"1":{"name":"formatDate","decl":{"start":{"line":8,"column":16},"end":{"line":8,"column":27}},"loc":{"start":{"line":8,"column":46},"end":{"line":15,"column":null}}},"2":{"name":"formatFileSize","decl":{"start":{"line":17,"column":16},"end":{"line":17,"column":31}},"loc":{"start":{"line":17,"column":44},"end":{"line":25,"column":null}}},"3":{"name":"truncateText","decl":{"start":{"line":27,"column":16},"end":{"line":27,"column":29}},"loc":{"start":{"line":27,"column":60},"end":{"line":30,"column":null}}},"4":{"name":"generateId","decl":{"start":{"line":32,"column":16},"end":{"line":32,"column":null}},"loc":{"start":{"line":32,"column":16},"end":{"line":34,"column":null}}},"5":{"name":"debounce","decl":{"start":{"line":36,"column":16},"end":{"line":36,"column":null}},"loc":{"start":{"line":38,"column":14},"end":{"line":45,"column":null}}},"6":{"name":"(anonymous_13)","decl":{"start":{"line":41,"column":9},"end":{"line":41,"column":10}},"loc":{"start":{"line":41,"column":13},"end":{"line":44,"column":null}}},"7":{"name":"(anonymous_14)","decl":{"start":{"line":43,"column":25},"end":{"line":43,"column":31}},"loc":{"start":{"line":43,"column":31},"end":{"line":43,"column":46}}}},"branchMap":{"0":{"loc":{"start":{"line":18,"column":2},"end":{"line":18,"column":null}},"type":"if","locations":[{"start":{"line":18,"column":2},"end":{"line":18,"column":null}},{"start":{},"end":{}}]},"1":{"loc":{"start":{"line":28,"column":2},"end":{"line":28,"column":null}},"type":"if","locations":[{"start":{"line":28,"column":2},"end":{"line":28,"column":null}},{"start":{},"end":{}}]}},"s":{"0":48,"1":3,"2":2,"3":5,"4":102,"5":3,"6":5,"7":5,"8":48,"9":2,"10":2,"11":5,"12":1,"13":4,"14":4,"15":4,"16":4,"17":3,"18":2,"19":1,"20":102,"21":3,"22":5,"23":5,"24":3},"f":{"0":48,"1":2,"2":5,"3":3,"4":102,"5":3,"6":5,"7":3},"b":{"0":[1,4],"1":[2,1]}}
}
