TN:
SF:src\app\not-found.tsx
FN:6,NotFound
FN:50,(anonymous_3)
FN:72,(anonymous_4)
FNF:3
FNH:0
FNDA:0,NotFound
FNDA:0,(anonymous_3)
FNDA:0,(anonymous_4)
DA:3,0
DA:4,0
DA:6,0
DA:7,0
DA:50,0
DA:73,0
LF:6
LH:0
BRF:0
BRH:0
end_of_record
TN:
SF:src\app\page.tsx
FN:8,HomePage
FN:30,(anonymous_3)
FN:54,(anonymous_4)
FN:60,(anonymous_5)
FN:162,(anonymous_6)
FNF:5
FNH:0
FNDA:0,HomePage
FNDA:0,(anonymous_3)
FNDA:0,(anonymous_4)
FNDA:0,(anonymous_5)
FNDA:0,(anonymous_6)
DA:3,0
DA:4,0
DA:5,0
DA:6,0
DA:8,0
DA:9,0
DA:30,0
DA:54,0
DA:61,0
DA:62,0
DA:162,0
LF:11
LH:0
BRDA:62,0,0,0
BRDA:62,0,1,0
BRF:2
BRH:0
end_of_record
TN:
SF:src\app\auth\forgot-password\page.tsx
FN:7,ForgotPasswordPage
FN:13,(anonymous_3)
FN:22,(anonymous_4)
FN:64,(anonymous_5)
FN:131,(anonymous_6)
FNF:5
FNH:0
FNDA:0,ForgotPasswordPage
FNDA:0,(anonymous_3)
FNDA:0,(anonymous_4)
FNDA:0,(anonymous_5)
FNDA:0,(anonymous_6)
DA:3,0
DA:4,0
DA:5,0
DA:7,0
DA:8,0
DA:9,0
DA:10,0
DA:11,0
DA:13,0
DA:14,0
DA:15,0
DA:16,0
DA:18,0
DA:20,0
DA:22,0
DA:23,0
DA:25,0
DA:27,0
DA:31,0
DA:65,0
DA:66,0
DA:131,0
LF:22
LH:0
BRDA:31,0,0,0
BRDA:31,0,1,0
BRDA:109,1,0,0
BRDA:144,2,0,0
BRDA:144,2,1,0
BRF:5
BRH:0
end_of_record
TN:
SF:src\app\auth\login\page.tsx
FN:9,LoginForm
FN:21,(anonymous_3)
FN:28,(anonymous_4)
FN:76,(anonymous_5)
FN:80,(anonymous_6)
FN:211,LoginPage
FNF:6
FNH:0
FNDA:0,LoginForm
FNDA:0,(anonymous_3)
FNDA:0,(anonymous_4)
FNDA:0,(anonymous_5)
FNDA:0,(anonymous_6)
FNDA:0,LoginPage
DA:3,0
DA:4,0
DA:5,0
DA:6,0
DA:7,0
DA:10,0
DA:11,0
DA:12,0
DA:17,0
DA:18,0
DA:19,0
DA:21,0
DA:22,0
DA:23,0
DA:24,0
DA:28,0
DA:29,0
DA:31,0
DA:32,0
DA:33,0
DA:36,0
DA:37,0
DA:39,0
DA:40,0
DA:52,0
DA:54,0
DA:55,0
DA:56,0
DA:59,0
DA:60,0
DA:61,0
DA:62,0
DA:66,0
DA:69,0
DA:70,0
DA:72,0
DA:76,0
DA:77,0
DA:78,0
DA:80,0
DA:85,0
DA:211,0
LF:42
LH:0
BRDA:23,0,0,0
BRDA:23,0,1,0
BRDA:31,1,0,0
BRDA:31,1,1,0
BRDA:31,2,0,0
BRDA:31,2,1,0
BRDA:54,3,0,0
BRDA:54,3,1,0
BRDA:55,4,0,0
BRDA:55,4,1,0
BRDA:59,5,0,0
BRDA:59,5,1,0
BRDA:59,6,0,0
BRDA:59,6,1,0
BRDA:61,7,0,0
BRDA:61,7,1,0
BRDA:78,8,0,0
BRDA:78,8,1,0
BRDA:85,9,0,0
BRDA:85,9,1,0
BRDA:94,10,0,0
BRDA:102,11,0,0
BRDA:185,12,0,0
BRF:23
BRH:0
end_of_record
TN:
SF:src\app\auth\register\page.tsx
FN:9,RegisterPage
FN:22,(anonymous_3)
FN:55,(anonymous_4)
FN:97,(anonymous_5)
FN:101,(anonymous_6)
FN:107,(anonymous_7)
FNF:6
FNH:0
FNDA:0,RegisterPage
FNDA:0,(anonymous_3)
FNDA:0,(anonymous_4)
FNDA:0,(anonymous_5)
FNDA:0,(anonymous_6)
FNDA:0,(anonymous_7)
DA:3,0
DA:4,0
DA:5,0
DA:6,0
DA:7,0
DA:9,0
DA:10,0
DA:11,0
DA:18,0
DA:19,0
DA:20,0
DA:22,0
DA:23,0
DA:25,0
DA:26,0
DA:29,0
DA:30,0
DA:33,0
DA:34,0
DA:35,0
DA:36,0
DA:37,0
DA:38,0
DA:39,0
DA:40,0
DA:43,0
DA:44,0
DA:47,0
DA:48,0
DA:51,0
DA:52,0
DA:55,0
DA:56,0
DA:58,0
DA:59,0
DA:62,0
DA:63,0
DA:65,0
DA:66,0
DA:80,0
DA:82,0
DA:83,0
DA:84,0
DA:87,0
DA:90,0
DA:91,0
DA:93,0
DA:97,0
DA:98,0
DA:99,0
DA:101,0
DA:106,0
DA:107,0
DA:108,0
DA:109,0
DA:110,0
DA:114,0
LF:57
LH:0
BRDA:25,0,0,0
BRDA:25,0,1,0
BRDA:25,1,0,0
BRDA:25,1,1,0
BRDA:29,2,0,0
BRDA:29,2,1,0
BRDA:29,3,0,0
BRDA:29,3,1,0
BRDA:33,4,0,0
BRDA:33,4,1,0
BRDA:33,5,0,0
BRDA:33,5,1,0
BRDA:35,6,0,0
BRDA:35,6,1,0
BRDA:37,7,0,0
BRDA:37,7,1,0
BRDA:39,8,0,0
BRDA:39,8,1,0
BRDA:43,9,0,0
BRDA:43,9,1,0
BRDA:47,10,0,0
BRDA:47,10,1,0
BRDA:58,11,0,0
BRDA:58,11,1,0
BRDA:82,12,0,0
BRDA:82,12,1,0
BRDA:83,13,0,0
BRDA:83,13,1,0
BRDA:99,14,0,0
BRDA:99,14,1,0
BRDA:106,15,0,0
BRDA:106,15,1,0
BRDA:114,16,0,0
BRDA:114,16,1,0
BRDA:123,17,0,0
BRDA:144,18,0,0
BRDA:144,18,1,0
BRDA:151,19,0,0
BRDA:169,20,0,0
BRDA:169,20,1,0
BRDA:176,21,0,0
BRDA:194,22,0,0
BRDA:194,22,1,0
BRDA:201,23,0,0
BRDA:219,24,0,0
BRDA:219,24,1,0
BRDA:226,25,0,0
BRDA:254,26,0,0
BRDA:266,27,0,0
BRF:49
BRH:0
end_of_record
TN:
SF:src\app\auth\verify-email\page.tsx
FN:8,VerifyEmailContent
FN:14,(anonymous_3)
FN:29,(anonymous_4)
FN:35,(anonymous_5)
FN:50,(anonymous_6)
FN:55,(anonymous_7)
FN:235,VerifyEmailPage
FNF:7
FNH:0
FNDA:0,VerifyEmailContent
FNDA:0,(anonymous_3)
FNDA:0,(anonymous_4)
FNDA:0,(anonymous_5)
FNDA:0,(anonymous_6)
FNDA:0,(anonymous_7)
FNDA:0,VerifyEmailPage
DA:3,0
DA:4,0
DA:5,0
DA:6,0
DA:9,0
DA:10,0
DA:11,0
DA:12,0
DA:14,0
DA:15,0
DA:16,0
DA:18,0
DA:19,0
DA:22,0
DA:23,0
DA:25,0
DA:29,0
DA:30,0
DA:32,0
DA:35,0
DA:38,0
DA:39,0
DA:40,0
DA:41,0
DA:43,0
DA:46,0
DA:50,0
DA:51,0
DA:52,0
DA:54,0
DA:55,0
DA:58,0
DA:60,0
DA:64,0
DA:86,0
DA:137,0
DA:235,0
LF:37
LH:0
BRDA:18,0,0,0
BRDA:18,0,1,0
BRDA:22,1,0,0
BRDA:22,1,1,0
BRDA:38,2,0,0
BRDA:38,2,1,0
BRDA:40,3,0,0
BRDA:40,3,1,0
BRDA:64,4,0,0
BRDA:64,4,1,0
BRDA:86,5,0,0
BRDA:86,5,1,0
BRDA:137,6,0,0
BRDA:137,6,1,0
BRDA:160,7,0,0
BRDA:160,7,1,0
BRDA:199,8,0,0
BRDA:199,8,1,0
BRF:18
BRH:0
end_of_record
TN:
SF:src\app\dashboard\layout.tsx
FN:10,DashboardRootLayout
FNF:1
FNH:0
FNDA:0,DashboardRootLayout
DA:4,0
DA:10,0
LF:2
LH:0
BRF:0
BRH:0
end_of_record
TN:
SF:src\app\dashboard\not-found.tsx
FN:5,DashboardNotFound
FN:55,(anonymous_3)
FN:68,(anonymous_4)
FNF:3
FNH:0
FNDA:0,DashboardNotFound
FNDA:0,(anonymous_3)
FNDA:0,(anonymous_4)
DA:1,0
DA:2,0
DA:3,0
DA:5,0
DA:6,0
DA:55,0
DA:69,0
LF:7
LH:0
BRF:0
BRH:0
end_of_record
TN:
SF:src\app\dashboard\page.tsx
FN:6,DashboardPage
FNF:1
FNH:0
FNDA:0,DashboardPage
DA:1,0
DA:4,0
DA:6,0
DA:7,0
LF:4
LH:0
BRF:0
BRH:0
end_of_record
TN:
SF:src\app\dashboard\projects\layout.tsx
FN:16,ProjectsLayout
FNF:1
FNH:0
FNDA:0,ProjectsLayout
DA:3,0
DA:8,0
DA:14,0
DA:16,0
DA:21,0
LF:5
LH:0
BRF:0
BRH:0
end_of_record
TN:
SF:src\app\dashboard\projects\page.tsx
FN:6,ProjectsListingPage
FNF:1
FNH:0
FNDA:0,ProjectsListingPage
DA:1,0
DA:4,0
DA:6,0
DA:7,0
LF:4
LH:0
BRF:0
BRH:0
end_of_record
TN:
SF:src\app\dashboard\projects\[id]\page.tsx
FN:10,ProjectPage
FN:21,(anonymous_3)
FN:25,(anonymous_4)
FN:49,(anonymous_5)
FN:51,(anonymous_6)
FN:52,(anonymous_7)
FN:52,(anonymous_8)
FN:53,(anonymous_9)
FN:55,(anonymous_10)
FN:58,(anonymous_11)
FN:65,(anonymous_12)
FN:68,(anonymous_13)
FN:68,(anonymous_14)
FNF:13
FNH:0
FNDA:0,ProjectPage
FNDA:0,(anonymous_3)
FNDA:0,(anonymous_4)
FNDA:0,(anonymous_5)
FNDA:0,(anonymous_6)
FNDA:0,(anonymous_7)
FNDA:0,(anonymous_8)
FNDA:0,(anonymous_9)
FNDA:0,(anonymous_10)
FNDA:0,(anonymous_11)
FNDA:0,(anonymous_12)
FNDA:0,(anonymous_13)
FNDA:0,(anonymous_14)
DA:3,0
DA:4,0
DA:6,0
DA:7,0
DA:8,0
DA:10,0
DA:11,0
DA:12,0
DA:14,0
DA:15,0
DA:16,0
DA:17,0
DA:18,0
DA:19,0
DA:21,0
DA:22,0
DA:25,0
DA:26,0
DA:27,0
DA:28,0
DA:30,0
DA:37,0
DA:38,0
DA:39,0
DA:40,0
DA:41,0
DA:43,0
DA:45,0
DA:49,0
DA:50,0
DA:51,0
DA:52,0
DA:53,0
DA:54,0
DA:55,0
DA:56,0
DA:58,0
DA:59,0
DA:61,0
DA:65,0
DA:66,0
DA:67,0
DA:68,0
DA:69,0
DA:71,0
DA:75,0
DA:86,0
LF:47
LH:0
BRDA:22,0,0,0
BRDA:22,0,1,0
BRDA:37,1,0,0
BRDA:37,1,1,0
BRDA:39,2,0,0
BRDA:39,2,1,0
BRDA:40,3,0,0
BRDA:40,3,1,0
BRDA:41,4,0,0
BRDA:41,4,1,0
BRDA:43,5,0,0
BRDA:43,5,1,0
BRDA:54,6,0,0
BRDA:54,6,1,0
BRDA:55,7,0,0
BRDA:55,7,1,0
BRDA:61,8,0,0
BRDA:61,8,1,0
BRDA:75,9,0,0
BRDA:75,9,1,0
BRDA:86,10,0,0
BRDA:86,10,1,0
BRDA:86,11,0,0
BRDA:86,11,1,0
BRDA:94,12,0,0
BRDA:94,12,1,0
BRF:26
BRH:0
end_of_record
TN:
SF:src\app\dashboard\projects\[id]\files\page.tsx
FN:18,ProjectFilesPageContent
FN:38,(anonymous_5)
FN:45,(anonymous_6)
FN:47,(anonymous_7)
FN:54,(anonymous_8)
FN:82,(anonymous_9)
FN:84,(anonymous_10)
FN:90,(anonymous_11)
FN:91,(anonymous_12)
FN:93,(anonymous_13)
FN:106,(anonymous_14)
FN:130,(anonymous_15)
FN:133,(anonymous_16)
FN:133,(anonymous_17)
FN:144,(anonymous_18)
FN:204,(anonymous_19)
FN:232,(anonymous_20)
FN:273,ProjectFilesPage
FNF:18
FNH:0
FNDA:0,ProjectFilesPageContent
FNDA:0,(anonymous_5)
FNDA:0,(anonymous_6)
FNDA:0,(anonymous_7)
FNDA:0,(anonymous_8)
FNDA:0,(anonymous_9)
FNDA:0,(anonymous_10)
FNDA:0,(anonymous_11)
FNDA:0,(anonymous_12)
FNDA:0,(anonymous_13)
FNDA:0,(anonymous_14)
FNDA:0,(anonymous_15)
FNDA:0,(anonymous_16)
FNDA:0,(anonymous_17)
FNDA:0,(anonymous_18)
FNDA:0,(anonymous_19)
FNDA:0,(anonymous_20)
FNDA:0,ProjectFilesPage
DA:3,0
DA:4,0
DA:7,0
DA:9,0
DA:10,0
DA:11,0
DA:12,0
DA:13,0
DA:14,0
DA:15,0
DA:16,0
DA:19,0
DA:20,0
DA:21,0
DA:22,0
DA:24,0
DA:25,0
DA:26,0
DA:27,0
DA:28,0
DA:29,0
DA:30,0
DA:31,0
DA:34,0
DA:35,0
DA:36,0
DA:38,0
DA:39,0
DA:40,0
DA:45,0
DA:46,0
DA:47,0
DA:48,0
DA:49,0
DA:54,0
DA:55,0
DA:56,0
DA:57,0
DA:59,0
DA:64,0
DA:65,0
DA:67,0
DA:70,0
DA:71,0
DA:75,0
DA:76,0
DA:78,0
DA:82,0
DA:83,0
DA:84,0
DA:85,0
DA:88,0
DA:89,0
DA:90,0
DA:91,0
DA:93,0
DA:96,0
DA:97,0
DA:98,0
DA:101,0
DA:102,0
DA:106,0
DA:107,0
DA:108,0
DA:109,0
DA:110,0
DA:113,0
DA:114,0
DA:116,0
DA:117,0
DA:118,0
DA:119,0
DA:121,0
DA:122,0
DA:124,0
DA:126,0
DA:130,0
DA:131,0
DA:132,0
DA:133,0
DA:136,0
DA:137,0
DA:140,0
DA:144,0
DA:145,0
DA:148,0
DA:158,0
DA:205,0
DA:207,0
DA:208,0
DA:209,0
DA:210,0
DA:211,0
DA:212,0
DA:232,0
DA:273,0
LF:96
LH:0
BRDA:39,0,0,0
BRDA:39,0,1,0
BRDA:46,1,0,0
BRDA:46,1,1,0
BRDA:46,2,0,0
BRDA:46,2,1,0
BRDA:48,3,0,0
BRDA:48,3,1,0
BRDA:64,4,0,0
BRDA:64,4,1,0
BRDA:70,5,0,0
BRDA:70,5,1,0
BRDA:76,6,0,0
BRDA:76,6,1,0
BRDA:102,7,0,0
BRDA:102,7,1,0
BRDA:108,8,0,0
BRDA:108,8,1,0
BRDA:117,9,0,0
BRDA:117,9,1,0
BRDA:124,10,0,0
BRDA:124,10,1,0
BRDA:148,11,0,0
BRDA:148,11,1,0
BRDA:158,12,0,0
BRDA:158,12,1,0
BRDA:158,13,0,0
BRDA:158,13,1,0
BRDA:162,14,0,0
BRDA:162,14,1,0
BRDA:175,15,0,0
BRDA:175,15,1,0
BRDA:193,16,0,0
BRDA:193,16,1,0
BRDA:201,17,0,0
BRDA:242,18,0,0
BRDA:242,18,1,0
BRDA:246,19,0,0
BRF:38
BRH:0
end_of_record
TN:
SF:src\app\dashboard\search\layout.tsx
FN:16,SearchLayout
FNF:1
FNH:0
FNDA:0,SearchLayout
DA:3,0
DA:8,0
DA:14,0
DA:16,0
DA:21,0
LF:5
LH:0
BRF:0
BRH:0
end_of_record
TN:
SF:src\app\dashboard\search\page.tsx
FN:14,SearchPageContent
FN:29,(anonymous_5)
FN:33,(anonymous_6)
FN:53,(anonymous_7)
FN:132,(anonymous_8)
FN:132,(anonymous_9)
FN:180,(anonymous_10)
FN:194,SearchPage
FNF:8
FNH:0
FNDA:0,SearchPageContent
FNDA:0,(anonymous_5)
FNDA:0,(anonymous_6)
FNDA:0,(anonymous_7)
FNDA:0,(anonymous_8)
FNDA:0,(anonymous_9)
FNDA:0,(anonymous_10)
FNDA:0,SearchPage
DA:3,0
DA:4,0
DA:5,0
DA:6,0
DA:8,0
DA:9,0
DA:10,0
DA:12,0
DA:15,0
DA:16,0
DA:17,0
DA:19,0
DA:20,0
DA:21,0
DA:22,0
DA:23,0
DA:25,0
DA:26,0
DA:27,0
DA:29,0
DA:30,0
DA:33,0
DA:34,0
DA:35,0
DA:36,0
DA:38,0
DA:39,0
DA:41,0
DA:42,0
DA:43,0
DA:46,0
DA:47,0
DA:49,0
DA:53,0
DA:54,0
DA:55,0
DA:59,0
DA:88,0
DA:132,0
DA:180,0
DA:194,0
LF:41
LH:0
BRDA:25,0,0,0
BRDA:25,0,1,0
BRDA:26,1,0,0
BRDA:26,1,1,0
BRDA:39,2,0,0
BRDA:39,2,1,0
BRDA:42,3,0,0
BRDA:42,3,1,0
BRDA:47,4,0,0
BRDA:47,4,1,0
BRDA:54,5,0,0
BRDA:54,5,1,0
BRDA:59,6,0,0
BRDA:59,6,1,0
BRDA:59,7,0,0
BRDA:59,7,1,0
BRDA:88,8,0,0
BRDA:88,8,1,0
BRDA:132,9,0,0
BRDA:132,9,1,0
BRDA:132,10,0,0
BRDA:132,10,1,0
BRDA:143,11,0,0
BRDA:143,11,1,0
BRDA:172,12,0,0
BRF:25
BRH:0
end_of_record
TN:
SF:src\app\dashboard\settings\page.tsx
FN:6,SettingsPage
FNF:1
FNH:0
FNDA:0,SettingsPage
DA:1,0
DA:4,0
DA:6,0
DA:7,0
LF:4
LH:0
BRF:0
BRH:0
end_of_record
TN:
SF:src\components\auth\AuthLayout.tsx
FN:16,AuthLayout
FNF:1
FNH:0
FNDA:0,AuthLayout
DA:3,0
DA:4,0
DA:5,0
DA:6,0
DA:16,0
DA:64,0
LF:6
LH:0
BRDA:20,0,0,0
BRDA:27,1,0,0
BRF:2
BRH:0
end_of_record
TN:
SF:src\components\auth\ProtectedRoute.tsx
FN:14,ProtectedRoute
FN:24,(anonymous_2)
FN:25,(anonymous_3)
FNF:3
FNH:3
FNDA:6,ProtectedRoute
FNDA:6,(anonymous_2)
FNDA:3,(anonymous_3)
DA:3,1
DA:4,1
DA:6,1
DA:14,1
DA:19,6
DA:20,6
DA:21,6
DA:22,6
DA:24,6
DA:25,6
DA:26,3
DA:27,3
DA:28,0
DA:29,0
DA:30,0
DA:34,3
DA:35,3
DA:36,1
DA:37,1
DA:38,1
DA:39,1
DA:42,2
DA:43,2
DA:44,2
DA:47,2
DA:48,1
DA:49,1
DA:50,1
DA:52,1
DA:53,1
DA:55,1
DA:56,1
DA:57,1
DA:58,1
DA:61,3
DA:66,6
DA:67,3
DA:72,6
DA:82,3
DA:83,2
DA:86,1
LF:41
LH:38
BRDA:16,0,0,6
BRDA:17,1,0,6
BRDA:27,2,0,0
BRDA:27,2,1,3
BRDA:35,3,0,1
BRDA:35,3,1,2
BRDA:53,4,0,1
BRDA:53,4,1,0
BRDA:66,5,0,3
BRDA:66,5,1,3
BRDA:72,6,0,3
BRDA:72,6,1,3
BRDA:72,7,0,6
BRDA:72,7,1,3
BRDA:82,8,0,2
BRDA:82,8,1,1
BRDA:82,9,0,3
BRDA:82,9,1,3
BRF:18
BRH:16
end_of_record
TN:
SF:src\components\dashboard\CreateProjectModal.tsx
FN:27,CreateProjectModal
FN:53,(anonymous_2)
FN:62,(anonymous_3)
FN:82,(anonymous_4)
FN:94,(anonymous_5)
FN:95,(anonymous_6)
FN:102,(anonymous_7)
FN:173,(anonymous_8)
FN:192,(anonymous_9)
FN:216,(anonymous_10)
FN:221,(anonymous_11)
FNF:11
FNH:10
FNDA:107,CreateProjectModal
FNDA:13,(anonymous_2)
FNDA:7,(anonymous_3)
FNDA:1,(anonymous_4)
FNDA:69,(anonymous_5)
FNDA:69,(anonymous_6)
FNDA:2,(anonymous_7)
FNDA:68,(anonymous_8)
FNDA:0,(anonymous_9)
FNDA:1122,(anonymous_10)
FNDA:1,(anonymous_11)
DA:3,3
DA:4,3
DA:5,3
DA:7,3
DA:27,13
DA:32,107
DA:37,107
DA:38,107
DA:39,107
DA:41,107
DA:53,107
DA:54,13
DA:55,12
DA:56,12
DA:57,12
DA:58,12
DA:62,107
DA:63,7
DA:65,7
DA:66,7
DA:67,1
DA:70,6
DA:71,6
DA:72,6
DA:74,6
DA:80,5
DA:82,5
DA:83,1
DA:87,1
DA:88,1
DA:90,6
DA:94,107
DA:95,69
DA:96,69
DA:97,68
DA:99,69
DA:102,107
DA:103,2
DA:104,2
DA:105,2
DA:106,2
DA:107,2
DA:108,2
DA:112,107
DA:173,68
DA:192,0
DA:217,1122
DA:221,1
LF:48
LH:47
BRDA:54,0,0,12
BRDA:54,0,1,1
BRDA:66,1,0,1
BRDA:66,1,1,6
BRDA:76,2,0,6
BRDA:76,2,1,6
BRDA:88,3,0,1
BRDA:88,3,1,0
BRDA:96,4,0,68
BRDA:96,4,1,1
BRDA:99,5,0,0
BRDA:99,5,1,69
BRDA:103,6,0,2
BRDA:103,6,1,0
BRDA:112,7,0,1
BRDA:112,7,1,106
BRDA:125,8,0,4
BRDA:177,9,0,0
BRDA:177,9,1,102
BRDA:180,10,0,102
BRDA:196,11,0,0
BRDA:196,11,1,102
BRDA:199,12,0,0
BRDA:199,12,1,102
BRDA:223,13,0,102
BRDA:223,13,1,1020
BRDA:231,14,0,102
BRDA:231,14,1,1020
BRDA:235,15,0,102
BRDA:235,15,1,1020
BRDA:239,16,0,1122
BRDA:250,17,0,102
BRDA:274,18,0,102
BRDA:274,18,1,96
BRDA:274,18,2,96
BRDA:277,19,0,6
BRDA:277,19,1,96
BRF:37
BRH:31
end_of_record
TN:
SF:src\components\dashboard\DashboardClient.tsx
FN:30,DashboardClient
FN:39,(anonymous_3)
FN:43,(anonymous_4)
FN:49,(anonymous_5)
FN:52,(anonymous_6)
FN:56,(anonymous_7)
FN:65,(anonymous_8)
FN:71,(anonymous_9)
FN:85,(anonymous_10)
FN:88,(anonymous_11)
FN:96,(anonymous_12)
FN:169,(anonymous_13)
FN:172,(anonymous_14)
FN:213,(anonymous_15)
FN:219,(anonymous_16)
FN:243,(anonymous_17)
FN:264,(anonymous_18)
FN:272,(anonymous_19)
FNF:18
FNH:0
FNDA:0,DashboardClient
FNDA:0,(anonymous_3)
FNDA:0,(anonymous_4)
FNDA:0,(anonymous_5)
FNDA:0,(anonymous_6)
FNDA:0,(anonymous_7)
FNDA:0,(anonymous_8)
FNDA:0,(anonymous_9)
FNDA:0,(anonymous_10)
FNDA:0,(anonymous_11)
FNDA:0,(anonymous_12)
FNDA:0,(anonymous_13)
FNDA:0,(anonymous_14)
FNDA:0,(anonymous_15)
FNDA:0,(anonymous_16)
FNDA:0,(anonymous_17)
FNDA:0,(anonymous_18)
FNDA:0,(anonymous_19)
DA:3,0
DA:4,0
DA:6,0
DA:7,0
DA:8,0
DA:9,0
DA:19,0
DA:22,0
DA:30,0
DA:31,0
DA:32,0
DA:33,0
DA:34,0
DA:35,0
DA:36,0
DA:37,0
DA:39,0
DA:40,0
DA:43,0
DA:44,0
DA:45,0
DA:49,0
DA:50,0
DA:52,0
DA:53,0
DA:56,0
DA:57,0
DA:58,0
DA:62,0
DA:63,0
DA:65,0
DA:66,0
DA:67,0
DA:71,0
DA:72,0
DA:73,0
DA:74,0
DA:75,0
DA:76,0
DA:78,0
DA:79,0
DA:81,0
DA:85,0
DA:86,0
DA:87,0
DA:88,0
DA:89,0
DA:90,0
DA:92,0
DA:96,0
DA:97,0
DA:100,0
DA:114,0
DA:130,0
DA:170,0
DA:172,0
DA:213,0
DA:219,0
DA:243,0
DA:264,0
DA:272,0
LF:61
LH:0
BRDA:44,0,0,0
BRDA:44,0,1,0
BRDA:50,1,0,0
BRDA:50,1,1,0
BRDA:57,2,0,0
BRDA:57,2,1,0
BRDA:79,3,0,0
BRDA:79,3,1,0
BRDA:100,4,0,0
BRDA:100,4,1,0
BRDA:114,5,0,0
BRDA:114,5,1,0
BRDA:130,6,0,0
BRDA:130,6,1,0
BRDA:194,7,0,0
BRDA:201,8,0,0
BRDA:207,9,0,0
BRDA:207,9,1,0
BRDA:214,10,0,0
BRDA:214,10,1,0
BRDA:220,11,0,0
BRDA:220,11,1,0
BRDA:229,12,0,0
BRF:23
BRH:0
end_of_record
TN:
SF:src\components\dashboard\DashboardLayout.tsx
FN:32,NavItem
FN:67,DashboardLayout
FN:77,(anonymous_4)
FN:78,(anonymous_5)
FN:103,(anonymous_6)
FN:104,(anonymous_7)
FN:110,(anonymous_8)
FN:113,(anonymous_9)
FN:139,(anonymous_10)
FN:171,(anonymous_11)
FN:178,(anonymous_12)
FN:193,(anonymous_13)
FN:201,(anonymous_14)
FN:209,(anonymous_15)
FN:217,(anonymous_16)
FN:225,(anonymous_17)
FN:234,(anonymous_18)
FN:246,(anonymous_19)
FN:257,(anonymous_20)
FN:271,(anonymous_21)
FN:287,(anonymous_22)
FN:305,(anonymous_23)
FNF:22
FNH:0
FNDA:0,NavItem
FNDA:0,DashboardLayout
FNDA:0,(anonymous_4)
FNDA:0,(anonymous_5)
FNDA:0,(anonymous_6)
FNDA:0,(anonymous_7)
FNDA:0,(anonymous_8)
FNDA:0,(anonymous_9)
FNDA:0,(anonymous_10)
FNDA:0,(anonymous_11)
FNDA:0,(anonymous_12)
FNDA:0,(anonymous_13)
FNDA:0,(anonymous_14)
FNDA:0,(anonymous_15)
FNDA:0,(anonymous_16)
FNDA:0,(anonymous_17)
FNDA:0,(anonymous_18)
FNDA:0,(anonymous_19)
FNDA:0,(anonymous_20)
FNDA:0,(anonymous_21)
FNDA:0,(anonymous_22)
FNDA:0,(anonymous_23)
DA:3,0
DA:4,0
DA:5,0
DA:23,0
DA:25,0
DA:67,0
DA:68,0
DA:69,0
DA:70,0
DA:71,0
DA:72,0
DA:73,0
DA:74,0
DA:75,0
DA:77,0
DA:78,0
DA:79,0
DA:80,0
DA:81,0
DA:82,0
DA:83,0
DA:87,0
DA:88,0
DA:89,0
DA:92,0
DA:93,0
DA:95,0
DA:96,0
DA:99,0
DA:103,0
DA:104,0
DA:105,0
DA:106,0
DA:109,0
DA:110,0
DA:113,0
DA:114,0
DA:115,0
DA:116,0
DA:117,0
DA:123,0
DA:125,0
DA:126,0
DA:130,0
DA:131,0
DA:139,0
DA:171,0
DA:178,0
DA:193,0
DA:201,0
DA:209,0
DA:217,0
DA:225,0
DA:234,0
DA:246,0
DA:257,0
DA:271,0
DA:287,0
DA:305,0
LF:59
LH:0
BRDA:53,0,0,0
BRDA:53,0,1,0
BRDA:57,1,0,0
BRDA:57,1,1,0
BRDA:62,2,0,0
BRDA:80,3,0,0
BRDA:80,3,1,0
BRDA:82,4,0,0
BRDA:82,4,1,0
BRDA:87,5,0,0
BRDA:87,5,1,0
BRDA:105,6,0,0
BRDA:105,6,1,0
BRDA:105,7,0,0
BRDA:105,7,1,0
BRDA:116,8,0,0
BRDA:116,8,1,0
BRDA:130,9,0,0
BRDA:130,9,1,0
BRDA:131,10,0,0
BRDA:131,10,1,0
BRDA:136,11,0,0
BRDA:146,12,0,0
BRDA:146,12,1,0
BRDA:149,13,0,0
BRDA:149,13,1,0
BRDA:154,14,0,0
BRDA:174,15,0,0
BRDA:284,16,0,0
BRDA:284,16,1,0
BRDA:295,17,0,0
BRF:31
BRH:0
end_of_record
TN:
SF:src\components\dashboard\ProjectOverviewCards.tsx
FN:37,ProjectCardSkeleton
FN:59,ProjectCard
FN:64,(anonymous_4)
FN:77,(anonymous_5)
FN:91,(anonymous_6)
FN:98,(anonymous_7)
FN:104,(anonymous_8)
FN:134,(anonymous_9)
FN:144,(anonymous_10)
FN:151,(anonymous_11)
FN:159,(anonymous_12)
FN:193,ProjectListRow
FN:197,(anonymous_14)
FN:213,(anonymous_15)
FN:228,(anonymous_16)
FN:237,(anonymous_17)
FN:247,(anonymous_18)
FN:254,(anonymous_19)
FN:262,(anonymous_20)
FN:276,ProjectOverviewCards
FN:285,(anonymous_22)
FN:309,(anonymous_23)
FN:331,(anonymous_24)
FN:350,(anonymous_25)
FNF:24
FNH:0
FNDA:0,ProjectCardSkeleton
FNDA:0,ProjectCard
FNDA:0,(anonymous_4)
FNDA:0,(anonymous_5)
FNDA:0,(anonymous_6)
FNDA:0,(anonymous_7)
FNDA:0,(anonymous_8)
FNDA:0,(anonymous_9)
FNDA:0,(anonymous_10)
FNDA:0,(anonymous_11)
FNDA:0,(anonymous_12)
FNDA:0,ProjectListRow
FNDA:0,(anonymous_14)
FNDA:0,(anonymous_15)
FNDA:0,(anonymous_16)
FNDA:0,(anonymous_17)
FNDA:0,(anonymous_18)
FNDA:0,(anonymous_19)
FNDA:0,(anonymous_20)
FNDA:0,ProjectOverviewCards
FNDA:0,(anonymous_22)
FNDA:0,(anonymous_23)
FNDA:0,(anonymous_24)
FNDA:0,(anonymous_25)
DA:3,0
DA:17,0
DA:18,0
DA:35,0
DA:60,0
DA:61,0
DA:62,0
DA:64,0
DA:65,0
DA:66,0
DA:67,0
DA:68,0
DA:69,0
DA:71,0
DA:72,0
DA:73,0
DA:74,0
DA:77,0
DA:78,0
DA:91,0
DA:98,0
DA:104,0
DA:134,0
DA:144,0
DA:151,0
DA:159,0
DA:194,0
DA:195,0
DA:197,0
DA:198,0
DA:199,0
DA:200,0
DA:201,0
DA:202,0
DA:204,0
DA:205,0
DA:206,0
DA:207,0
DA:213,0
DA:228,0
DA:237,0
DA:247,0
DA:254,0
DA:262,0
DA:276,0
DA:282,0
DA:285,0
DA:286,0
DA:287,0
DA:288,0
DA:289,0
DA:306,0
DA:310,0
DA:316,0
DA:318,0
DA:332,0
DA:351,0
LF:57
LH:0
BRDA:71,0,0,0
BRDA:71,0,1,0
BRDA:72,1,0,0
BRDA:72,1,1,0
BRDA:73,2,0,0
BRDA:73,2,1,0
BRDA:130,3,0,0
BRDA:178,4,0,0
BRDA:184,5,0,0
BRDA:184,5,1,0
BRDA:204,6,0,0
BRDA:204,6,1,0
BRDA:205,7,0,0
BRDA:205,7,1,0
BRDA:206,8,0,0
BRDA:206,8,1,0
BRDA:233,9,0,0
BRDA:279,10,0,0
BRDA:280,11,0,0
BRDA:286,12,0,0
BRDA:286,12,1,0
BRDA:286,13,0,0
BRDA:286,13,1,0
BRDA:286,13,2,0
BRDA:288,14,0,0
BRDA:288,14,1,0
BRDA:306,15,0,0
BRDA:306,15,1,0
BRDA:316,16,0,0
BRDA:316,16,1,0
BRDA:318,17,0,0
BRDA:318,17,1,0
BRF:32
BRH:0
end_of_record
TN:
SF:src\components\dashboard\RecentActivity.tsx
FN:23,ActivityItemSkeleton
FN:38,ActivityItem
FN:39,(anonymous_3)
FN:54,(anonymous_4)
FN:72,(anonymous_5)
FN:122,RecentActivity
FN:134,(anonymous_7)
FN:171,(anonymous_8)
FNF:8
FNH:0
FNDA:0,ActivityItemSkeleton
FNDA:0,ActivityItem
FNDA:0,(anonymous_3)
FNDA:0,(anonymous_4)
FNDA:0,(anonymous_5)
FNDA:0,RecentActivity
FNDA:0,(anonymous_7)
FNDA:0,(anonymous_8)
DA:12,0
DA:39,0
DA:40,0
DA:54,0
DA:55,0
DA:56,0
DA:57,0
DA:59,0
DA:60,0
DA:61,0
DA:62,0
DA:63,0
DA:64,0
DA:65,0
DA:67,0
DA:68,0
DA:72,0
DA:73,0
DA:75,0
DA:78,0
DA:122,0
DA:124,0
DA:135,0
DA:144,0
DA:172,0
LF:25
LH:0
BRDA:59,0,0,0
BRDA:59,0,1,0
BRDA:61,1,0,0
BRDA:61,1,1,0
BRDA:63,2,0,0
BRDA:63,2,1,0
BRDA:73,3,0,0
BRDA:73,3,1,0
BRDA:75,4,0,0
BRDA:75,4,1,0
BRDA:100,5,0,0
BRDA:106,6,0,0
BRDA:112,7,0,0
BRDA:122,8,0,0
BRDA:124,9,0,0
BRDA:124,9,1,0
BRDA:144,10,0,0
BRDA:144,10,1,0
BRDA:182,11,0,0
BRF:19
BRH:0
end_of_record
TN:
SF:src\components\dashboard\SettingsClient.tsx
FN:9,SettingsClient
FN:21,(anonymous_3)
FN:25,(anonymous_4)
FN:31,(anonymous_5)
FN:49,(anonymous_6)
FN:63,(anonymous_7)
FN:177,(anonymous_8)
FN:189,(anonymous_9)
FN:205,(anonymous_10)
FN:234,(anonymous_11)
FNF:10
FNH:0
FNDA:0,SettingsClient
FNDA:0,(anonymous_3)
FNDA:0,(anonymous_4)
FNDA:0,(anonymous_5)
FNDA:0,(anonymous_6)
FNDA:0,(anonymous_7)
FNDA:0,(anonymous_8)
FNDA:0,(anonymous_9)
FNDA:0,(anonymous_10)
FNDA:0,(anonymous_11)
DA:3,0
DA:4,0
DA:5,0
DA:6,0
DA:9,0
DA:10,0
DA:11,0
DA:12,0
DA:13,0
DA:14,0
DA:16,0
DA:17,0
DA:18,0
DA:19,0
DA:21,0
DA:22,0
DA:25,0
DA:26,0
DA:27,0
DA:31,0
DA:32,0
DA:33,0
DA:34,0
DA:35,0
DA:37,0
DA:38,0
DA:39,0
DA:40,0
DA:42,0
DA:43,0
DA:45,0
DA:49,0
DA:50,0
DA:51,0
DA:52,0
DA:54,0
DA:62,0
DA:63,0
DA:65,0
DA:66,0
DA:68,0
DA:72,0
DA:177,0
DA:189,0
DA:205,0
DA:234,0
LF:46
LH:0
BRDA:26,0,0,0
BRDA:26,0,1,0
BRDA:37,1,0,0
BRDA:37,1,1,0
BRDA:38,2,0,0
BRDA:38,2,1,0
BRDA:39,3,0,0
BRDA:39,3,1,0
BRDA:40,4,0,0
BRDA:40,4,1,0
BRDA:72,5,0,0
BRDA:72,5,1,0
BRDA:72,6,0,0
BRDA:72,6,1,0
BRDA:106,7,0,0
BRDA:107,8,0,0
BRDA:107,8,1,0
BRDA:111,9,0,0
BRDA:111,9,1,0
BRDA:152,10,0,0
BRDA:152,10,1,0
BRDA:206,11,0,0
BRDA:206,11,1,0
BRDA:210,12,0,0
BRDA:210,12,1,0
BRDA:259,13,0,0
BRF:26
BRH:0
end_of_record
TN:
SF:src\components\dashboard\SystemStatusDisplay.tsx
FN:25,ServiceStatus
FN:26,(anonymous_3)
FN:39,(anonymous_4)
FN:52,(anonymous_5)
FN:79,SystemStatusDisplay
FN:80,(anonymous_7)
FN:93,(anonymous_8)
FN:106,(anonymous_9)
FN:119,(anonymous_10)
FNF:9
FNH:0
FNDA:0,ServiceStatus
FNDA:0,(anonymous_3)
FNDA:0,(anonymous_4)
FNDA:0,(anonymous_5)
FNDA:0,SystemStatusDisplay
FNDA:0,(anonymous_7)
FNDA:0,(anonymous_8)
FNDA:0,(anonymous_9)
FNDA:0,(anonymous_10)
DA:4,0
DA:13,0
DA:26,0
DA:27,0
DA:29,0
DA:31,0
DA:33,0
DA:35,0
DA:39,0
DA:40,0
DA:52,0
DA:53,0
DA:55,0
DA:57,0
DA:59,0
DA:61,0
DA:79,0
DA:80,0
DA:81,0
DA:83,0
DA:85,0
DA:87,0
DA:89,0
DA:93,0
DA:94,0
DA:106,0
DA:107,0
DA:109,0
DA:111,0
DA:113,0
DA:115,0
DA:119,0
DA:120,0
DA:121,0
DA:130,0
DA:132,0
DA:133,0
LF:37
LH:0
BRDA:27,0,0,0
BRDA:27,0,1,0
BRDA:27,0,2,0
BRDA:27,0,3,0
BRDA:53,1,0,0
BRDA:53,1,1,0
BRDA:53,1,2,0
BRDA:53,1,3,0
BRDA:81,2,0,0
BRDA:81,2,1,0
BRDA:81,2,2,0
BRDA:81,2,3,0
BRDA:107,3,0,0
BRDA:107,3,1,0
BRDA:107,3,2,0
BRDA:107,3,3,0
BRDA:132,4,0,0
BRDA:132,4,1,0
BRDA:172,5,0,0
BRF:19
BRH:0
end_of_record
TN:
SF:src\components\entities\EntityDetailView.tsx
FN:39,EntityDetailView
FN:50,(anonymous_2)
FN:54,(anonymous_3)
FN:77,(anonymous_4)
FN:90,(anonymous_5)
FN:103,(anonymous_6)
FN:146,(anonymous_7)
FN:164,(anonymous_8)
FN:174,(anonymous_9)
FN:184,(anonymous_10)
FN:240,(anonymous_11)
FN:256,(anonymous_12)
FN:276,(anonymous_13)
FN:304,(anonymous_14)
FN:340,(anonymous_15)
FN:342,(anonymous_16)
FNF:16
FNH:0
FNDA:0,EntityDetailView
FNDA:0,(anonymous_2)
FNDA:0,(anonymous_3)
FNDA:0,(anonymous_4)
FNDA:0,(anonymous_5)
FNDA:0,(anonymous_6)
FNDA:0,(anonymous_7)
FNDA:0,(anonymous_8)
FNDA:0,(anonymous_9)
FNDA:0,(anonymous_10)
FNDA:0,(anonymous_11)
FNDA:0,(anonymous_12)
FNDA:0,(anonymous_13)
FNDA:0,(anonymous_14)
FNDA:0,(anonymous_15)
FNDA:0,(anonymous_16)
DA:3,0
DA:21,0
DA:22,0
DA:39,0
DA:44,0
DA:45,0
DA:46,0
DA:47,0
DA:48,0
DA:50,0
DA:51,0
DA:54,0
DA:55,0
DA:56,0
DA:59,0
DA:60,0
DA:63,0
DA:64,0
DA:67,0
DA:68,0
DA:71,0
DA:73,0
DA:77,0
DA:78,0
DA:90,0
DA:91,0
DA:93,0
DA:95,0
DA:97,0
DA:99,0
DA:103,0
DA:104,0
DA:111,0
DA:146,0
DA:164,0
DA:174,0
DA:184,0
DA:241,0
DA:257,0
DA:276,0
DA:305,0
DA:341,0
DA:342,0
DA:345,0
DA:347,0
LF:45
LH:0
BRDA:60,0,0,0
BRDA:60,0,1,0
BRDA:64,1,0,0
BRDA:64,1,1,0
BRDA:68,2,0,0
BRDA:68,2,1,0
BRDA:91,3,0,0
BRDA:91,3,1,0
BRDA:91,3,2,0
BRDA:91,3,3,0
BRDA:111,4,0,0
BRDA:111,4,1,0
BRDA:144,5,0,0
BRDA:166,6,0,0
BRDA:166,6,1,0
BRDA:176,7,0,0
BRDA:176,7,1,0
BRDA:186,8,0,0
BRDA:186,8,1,0
BRDA:197,9,0,0
BRDA:221,10,0,0
BRDA:221,10,1,0
BRDA:230,11,0,0
BRDA:230,11,1,0
BRDA:236,12,0,0
BRDA:236,12,1,0
BRDA:274,13,0,0
BRDA:288,14,0,0
BRDA:334,15,0,0
BRDA:342,16,0,0
BRDA:342,16,1,0
BRDA:345,17,0,0
BRDA:345,17,1,0
BRDA:368,18,0,0
BRDA:368,18,1,0
BRDA:373,19,0,0
BRDA:373,19,1,0
BRF:37
BRH:0
end_of_record
TN:
SF:src\components\layout\Footer.tsx
FN:4,Footer
FN:72,(anonymous_3)
FN:93,(anonymous_4)
FN:112,(anonymous_5)
FN:131,(anonymous_6)
FN:150,(anonymous_7)
FNF:6
FNH:0
FNDA:0,Footer
FNDA:0,(anonymous_3)
FNDA:0,(anonymous_4)
FNDA:0,(anonymous_5)
FNDA:0,(anonymous_6)
FNDA:0,(anonymous_7)
DA:1,0
DA:2,0
DA:4,0
DA:5,0
DA:32,0
DA:73,0
DA:94,0
DA:113,0
DA:132,0
DA:151,0
LF:10
LH:0
BRF:0
BRH:0
end_of_record
TN:
SF:src\components\layout\Header.tsx
FN:17,Header
FN:52,(anonymous_3)
FN:69,(anonymous_4)
FN:96,(anonymous_5)
FN:101,(anonymous_6)
FN:131,(anonymous_7)
FN:147,(anonymous_8)
FN:152,(anonymous_9)
FN:181,(anonymous_10)
FN:186,(anonymous_11)
FN:198,(anonymous_12)
FN:205,(anonymous_13)
FN:221,(anonymous_14)
FN:229,(anonymous_15)
FNF:14
FNH:0
FNDA:0,Header
FNDA:0,(anonymous_3)
FNDA:0,(anonymous_4)
FNDA:0,(anonymous_5)
FNDA:0,(anonymous_6)
FNDA:0,(anonymous_7)
FNDA:0,(anonymous_8)
FNDA:0,(anonymous_9)
FNDA:0,(anonymous_10)
FNDA:0,(anonymous_11)
FNDA:0,(anonymous_12)
FNDA:0,(anonymous_13)
FNDA:0,(anonymous_14)
FNDA:0,(anonymous_15)
DA:3,0
DA:4,0
DA:5,0
DA:6,0
DA:17,0
DA:18,0
DA:19,0
DA:21,0
DA:28,0
DA:53,0
DA:69,0
DA:97,0
DA:101,0
DA:131,0
DA:148,0
DA:152,0
DA:182,0
DA:186,0
DA:198,0
DA:205,0
DA:221,0
DA:229,0
LF:22
LH:0
BRDA:17,0,0,0
BRDA:67,1,0,0
BRDA:66,2,0,0
BRDA:66,2,1,0
BRDA:74,3,0,0
BRDA:90,4,0,0
BRDA:135,5,0,0
BRDA:144,6,0,0
BRDA:160,7,0,0
BRDA:159,8,0,0
BRDA:159,8,1,0
BRDA:164,9,0,0
BRDA:218,10,0,0
BRDA:226,11,0,0
BRF:14
BRH:0
end_of_record
TN:
SF:src\components\layout\Layout.tsx
FN:18,Layout
FNF:1
FNH:0
FNDA:0,Layout
DA:2,0
DA:3,0
DA:18,0
LF:3
LH:0
BRDA:20,0,0,0
BRDA:21,1,0,0
BRDA:22,2,0,0
BRDA:24,3,0,0
BRDA:28,4,0,0
BRDA:36,5,0,0
BRDA:36,5,1,0
BRF:7
BRH:0
end_of_record
TN:
SF:src\components\projects\ProjectCard.tsx
FN:46,DeleteConfirmationModal
FN:100,ProjectStatusIndicator
FN:101,(anonymous_4)
FN:142,ProjectStats
FN:143,(anonymous_6)
FN:151,(anonymous_7)
FN:200,ProjectActions
FN:216,(anonymous_9)
FN:235,(anonymous_10)
FN:248,(anonymous_11)
FN:259,(anonymous_12)
FN:275,(anonymous_13)
FN:284,ProjectCard
FN:294,(anonymous_15)
FNF:14
FNH:11
FNDA:22,DeleteConfirmationModal
FNDA:20,ProjectStatusIndicator
FNDA:20,(anonymous_4)
FNDA:20,ProjectStats
FNDA:40,(anonymous_6)
FNDA:0,(anonymous_7)
FNDA:22,ProjectActions
FNDA:1,(anonymous_9)
FNDA:2,(anonymous_10)
FNDA:0,(anonymous_11)
FNDA:2,(anonymous_12)
FNDA:0,(anonymous_13)
FNDA:20,ProjectCard
FNDA:3,(anonymous_15)
DA:3,2
DA:17,2
DA:18,2
DA:19,2
DA:22,2
DA:101,20
DA:102,20
DA:104,18
DA:110,1
DA:116,0
DA:123,1
DA:131,20
DA:132,20
DA:143,20
DA:144,40
DA:145,40
DA:147,0
DA:151,20
DA:152,0
DA:153,0
DA:154,0
DA:155,0
DA:213,22
DA:214,22
DA:216,22
DA:217,1
DA:218,1
DA:219,1
DA:220,1
DA:221,1
DA:223,0
DA:225,1
DA:236,2
DA:237,2
DA:249,0
DA:250,0
DA:251,0
DA:260,2
DA:261,2
DA:262,2
DA:275,0
DA:284,16
DA:291,20
DA:294,20
DA:295,3
DA:296,0
DA:298,3
DA:302,20
LF:48
LH:36
BRDA:51,0,0,0
BRDA:91,1,0,22
BRDA:92,2,0,1
BRDA:92,2,1,21
BRDA:102,3,0,18
BRDA:102,3,1,1
BRDA:102,3,2,0
BRDA:102,3,3,1
BRDA:102,3,4,1
BRDA:113,4,0,0
BRDA:113,4,1,1
BRDA:136,5,0,1
BRDA:136,5,1,19
BRDA:152,6,0,0
BRDA:152,6,1,0
BRDA:153,7,0,0
BRDA:153,7,1,0
BRDA:154,8,0,0
BRDA:154,8,1,0
BRDA:171,9,0,20
BRDA:245,10,0,22
BRDA:289,11,0,20
BRDA:295,12,0,0
BRDA:295,12,1,3
BRDA:302,13,0,3
BRDA:302,13,1,17
BRDA:318,14,0,3
BRDA:330,15,0,3
BRDA:355,16,0,17
BRDA:373,17,0,17
BRF:30
BRH:20
end_of_record
TN:
SF:src\components\projects\ProjectSearchBar.tsx
FN:16,ProjectSearchBar
FN:27,(anonymous_3)
FN:28,(anonymous_4)
FN:32,(anonymous_5)
FN:36,(anonymous_6)
FN:40,(anonymous_7)
FN:44,(anonymous_8)
FN:49,(anonymous_9)
FN:55,(anonymous_10)
FN:93,(anonymous_11)
FN:135,(anonymous_12)
FN:151,(anonymous_13)
FN:166,(anonymous_14)
FN:190,(anonymous_15)
FN:204,(anonymous_16)
FNF:15
FNH:0
FNDA:0,ProjectSearchBar
FNDA:0,(anonymous_3)
FNDA:0,(anonymous_4)
FNDA:0,(anonymous_5)
FNDA:0,(anonymous_6)
FNDA:0,(anonymous_7)
FNDA:0,(anonymous_8)
FNDA:0,(anonymous_9)
FNDA:0,(anonymous_10)
FNDA:0,(anonymous_11)
FNDA:0,(anonymous_12)
FNDA:0,(anonymous_13)
FNDA:0,(anonymous_14)
FNDA:0,(anonymous_15)
FNDA:0,(anonymous_16)
DA:3,0
DA:4,0
DA:5,0
DA:6,0
DA:7,0
DA:16,0
DA:22,0
DA:23,0
DA:24,0
DA:27,0
DA:28,0
DA:29,0
DA:32,0
DA:36,0
DA:37,0
DA:40,0
DA:41,0
DA:44,0
DA:45,0
DA:46,0
DA:49,0
DA:50,0
DA:51,0
DA:52,0
DA:55,0
DA:56,0
DA:57,0
DA:60,0
DA:93,0
DA:135,0
DA:151,0
DA:166,0
DA:190,0
DA:205,0
DA:206,0
LF:35
LH:0
BRDA:20,0,0,0
BRDA:60,1,0,0
BRDA:60,1,1,0
BRDA:60,1,2,0
BRDA:78,2,0,0
BRDA:94,3,0,0
BRDA:94,3,1,0
BRDA:98,4,0,0
BRDA:103,5,0,0
BRDA:103,5,1,0
BRDA:109,6,0,0
BRDA:115,7,0,0
BRDA:179,8,0,0
BRDA:186,9,0,0
BRDA:198,10,0,0
BRDA:198,10,1,0
BRDA:200,11,0,0
BRDA:200,11,1,0
BRDA:201,12,0,0
BRDA:201,12,1,0
BRDA:202,13,0,0
BRDA:202,13,1,0
BRF:22
BRH:0
end_of_record
TN:
SF:src\components\projects\ProjectsClient.tsx
FN:16,ProjectsClient
FN:44,(anonymous_3)
FN:50,(anonymous_4)
FN:53,(anonymous_5)
FN:57,(anonymous_6)
FN:66,(anonymous_7)
FN:72,(anonymous_8)
FN:88,(anonymous_9)
FN:92,(anonymous_10)
FN:96,(anonymous_11)
FN:100,(anonymous_12)
FN:115,(anonymous_13)
FN:127,(anonymous_14)
FN:161,(anonymous_15)
FN:174,(anonymous_16)
FN:188,(anonymous_17)
FN:273,(anonymous_18)
FNF:17
FNH:0
FNDA:0,ProjectsClient
FNDA:0,(anonymous_3)
FNDA:0,(anonymous_4)
FNDA:0,(anonymous_5)
FNDA:0,(anonymous_6)
FNDA:0,(anonymous_7)
FNDA:0,(anonymous_8)
FNDA:0,(anonymous_9)
FNDA:0,(anonymous_10)
FNDA:0,(anonymous_11)
FNDA:0,(anonymous_12)
FNDA:0,(anonymous_13)
FNDA:0,(anonymous_14)
FNDA:0,(anonymous_15)
FNDA:0,(anonymous_16)
FNDA:0,(anonymous_17)
FNDA:0,(anonymous_18)
DA:3,0
DA:4,0
DA:5,0
DA:6,0
DA:7,0
DA:8,0
DA:9,0
DA:10,0
DA:12,0
DA:13,0
DA:16,0
DA:17,0
DA:18,0
DA:19,0
DA:20,0
DA:21,0
DA:22,0
DA:37,0
DA:44,0
DA:45,0
DA:46,0
DA:50,0
DA:51,0
DA:53,0
DA:54,0
DA:57,0
DA:58,0
DA:59,0
DA:63,0
DA:64,0
DA:66,0
DA:67,0
DA:68,0
DA:72,0
DA:73,0
DA:74,0
DA:75,0
DA:76,0
DA:78,0
DA:79,0
DA:81,0
DA:82,0
DA:84,0
DA:88,0
DA:89,0
DA:92,0
DA:93,0
DA:96,0
DA:97,0
DA:100,0
DA:101,0
DA:102,0
DA:105,0
DA:106,0
DA:108,0
DA:110,0
DA:111,0
DA:115,0
DA:116,0
DA:117,0
DA:118,0
DA:120,0
DA:122,0
DA:123,0
DA:127,0
DA:128,0
DA:132,0
DA:161,0
DA:174,0
DA:188,0
DA:273,0
LF:71
LH:0
BRDA:51,0,0,0
BRDA:51,0,1,0
BRDA:58,1,0,0
BRDA:58,1,1,0
BRDA:78,2,0,0
BRDA:78,2,1,0
BRDA:82,3,0,0
BRDA:82,3,1,0
BRDA:101,4,0,0
BRDA:101,4,1,0
BRDA:132,5,0,0
BRDA:132,5,1,0
BRDA:163,6,0,0
BRDA:163,6,1,0
BRDA:176,7,0,0
BRDA:176,7,1,0
BRDA:206,8,0,0
BRDA:236,9,0,0
BRDA:263,10,0,0
BRDA:263,10,1,0
BRF:20
BRH:0
end_of_record
TN:
SF:src\components\projects\ProjectsGrid.tsx
FN:19,LoadingSkeleton
FN:20,(anonymous_3)
FN:25,(anonymous_4)
FN:48,(anonymous_5)
FN:76,EmptyState
FN:98,ProjectsGrid
FN:107,(anonymous_8)
FN:122,(anonymous_9)
FN:137,(anonymous_10)
FNF:9
FNH:8
FNDA:1,LoadingSkeleton
FNDA:6,(anonymous_3)
FNDA:0,(anonymous_4)
FNDA:6,(anonymous_5)
FNDA:2,EmptyState
FNDA:6,ProjectsGrid
FNDA:1,(anonymous_8)
FNDA:2,(anonymous_9)
FNDA:4,(anonymous_10)
DA:3,1
DA:4,1
DA:5,1
DA:20,6
DA:22,1
DA:26,0
DA:49,6
DA:98,6
DA:107,6
DA:111,6
DA:115,5
DA:119,3
DA:123,2
DA:138,4
LF:14
LH:13
BRDA:20,0,0,1
BRDA:20,0,1,0
BRDA:22,1,0,0
BRDA:22,1,1,1
BRDA:111,2,0,1
BRDA:111,2,1,5
BRDA:115,3,0,2
BRDA:115,3,1,3
BRDA:119,4,0,1
BRDA:119,4,1,2
BRF:10
BRH:8
end_of_record
TN:
SF:src\components\projects\index.ts
FNF:0
FNH:0
DA:1,0
DA:2,0
LF:2
LH:0
BRF:0
BRH:0
end_of_record
TN:
SF:src\components\search\ContentHighlighter.tsx
FN:14,ContentHighlighter
FN:26,(anonymous_2)
FN:48,(anonymous_3)
FN:55,(anonymous_4)
FN:63,(anonymous_5)
FN:84,(anonymous_6)
FN:88,(anonymous_7)
FN:96,(anonymous_8)
FN:139,(anonymous_9)
FN:146,(anonymous_10)
FNF:10
FNH:0
FNDA:0,ContentHighlighter
FNDA:0,(anonymous_2)
FNDA:0,(anonymous_3)
FNDA:0,(anonymous_4)
FNDA:0,(anonymous_5)
FNDA:0,(anonymous_6)
FNDA:0,(anonymous_7)
FNDA:0,(anonymous_8)
FNDA:0,(anonymous_9)
FNDA:0,(anonymous_10)
DA:3,0
DA:4,0
DA:5,0
DA:6,0
DA:14,0
DA:19,0
DA:20,0
DA:21,0
DA:22,0
DA:23,0
DA:24,0
DA:26,0
DA:28,0
DA:29,0
DA:31,0
DA:32,0
DA:33,0
DA:34,0
DA:36,0
DA:37,0
DA:40,0
DA:41,0
DA:42,0
DA:43,0
DA:48,0
DA:49,0
DA:51,0
DA:52,0
DA:55,0
DA:56,0
DA:57,0
DA:63,0
DA:64,0
DA:66,0
DA:67,0
DA:70,0
DA:71,0
DA:73,0
DA:76,0
DA:77,0
DA:78,0
DA:84,0
DA:87,0
DA:88,0
DA:89,0
DA:92,0
DA:96,0
DA:97,0
DA:98,0
DA:99,0
DA:100,0
DA:102,0
DA:103,0
DA:107,0
DA:108,0
DA:109,0
DA:110,0
DA:111,0
DA:114,0
DA:139,0
DA:146,0
LF:61
LH:0
BRDA:16,0,0,0
BRDA:31,1,0,0
BRDA:31,1,1,0
BRDA:31,2,0,0
BRDA:31,2,1,0
BRDA:36,3,0,0
BRDA:36,3,1,0
BRDA:42,4,0,0
BRDA:42,4,1,0
BRDA:49,5,0,0
BRDA:49,5,1,0
BRDA:49,6,0,0
BRDA:49,6,1,0
BRDA:56,7,0,0
BRDA:56,7,1,0
BRDA:64,8,0,0
BRDA:64,8,1,0
BRDA:64,9,0,0
BRDA:64,9,1,0
BRDA:67,10,0,0
BRDA:67,10,1,0
BRDA:70,11,0,0
BRDA:70,11,1,0
BRDA:71,12,0,0
BRDA:71,12,1,0
BRDA:73,13,0,0
BRDA:73,13,1,0
BRDA:77,14,0,0
BRDA:77,14,1,0
BRDA:102,15,0,0
BRDA:102,15,1,0
BRDA:114,16,0,0
BRDA:114,16,1,0
BRDA:123,17,0,0
BRDA:123,17,1,0
BRDA:128,18,0,0
BRDA:128,18,1,0
BRDA:131,19,0,0
BRF:38
BRH:0
end_of_record
TN:
SF:src\components\search\SavedSearches.tsx
FN:23,SavedSearches
FN:32,(anonymous_2)
FN:37,(anonymous_3)
FN:45,(anonymous_4)
FN:50,(anonymous_5)
FN:64,(anonymous_6)
FN:106,(anonymous_7)
FN:117,(anonymous_8)
FN:118,(anonymous_9)
FN:152,(anonymous_10)
FN:159,(anonymous_11)
FN:194,(anonymous_12)
FNF:12
FNH:0
FNDA:0,SavedSearches
FNDA:0,(anonymous_2)
FNDA:0,(anonymous_3)
FNDA:0,(anonymous_4)
FNDA:0,(anonymous_5)
FNDA:0,(anonymous_6)
FNDA:0,(anonymous_7)
FNDA:0,(anonymous_8)
FNDA:0,(anonymous_9)
FNDA:0,(anonymous_10)
FNDA:0,(anonymous_11)
FNDA:0,(anonymous_12)
DA:3,0
DA:4,0
DA:23,0
DA:29,0
DA:30,0
DA:32,0
DA:33,0
DA:34,0
DA:37,0
DA:38,0
DA:39,0
DA:41,0
DA:42,0
DA:45,0
DA:46,0
DA:47,0
DA:50,0
DA:51,0
DA:52,0
DA:53,0
DA:55,0
DA:56,0
DA:57,0
DA:58,0
DA:60,0
DA:64,0
DA:65,0
DA:67,0
DA:68,0
DA:71,0
DA:72,0
DA:75,0
DA:76,0
DA:79,0
DA:82,0
DA:107,0
DA:117,0
DA:119,0
DA:120,0
DA:152,0
DA:159,0
DA:194,0
LF:42
LH:0
BRDA:38,0,0,0
BRDA:38,0,1,0
BRDA:38,1,0,0
BRDA:38,1,1,0
BRDA:55,2,0,0
BRDA:55,2,1,0
BRDA:57,3,0,0
BRDA:57,3,1,0
BRDA:67,4,0,0
BRDA:67,4,1,0
BRDA:68,5,0,0
BRDA:68,5,1,0
BRDA:71,6,0,0
BRDA:71,6,1,0
BRDA:72,7,0,0
BRDA:72,7,1,0
BRDA:75,8,0,0
BRDA:75,8,1,0
BRDA:79,9,0,0
BRDA:79,9,1,0
BRDA:82,10,0,0
BRDA:82,10,1,0
BRDA:113,11,0,0
BRDA:119,12,0,0
BRDA:119,12,1,0
BRDA:120,13,0,0
BRDA:120,13,1,0
BRDA:170,14,0,0
BRDA:174,15,0,0
BRDA:185,16,0,0
BRF:30
BRH:0
end_of_record
TN:
SF:src\components\search\SearchAnalytics.tsx
FN:64,SearchAnalytics
FN:70,(anonymous_2)
FN:74,(anonymous_3)
FN:98,(anonymous_4)
FN:130,(anonymous_5)
FN:181,(anonymous_6)
FN:269,(anonymous_7)
FN:273,(anonymous_8)
FN:274,(anonymous_9)
FN:303,(anonymous_10)
FN:332,(anonymous_11)
FN:337,(anonymous_12)
FN:341,(anonymous_13)
FN:354,(anonymous_14)
FNF:14
FNH:0
FNDA:0,SearchAnalytics
FNDA:0,(anonymous_2)
FNDA:0,(anonymous_3)
FNDA:0,(anonymous_4)
FNDA:0,(anonymous_5)
FNDA:0,(anonymous_6)
FNDA:0,(anonymous_7)
FNDA:0,(anonymous_8)
FNDA:0,(anonymous_9)
FNDA:0,(anonymous_10)
FNDA:0,(anonymous_11)
FNDA:0,(anonymous_12)
FNDA:0,(anonymous_13)
FNDA:0,(anonymous_14)
DA:3,0
DA:17,0
DA:26,0
DA:62,0
DA:64,0
DA:65,0
DA:66,0
DA:67,0
DA:68,0
DA:70,0
DA:71,0
DA:74,0
DA:75,0
DA:76,0
DA:77,0
DA:79,0
DA:85,0
DA:86,0
DA:89,0
DA:90,0
DA:92,0
DA:94,0
DA:98,0
DA:99,0
DA:100,0
DA:106,0
DA:107,0
DA:110,0
DA:111,0
DA:112,0
DA:113,0
DA:114,0
DA:115,0
DA:116,0
DA:117,0
DA:118,0
DA:120,0
DA:124,0
DA:131,0
DA:140,0
DA:157,0
DA:181,0
DA:269,0
DA:273,0
DA:274,0
DA:304,0
DA:332,0
DA:338,0
DA:341,0
DA:355,0
LF:50
LH:0
BRDA:64,0,0,0
BRDA:85,1,0,0
BRDA:85,1,1,0
BRDA:92,2,0,0
BRDA:92,2,1,0
BRDA:106,3,0,0
BRDA:106,3,1,0
BRDA:124,4,0,0
BRDA:124,4,1,0
BRDA:140,5,0,0
BRDA:140,5,1,0
BRDA:157,6,0,0
BRDA:157,6,1,0
BRDA:275,7,0,0
BRDA:275,7,1,0
BRDA:276,8,0,0
BRDA:276,8,1,0
BRDA:349,9,0,0
BRF:18
BRH:0
end_of_record
TN:
SF:src\components\search\SearchContextIndicator.tsx
FN:12,SearchContextIndicator
FN:18,(anonymous_2)
FN:32,(anonymous_3)
FN:36,(anonymous_4)
FNF:4
FNH:0
FNDA:0,SearchContextIndicator
FNDA:0,(anonymous_2)
FNDA:0,(anonymous_3)
FNDA:0,(anonymous_4)
DA:3,0
DA:4,0
DA:5,0
DA:6,0
DA:12,0
DA:13,0
DA:14,0
DA:15,0
DA:16,0
DA:18,0
DA:20,0
DA:21,0
DA:23,0
DA:24,0
DA:25,0
DA:26,0
DA:27,0
DA:32,0
DA:33,0
DA:36,0
DA:37,0
DA:40,0
DA:41,0
LF:23
LH:0
BRDA:12,0,0,0
BRDA:23,1,0,0
BRDA:23,1,1,0
BRDA:23,2,0,0
BRDA:23,2,1,0
BRDA:25,3,0,0
BRDA:25,3,1,0
BRDA:40,4,0,0
BRDA:40,4,1,0
BRDA:40,5,0,0
BRDA:40,5,1,0
BRDA:55,6,0,0
BRF:12
BRH:0
end_of_record
TN:
SF:src\components\search\SearchFilters.tsx
FN:15,SearchFilters
FN:30,(anonymous_2)
FN:34,(anonymous_3)
FN:37,(anonymous_4)
FN:42,(anonymous_5)
FN:45,(anonymous_6)
FN:50,(anonymous_7)
FN:72,(anonymous_8)
FN:107,(anonymous_9)
FN:121,(anonymous_10)
FN:129,(anonymous_11)
FN:146,(anonymous_12)
FN:154,(anonymous_13)
FN:194,(anonymous_14)
FN:208,(anonymous_15)
FN:229,(anonymous_16)
FNF:16
FNH:0
FNDA:0,SearchFilters
FNDA:0,(anonymous_2)
FNDA:0,(anonymous_3)
FNDA:0,(anonymous_4)
FNDA:0,(anonymous_5)
FNDA:0,(anonymous_6)
FNDA:0,(anonymous_7)
FNDA:0,(anonymous_8)
FNDA:0,(anonymous_9)
FNDA:0,(anonymous_10)
FNDA:0,(anonymous_11)
FNDA:0,(anonymous_12)
FNDA:0,(anonymous_13)
FNDA:0,(anonymous_14)
FNDA:0,(anonymous_15)
FNDA:0,(anonymous_16)
DA:3,0
DA:4,0
DA:15,0
DA:22,0
DA:24,0
DA:30,0
DA:31,0
DA:34,0
DA:35,0
DA:36,0
DA:37,0
DA:39,0
DA:42,0
DA:43,0
DA:44,0
DA:45,0
DA:47,0
DA:50,0
DA:51,0
DA:59,0
DA:64,0
DA:72,0
DA:107,0
DA:122,0
DA:129,0
DA:147,0
DA:154,0
DA:194,0
DA:208,0
DA:229,0
LF:30
LH:0
BRDA:19,0,0,0
BRDA:35,1,0,0
BRDA:35,1,1,0
BRDA:36,2,0,0
BRDA:36,2,1,0
BRDA:43,3,0,0
BRDA:43,3,1,0
BRDA:44,4,0,0
BRDA:44,4,1,0
BRDA:59,5,0,0
BRDA:59,5,1,0
BRDA:59,5,2,0
BRDA:59,5,3,0
BRDA:59,5,4,0
BRDA:64,6,0,0
BRDA:64,6,1,0
BRDA:65,7,0,0
BRDA:65,7,1,0
BRDA:66,8,0,0
BRDA:66,8,1,0
BRDA:75,9,0,0
BRDA:75,9,1,0
BRDA:83,10,0,0
BRDA:91,11,0,0
BRDA:98,12,0,0
BRDA:128,13,0,0
BRDA:128,13,1,0
BRDA:140,14,0,0
BRDA:153,15,0,0
BRDA:153,15,1,0
BRDA:168,16,0,0
BRDA:175,17,0,0
BRDA:175,17,1,0
BRDA:181,18,0,0
BRDA:193,19,0,0
BRDA:193,19,1,0
BRDA:197,20,0,0
BRDA:197,20,1,0
BRDA:207,21,0,0
BRDA:207,21,1,0
BRDA:210,22,0,0
BRDA:210,22,1,0
BRDA:226,23,0,0
BRF:43
BRH:0
end_of_record
TN:
SF:src\components\search\SearchInput.tsx
FN:22,SearchInput
FN:46,(anonymous_2)
FN:51,(anonymous_3)
FN:60,(anonymous_4)
FN:81,(anonymous_5)
FN:82,(anonymous_6)
FN:85,(anonymous_7)
FN:105,(anonymous_8)
FN:111,(anonymous_9)
FN:117,(anonymous_10)
FN:137,(anonymous_11)
FN:144,(anonymous_12)
FN:162,(anonymous_13)
FN:174,(anonymous_14)
FN:175,(anonymous_15)
FN:183,(anonymous_16)
FN:184,(anonymous_17)
FN:195,(anonymous_18)
FN:209,(anonymous_19)
FN:261,(anonymous_20)
FN:264,(anonymous_21)
FN:293,(anonymous_22)
FN:296,(anonymous_23)
FNF:23
FNH:17
FNDA:23,SearchInput
FNDA:0,(anonymous_2)
FNDA:0,(anonymous_3)
FNDA:6,(anonymous_4)
FNDA:7,(anonymous_5)
FNDA:6,(anonymous_6)
FNDA:6,(anonymous_7)
FNDA:7,(anonymous_8)
FNDA:0,(anonymous_9)
FNDA:0,(anonymous_10)
FNDA:1,(anonymous_11)
FNDA:0,(anonymous_12)
FNDA:1,(anonymous_13)
FNDA:12,(anonymous_14)
FNDA:12,(anonymous_15)
FNDA:12,(anonymous_16)
FNDA:10,(anonymous_17)
FNDA:12,(anonymous_18)
FNDA:9,(anonymous_19)
FNDA:4,(anonymous_20)
FNDA:1,(anonymous_21)
FNDA:3,(anonymous_22)
FNDA:0,(anonymous_23)
DA:3,1
DA:4,1
DA:22,12
DA:37,23
DA:38,23
DA:39,23
DA:40,23
DA:41,23
DA:42,23
DA:43,23
DA:46,23
DA:47,0
DA:48,0
DA:51,0
DA:52,0
DA:53,0
DA:55,0
DA:60,23
DA:61,6
DA:64,1
DA:65,0
DA:68,1
DA:69,0
DA:73,1
DA:77,23
DA:78,23
DA:80,23
DA:81,7
DA:82,6
DA:85,23
DA:86,6
DA:89,6
DA:90,6
DA:92,6
DA:93,6
DA:94,6
DA:97,6
DA:100,6
DA:101,0
DA:105,23
DA:106,7
DA:108,5
DA:110,0
DA:111,0
DA:112,0
DA:114,0
DA:116,0
DA:117,0
DA:118,0
DA:120,1
DA:121,1
DA:122,0
DA:123,0
DA:124,0
DA:125,1
DA:126,1
DA:128,1
DA:129,1
DA:131,0
DA:132,0
DA:133,0
DA:137,23
DA:138,1
DA:139,1
DA:140,1
DA:141,1
DA:144,23
DA:145,0
DA:147,0
DA:148,0
DA:150,0
DA:151,0
DA:152,0
DA:155,0
DA:156,0
DA:157,0
DA:158,0
DA:162,23
DA:163,1
DA:164,1
DA:165,1
DA:166,1
DA:167,1
DA:168,0
DA:170,1
DA:174,23
DA:175,12
DA:176,12
DA:177,0
DA:183,23
DA:184,12
DA:185,10
DA:190,0
DA:194,12
DA:195,12
DA:209,9
DA:262,4
DA:264,1
DA:294,3
DA:296,0
LF:100
LH:64
BRDA:28,0,0,23
BRDA:29,1,0,21
BRDA:32,2,0,23
BRDA:33,3,0,23
BRDA:34,4,0,23
BRDA:47,5,0,0
BRDA:47,5,1,0
BRDA:52,6,0,0
BRDA:52,6,1,0
BRDA:52,7,0,0
BRDA:52,7,1,0
BRDA:61,8,0,5
BRDA:61,8,1,1
BRDA:64,9,0,0
BRDA:64,9,1,1
BRDA:68,10,0,0
BRDA:68,10,1,1
BRDA:68,11,0,1
BRDA:68,11,1,0
BRDA:97,12,0,6
BRDA:97,12,1,0
BRDA:100,13,0,0
BRDA:100,13,1,6
BRDA:106,14,0,2
BRDA:106,14,1,5
BRDA:108,15,0,0
BRDA:108,15,1,0
BRDA:108,15,2,1
BRDA:108,15,3,0
BRDA:112,16,0,0
BRDA:112,16,1,0
BRDA:117,17,0,0
BRDA:117,17,1,0
BRDA:121,18,0,0
BRDA:121,18,1,1
BRDA:125,19,0,1
BRDA:125,19,1,0
BRDA:150,20,0,0
BRDA:150,20,1,0
BRDA:155,21,0,0
BRDA:155,21,1,0
BRDA:167,22,0,0
BRDA:167,22,1,1
BRDA:176,23,0,0
BRDA:176,23,1,12
BRDA:185,24,0,0
BRDA:185,24,1,10
BRDA:186,25,0,10
BRDA:186,25,1,2
BRDA:186,25,2,0
BRDA:209,26,0,9
BRDA:209,26,1,4
BRDA:212,27,0,1
BRDA:212,27,1,22
BRDA:218,28,0,23
BRDA:227,29,0,23
BRDA:227,29,1,21
BRDA:233,30,0,23
BRDA:242,31,0,23
BRDA:250,32,0,23
BRDA:250,32,1,10
BRDA:255,33,0,5
BRDA:266,34,0,0
BRDA:266,34,1,4
BRDA:277,35,0,5
BRDA:284,36,0,2
BRDA:298,37,0,0
BRDA:298,37,1,3
BRF:68
BRH:38
end_of_record
TN:
SF:src\components\search\SearchInterface.tsx
FN:40,SearchInterface
FN:81,(anonymous_3)
FN:99,(anonymous_4)
FN:106,(anonymous_5)
FN:111,(anonymous_6)
FN:120,(anonymous_7)
FN:131,(anonymous_8)
FN:144,(anonymous_9)
FN:190,(anonymous_10)
FN:213,(anonymous_11)
FN:218,(anonymous_12)
FN:225,(anonymous_13)
FN:231,(anonymous_14)
FN:240,(anonymous_15)
FN:260,(anonymous_16)
FN:266,(anonymous_17)
FN:275,(anonymous_18)
FN:276,(anonymous_19)
FN:281,(anonymous_20)
FN:282,(anonymous_21)
FN:289,(anonymous_22)
FN:291,(anonymous_23)
FN:298,(anonymous_24)
FN:356,(anonymous_25)
FN:377,(anonymous_26)
FN:380,(anonymous_27)
FN:428,(anonymous_28)
FN:472,(anonymous_29)
FN:475,(anonymous_30)
FN:496,(anonymous_31)
FNF:30
FNH:0
FNDA:0,SearchInterface
FNDA:0,(anonymous_3)
FNDA:0,(anonymous_4)
FNDA:0,(anonymous_5)
FNDA:0,(anonymous_6)
FNDA:0,(anonymous_7)
FNDA:0,(anonymous_8)
FNDA:0,(anonymous_9)
FNDA:0,(anonymous_10)
FNDA:0,(anonymous_11)
FNDA:0,(anonymous_12)
FNDA:0,(anonymous_13)
FNDA:0,(anonymous_14)
FNDA:0,(anonymous_15)
FNDA:0,(anonymous_16)
FNDA:0,(anonymous_17)
FNDA:0,(anonymous_18)
FNDA:0,(anonymous_19)
FNDA:0,(anonymous_20)
FNDA:0,(anonymous_21)
FNDA:0,(anonymous_22)
FNDA:0,(anonymous_23)
FNDA:0,(anonymous_24)
FNDA:0,(anonymous_25)
FNDA:0,(anonymous_26)
FNDA:0,(anonymous_27)
FNDA:0,(anonymous_28)
FNDA:0,(anonymous_29)
FNDA:0,(anonymous_30)
FNDA:0,(anonymous_31)
DA:3,0
DA:4,0
DA:12,0
DA:13,0
DA:14,0
DA:15,0
DA:16,0
DA:17,0
DA:18,0
DA:19,0
DA:40,0
DA:48,0
DA:51,0
DA:52,0
DA:57,0
DA:64,0
DA:65,0
DA:66,0
DA:67,0
DA:68,0
DA:71,0
DA:72,0
DA:73,0
DA:76,0
DA:77,0
DA:78,0
DA:81,0
DA:82,0
DA:83,0
DA:84,0
DA:87,0
DA:88,0
DA:89,0
DA:92,0
DA:93,0
DA:94,0
DA:98,0
DA:99,0
DA:100,0
DA:105,0
DA:106,0
DA:107,0
DA:108,0
DA:109,0
DA:110,0
DA:111,0
DA:112,0
DA:120,0
DA:121,0
DA:122,0
DA:123,0
DA:125,0
DA:126,0
DA:131,0
DA:132,0
DA:133,0
DA:137,0
DA:138,0
DA:141,0
DA:144,0
DA:150,0
DA:152,0
DA:153,0
DA:155,0
DA:156,0
DA:159,0
DA:161,0
DA:162,0
DA:169,0
DA:170,0
DA:172,0
DA:174,0
DA:180,0
DA:184,0
DA:185,0
DA:186,0
DA:189,0
DA:190,0
DA:191,0
DA:192,0
DA:196,0
DA:197,0
DA:198,0
DA:205,0
DA:208,0
DA:209,0
DA:213,0
DA:214,0
DA:215,0
DA:218,0
DA:219,0
DA:220,0
DA:221,0
DA:225,0
DA:226,0
DA:227,0
DA:231,0
DA:233,0
DA:234,0
DA:235,0
DA:236,0
DA:240,0
DA:241,0
DA:243,0
DA:244,0
DA:246,0
DA:255,0
DA:256,0
DA:257,0
DA:260,0
DA:261,0
DA:262,0
DA:263,0
DA:266,0
DA:267,0
DA:271,0
DA:272,0
DA:275,0
DA:276,0
DA:277,0
DA:278,0
DA:281,0
DA:282,0
DA:283,0
DA:285,0
DA:286,0
DA:289,0
DA:290,0
DA:291,0
DA:294,0
DA:295,0
DA:298,0
DA:299,0
DA:300,0
DA:303,0
DA:356,0
DA:378,0
DA:380,0
DA:428,0
DA:473,0
DA:475,0
DA:496,0
LF:142
LH:0
BRDA:43,0,0,0
BRDA:44,1,0,0
BRDA:54,2,0,0
BRDA:54,2,1,0
BRDA:57,3,0,0
BRDA:57,3,1,0
BRDA:83,4,0,0
BRDA:83,4,1,0
BRDA:88,5,0,0
BRDA:88,5,1,0
BRDA:93,6,0,0
BRDA:93,6,1,0
BRDA:98,7,0,0
BRDA:98,7,1,0
BRDA:105,8,0,0
BRDA:105,8,1,0
BRDA:105,9,0,0
BRDA:105,9,1,0
BRDA:108,10,0,0
BRDA:108,10,1,0
BRDA:123,11,0,0
BRDA:123,11,1,0
BRDA:132,12,0,0
BRDA:132,12,1,0
BRDA:137,13,0,0
BRDA:137,13,1,0
BRDA:147,14,0,0
BRDA:148,15,0,0
BRDA:150,16,0,0
BRDA:150,16,1,0
BRDA:152,17,0,0
BRDA:152,17,1,0
BRDA:172,18,0,0
BRDA:172,18,1,0
BRDA:172,19,0,0
BRDA:172,19,1,0
BRDA:189,20,0,0
BRDA:189,20,1,0
BRDA:197,21,0,0
BRDA:197,21,1,0
BRDA:220,22,0,0
BRDA:220,22,1,0
BRDA:226,23,0,0
BRDA:226,23,1,0
BRDA:226,24,0,0
BRDA:226,24,1,0
BRDA:226,24,2,0
BRDA:233,25,0,0
BRDA:233,25,1,0
BRDA:233,26,0,0
BRDA:233,26,1,0
BRDA:235,27,0,0
BRDA:235,27,1,0
BRDA:235,28,0,0
BRDA:235,28,1,0
BRDA:241,29,0,0
BRDA:241,29,1,0
BRDA:244,30,0,0
BRDA:244,30,1,0
BRDA:267,31,0,0
BRDA:267,31,1,0
BRDA:283,32,0,0
BRDA:283,32,1,0
BRDA:290,33,0,0
BRDA:290,33,1,0
BRDA:307,34,0,0
BRDA:307,34,1,0
BRDA:313,35,0,0
BRDA:313,35,1,0
BRDA:324,36,0,0
BRDA:324,36,1,0
BRDA:360,37,0,0
BRDA:383,38,0,0
BRDA:383,38,1,0
BRDA:391,39,0,0
BRDA:391,39,1,0
BRDA:392,40,0,0
BRDA:392,40,1,0
BRDA:406,41,0,0
BRDA:406,41,1,0
BRDA:407,42,0,0
BRDA:407,42,1,0
BRDA:407,43,0,0
BRDA:407,43,1,0
BRDA:436,44,0,0
BRDA:436,44,1,0
BRDA:440,45,0,0
BRDA:449,46,0,0
BRDA:455,47,0,0
BRDA:466,48,0,0
BRDA:491,49,0,0
BRDA:491,49,1,0
BRF:92
BRH:0
end_of_record
TN:
SF:src\components\search\SearchResults.tsx
FN:37,SearchResults
FN:55,(anonymous_2)
FN:71,(anonymous_3)
FN:78,(anonymous_4)
FN:85,(anonymous_5)
FN:90,(anonymous_6)
FN:94,(anonymous_7)
FN:103,(anonymous_8)
FN:106,(anonymous_9)
FN:110,(anonymous_10)
FN:116,(anonymous_11)
FN:136,(anonymous_12)
FN:140,(anonymous_13)
FN:151,(anonymous_14)
FN:160,(anonymous_15)
FN:182,(anonymous_16)
FN:192,(anonymous_17)
FN:214,(anonymous_18)
FN:263,(anonymous_19)
FN:266,(anonymous_20)
FN:314,(anonymous_21)
FN:319,(anonymous_22)
FN:417,(anonymous_23)
FN:429,(anonymous_24)
FN:447,(anonymous_25)
FN:459,(anonymous_26)
FNF:26
FNH:11
FNDA:11,SearchResults
FNDA:16,(anonymous_2)
FNDA:16,(anonymous_3)
FNDA:16,(anonymous_4)
FNDA:16,(anonymous_5)
FNDA:11,(anonymous_6)
FNDA:0,(anonymous_7)
FNDA:0,(anonymous_8)
FNDA:0,(anonymous_9)
FNDA:0,(anonymous_10)
FNDA:1,(anonymous_11)
FNDA:16,(anonymous_12)
FNDA:0,(anonymous_13)
FNDA:0,(anonymous_14)
FNDA:0,(anonymous_15)
FNDA:0,(anonymous_16)
FNDA:0,(anonymous_17)
FNDA:3,(anonymous_18)
FNDA:0,(anonymous_19)
FNDA:0,(anonymous_20)
FNDA:16,(anonymous_21)
FNDA:1,(anonymous_22)
FNDA:0,(anonymous_23)
FNDA:0,(anonymous_24)
FNDA:0,(anonymous_25)
FNDA:0,(anonymous_26)
DA:3,1
DA:5,1
DA:20,1
DA:37,11
DA:51,11
DA:52,11
DA:53,11
DA:55,11
DA:56,16
DA:57,0
DA:71,11
DA:72,16
DA:73,0
DA:74,0
DA:75,0
DA:78,11
DA:79,16
DA:80,0
DA:81,0
DA:82,0
DA:85,11
DA:86,16
DA:90,11
DA:91,11
DA:93,0
DA:95,0
DA:96,0
DA:102,0
DA:103,0
DA:106,11
DA:107,0
DA:108,0
DA:109,0
DA:110,0
DA:112,0
DA:116,11
DA:118,1
DA:119,1
DA:128,1
DA:131,1
DA:132,1
DA:136,11
DA:137,16
DA:139,0
DA:140,0
DA:141,0
DA:142,0
DA:148,0
DA:151,11
DA:152,0
DA:153,0
DA:154,0
DA:158,0
DA:160,0
DA:171,0
DA:172,0
DA:173,0
DA:174,0
DA:175,0
DA:176,0
DA:177,0
DA:178,0
DA:179,0
DA:182,11
DA:183,0
DA:185,0
DA:186,0
DA:187,0
DA:191,0
DA:193,0
DA:196,0
DA:197,0
DA:198,0
DA:204,0
DA:207,0
DA:211,11
DA:215,3
DA:233,10
DA:247,9
DA:264,0
DA:315,16
DA:319,1
DA:418,0
DA:419,0
DA:430,0
DA:431,0
DA:448,0
DA:460,0
DA:461,0
LF:89
LH:34
BRDA:42,0,0,10
BRDA:46,1,0,9
BRDA:47,2,0,11
BRDA:48,3,0,9
BRDA:49,4,0,11
BRDA:56,5,0,0
BRDA:56,5,1,16
BRDA:72,6,0,16
BRDA:72,6,1,0
BRDA:73,7,0,0
BRDA:73,7,1,0
BRDA:74,8,0,0
BRDA:74,8,1,0
BRDA:79,9,0,16
BRDA:79,9,1,0
BRDA:80,10,0,0
BRDA:80,10,1,0
BRDA:81,11,0,0
BRDA:81,11,1,0
BRDA:91,12,0,11
BRDA:91,12,1,0
BRDA:91,13,0,11
BRDA:91,13,1,9
BRDA:91,13,2,0
BRDA:91,13,3,0
BRDA:95,14,0,0
BRDA:95,14,1,0
BRDA:95,15,0,0
BRDA:95,15,1,0
BRDA:118,16,0,1
BRDA:118,16,1,0
BRDA:131,17,0,1
BRDA:131,17,1,0
BRDA:137,18,0,16
BRDA:137,18,1,0
BRDA:137,19,0,16
BRDA:137,19,1,16
BRDA:152,20,0,0
BRDA:152,20,1,0
BRDA:152,21,0,0
BRDA:152,21,1,0
BRDA:165,22,0,0
BRDA:165,22,1,0
BRDA:166,23,0,0
BRDA:166,23,1,0
BRDA:183,24,0,0
BRDA:183,24,1,0
BRDA:185,25,0,0
BRDA:185,25,1,0
BRDA:196,26,0,0
BRDA:196,26,1,0
BRDA:211,27,0,1
BRDA:211,27,1,10
BRDA:233,28,0,1
BRDA:233,28,1,9
BRDA:247,29,0,1
BRDA:247,29,1,8
BRDA:257,30,0,1
BRDA:338,31,0,16
BRDA:346,32,0,16
BRDA:381,33,0,16
BRDA:384,34,0,16
BRDA:390,35,0,16
BRDA:396,36,0,16
BRDA:402,37,0,16
BRDA:402,37,1,0
BRDA:424,38,0,0
BRDA:424,38,1,16
BRDA:427,39,0,16
BRDA:435,40,0,1
BRDA:435,40,1,3
BRDA:441,41,0,1
BRDA:441,41,1,3
BRDA:442,42,0,1
BRDA:442,42,1,3
BRDA:476,43,0,8
BRDA:479,44,0,0
BRDA:484,45,0,0
BRDA:501,46,0,0
BRDA:501,46,1,2
BRDA:507,47,0,2
BRDA:507,47,1,0
BRDA:516,48,0,8
BRDA:516,48,1,8
BRDA:522,49,0,8
BRDA:524,50,0,0
BRDA:524,50,1,0
BRF:87
BRH:44
end_of_record
TN:
SF:src\components\search\SearchResultsExport.tsx
FN:22,SearchResultsExport
FN:35,(anonymous_2)
FN:43,(anonymous_3)
FN:66,(anonymous_4)
FN:72,(anonymous_5)
FN:87,(anonymous_6)
FN:96,(anonymous_7)
FN:112,(anonymous_8)
FN:124,(anonymous_9)
FN:138,(anonymous_10)
FN:143,(anonymous_11)
FN:151,(anonymous_12)
FN:221,(anonymous_13)
FN:224,(anonymous_14)
FN:251,(anonymous_15)
FN:266,(anonymous_16)
FN:287,(anonymous_17)
FN:290,(anonymous_18)
FNF:18
FNH:0
FNDA:0,SearchResultsExport
FNDA:0,(anonymous_2)
FNDA:0,(anonymous_3)
FNDA:0,(anonymous_4)
FNDA:0,(anonymous_5)
FNDA:0,(anonymous_6)
FNDA:0,(anonymous_7)
FNDA:0,(anonymous_8)
FNDA:0,(anonymous_9)
FNDA:0,(anonymous_10)
FNDA:0,(anonymous_11)
FNDA:0,(anonymous_12)
FNDA:0,(anonymous_13)
FNDA:0,(anonymous_14)
FNDA:0,(anonymous_15)
FNDA:0,(anonymous_16)
FNDA:0,(anonymous_17)
FNDA:0,(anonymous_18)
DA:3,0
DA:13,0
DA:22,0
DA:28,0
DA:29,0
DA:30,0
DA:31,0
DA:33,0
DA:35,0
DA:36,0
DA:37,0
DA:38,0
DA:41,0
DA:44,0
DA:51,0
DA:52,0
DA:59,0
DA:63,0
DA:66,0
DA:67,0
DA:72,0
DA:83,0
DA:84,0
DA:87,0
DA:88,0
DA:96,0
DA:109,0
DA:112,0
DA:113,0
DA:114,0
DA:115,0
DA:116,0
DA:117,0
DA:118,0
DA:119,0
DA:120,0
DA:121,0
DA:124,0
DA:125,0
DA:127,0
DA:128,0
DA:130,0
DA:131,0
DA:133,0
DA:134,0
DA:138,0
DA:139,0
DA:144,0
DA:151,0
DA:152,0
DA:154,0
DA:156,0
DA:157,0
DA:158,0
DA:160,0
DA:162,0
DA:165,0
DA:166,0
DA:167,0
DA:168,0
DA:171,0
DA:172,0
DA:173,0
DA:178,0
DA:182,0
DA:183,0
DA:185,0
DA:222,0
DA:224,0
DA:251,0
DA:266,0
DA:288,0
DA:290,0
LF:73
LH:0
BRDA:33,0,0,0
BRDA:33,0,1,0
BRDA:37,1,0,0
BRDA:37,1,1,0
BRDA:51,2,0,0
BRDA:51,2,1,0
BRDA:53,3,0,0
BRDA:53,3,1,0
BRDA:54,4,0,0
BRDA:54,4,1,0
BRDA:55,5,0,0
BRDA:55,5,1,0
BRDA:79,6,0,0
BRDA:79,6,1,0
BRDA:101,7,0,0
BRDA:101,7,1,0
BRDA:101,8,0,0
BRDA:101,8,1,0
BRDA:102,9,0,0
BRDA:102,9,1,0
BRDA:103,10,0,0
BRDA:103,10,1,0
BRDA:125,11,0,0
BRDA:125,11,1,0
BRDA:125,11,2,0
BRDA:154,12,0,0
BRDA:154,12,1,0
BRDA:154,12,2,0
BRDA:171,13,0,0
BRDA:171,13,1,0
BRDA:227,14,0,0
BRDA:227,14,1,0
BRDA:293,15,0,0
BRDA:293,15,1,0
BRDA:316,16,0,0
BRDA:316,16,1,0
BRF:36
BRH:0
end_of_record
TN:
SF:src\components\ui\AccessibilitySettings.tsx
FN:11,AccessibilitySettings
FN:30,(anonymous_3)
FN:50,(anonymous_4)
FN:70,(anonymous_5)
FN:92,(anonymous_6)
FN:114,(anonymous_7)
FN:136,(anonymous_8)
FNF:7
FNH:0
FNDA:0,AccessibilitySettings
FNDA:0,(anonymous_3)
FNDA:0,(anonymous_4)
FNDA:0,(anonymous_5)
FNDA:0,(anonymous_6)
FNDA:0,(anonymous_7)
FNDA:0,(anonymous_8)
DA:3,0
DA:4,0
DA:5,0
DA:11,0
DA:12,0
DA:13,0
DA:30,0
DA:50,0
DA:70,0
DA:92,0
DA:114,0
DA:136,0
LF:12
LH:0
BRDA:11,0,0,0
BRF:1
BRH:0
end_of_record
TN:
SF:src\components\ui\Breadcrumb.tsx
FN:17,Breadcrumb
FN:36,(anonymous_3)
FN:83,(anonymous_4)
FNF:3
FNH:0
FNDA:0,Breadcrumb
FNDA:0,(anonymous_3)
FNDA:0,(anonymous_4)
DA:3,0
DA:4,0
DA:17,0
DA:19,0
DA:37,0
DA:84,0
LF:6
LH:0
BRDA:17,0,0,0
BRDA:19,1,0,0
BRDA:19,1,1,0
BRDA:40,2,0,0
BRDA:39,3,0,0
BRDA:39,3,1,0
BRDA:49,4,0,0
BRDA:49,4,1,0
BRDA:53,5,0,0
BRDA:53,5,1,0
BRDA:65,6,0,0
BRDA:85,7,0,0
BRDA:85,7,1,0
BRDA:89,8,0,0
BRDA:88,9,0,0
BRDA:88,9,1,0
BRDA:98,10,0,0
BRDA:98,10,1,0
BRDA:102,11,0,0
BRDA:102,11,1,0
BRF:20
BRH:0
end_of_record
TN:
SF:src\components\ui\Button.tsx
FN:44,(anonymous_7)
FNF:1
FNH:1
FNDA:37,(anonymous_7)
DA:3,3
DA:4,3
DA:5,3
DA:6,3
DA:7,3
DA:9,3
DA:43,3
DA:45,37
DA:46,37
DA:67,3
DA:69,0
DA:70,75
LF:12
LH:11
BRDA:44,0,0,37
BRDA:44,1,0,33
BRDA:45,2,0,0
BRDA:45,2,1,37
BRDA:46,3,0,37
BRDA:46,3,1,33
BRDA:56,4,0,37
BRF:7
BRH:6
end_of_record
TN:
SF:src\components\ui\Card.tsx
FN:194,(anonymous_22)
FNF:1
FNH:0
FNDA:0,(anonymous_22)
DA:3,0
DA:4,0
DA:5,0
DA:7,0
DA:53,0
DA:65,0
DA:79,0
DA:91,0
DA:99,0
DA:111,0
DA:162,0
DA:195,0
DA:205,0
DA:246,0
DA:249,0
DA:250,0
DA:251,0
DA:252,0
DA:253,0
DA:254,0
DA:255,0
DA:256,0
DA:257,0
DA:258,0
LF:24
LH:0
BRDA:131,0,0,0
BRDA:131,0,1,0
BRDA:139,1,0,0
BRDA:144,2,0,0
BRDA:151,3,0,0
BRDA:155,4,0,0
BRDA:181,5,0,0
BRDA:191,6,0,0
BRDA:191,6,1,0
BRDA:216,7,0,0
BRDA:227,8,0,0
BRDA:230,9,0,0
BRDA:230,9,1,0
BRDA:231,10,0,0
BRDA:231,10,1,0
BRDA:232,11,0,0
BRDA:232,11,1,0
BRDA:238,12,0,0
BRF:18
BRH:0
end_of_record
TN:
SF:src\components\ui\ErrorBoundary.tsx
FN:17,(anonymous_1)
FN:22,(anonymous_2)
FN:26,(anonymous_3)
FN:33,(anonymous_4)
FN:69,(anonymous_5)
FN:77,(anonymous_6)
FNF:6
FNH:4
FNDA:8,(anonymous_1)
FNDA:6,(anonymous_2)
FNDA:3,(anonymous_3)
FNDA:13,(anonymous_4)
FNDA:0,(anonymous_5)
FNDA:0,(anonymous_6)
DA:3,1
DA:4,1
DA:16,4
DA:18,8
DA:19,7
DA:23,6
DA:27,3
DA:34,13
DA:35,6
DA:36,2
DA:69,0
DA:77,0
DA:111,7
LF:13
LH:11
BRDA:34,0,0,6
BRDA:34,0,1,7
BRDA:35,1,0,2
BRDA:35,1,1,4
BRDA:56,2,0,4
BRDA:56,2,1,0
BRF:6
BRH:5
end_of_record
TN:
SF:src\components\ui\ErrorDisplay.tsx
FN:68,ErrorDisplay
FNF:1
FNH:0
FNDA:0,ErrorDisplay
DA:3,0
DA:4,0
DA:5,0
DA:6,0
DA:21,0
DA:28,0
DA:47,0
DA:68,0
DA:80,0
DA:82,0
DA:83,0
DA:84,0
DA:85,0
DA:145,0
LF:14
LH:0
BRDA:70,0,0,0
BRDA:73,1,0,0
BRDA:75,2,0,0
BRDA:76,3,0,0
BRDA:77,4,0,0
BRDA:80,5,0,0
BRDA:80,5,1,0
BRDA:83,6,0,0
BRDA:83,6,1,0
BRDA:98,7,0,0
BRDA:103,8,0,0
BRDA:112,9,0,0
BRDA:117,10,0,0
BRDA:117,10,1,0
BRDA:127,11,0,0
BRDA:127,11,1,0
BRF:16
BRH:0
end_of_record
TN:
SF:src\components\ui\ErrorPage.tsx
FN:16,ErrorPage
FN:25,(anonymous_3)
FN:74,(anonymous_4)
FN:94,(anonymous_5)
FNF:4
FNH:0
FNDA:0,ErrorPage
FNDA:0,(anonymous_3)
FNDA:0,(anonymous_4)
FNDA:0,(anonymous_5)
DA:3,0
DA:4,0
DA:16,0
DA:25,0
DA:26,0
DA:28,0
DA:33,0
DA:38,0
DA:43,0
DA:47,0
DA:74,0
DA:94,0
LF:12
LH:0
BRDA:17,0,0,0
BRDA:18,1,0,0
BRDA:20,2,0,0
BRDA:21,3,0,0
BRDA:22,4,0,0
BRDA:26,5,0,0
BRDA:26,5,1,0
BRDA:26,5,2,0
BRDA:26,5,3,0
BRDA:47,6,0,0
BRDA:47,6,1,0
BRDA:57,7,0,0
BRDA:72,8,0,0
BRDA:74,9,0,0
BRDA:74,9,1,0
BRDA:82,10,0,0
BRDA:92,11,0,0
BRF:17
BRH:0
end_of_record
TN:
SF:src\components\ui\Form.tsx
FN:16,useFormContext
FN:30,Form
FN:33,(anonymous_20)
FN:34,(anonymous_21)
FN:37,(anonymous_22)
FN:38,(anonymous_23)
FN:45,(anonymous_24)
FN:49,(anonymous_25)
FN:55,(anonymous_26)
FN:82,FormField
FN:88,(anonymous_28)
FN:108,FormItem
FN:121,FormLabel
FN:144,FormControl
FN:155,FormDescription
FN:171,FormMessage
FN:186,validateRequired
FN:193,validateEmail
FN:201,validateMinLength
FN:208,validateMaxLength
FN:215,validatePattern
FN:223,useFormValidation
FN:226,(anonymous_40)
FNF:23
FNH:0
FNDA:0,useFormContext
FNDA:0,Form
FNDA:0,(anonymous_20)
FNDA:0,(anonymous_21)
FNDA:0,(anonymous_22)
FNDA:0,(anonymous_23)
FNDA:0,(anonymous_24)
FNDA:0,(anonymous_25)
FNDA:0,(anonymous_26)
FNDA:0,FormField
FNDA:0,(anonymous_28)
FNDA:0,FormItem
FNDA:0,FormLabel
FNDA:0,FormControl
FNDA:0,FormDescription
FNDA:0,FormMessage
FNDA:0,validateRequired
FNDA:0,validateEmail
FNDA:0,validateMinLength
FNDA:0,validateMaxLength
FNDA:0,validatePattern
FNDA:0,useFormValidation
FNDA:0,(anonymous_40)
DA:3,0
DA:4,0
DA:14,0
DA:16,0
DA:17,0
DA:18,0
DA:19,0
DA:21,0
DA:30,0
DA:31,0
DA:33,0
DA:34,0
DA:37,0
DA:38,0
DA:39,0
DA:40,0
DA:41,0
DA:45,0
DA:46,0
DA:49,0
DA:50,0
DA:51,0
DA:52,0
DA:55,0
DA:82,0
DA:83,0
DA:84,0
DA:89,0
DA:90,0
DA:96,0
DA:108,0
DA:121,0
DA:144,0
DA:155,0
DA:171,0
DA:172,0
DA:186,0
DA:187,0
DA:188,0
DA:190,0
DA:193,0
DA:194,0
DA:195,0
DA:196,0
DA:198,0
DA:201,0
DA:202,0
DA:203,0
DA:205,0
DA:208,0
DA:209,0
DA:210,0
DA:212,0
DA:215,0
DA:216,0
DA:217,0
DA:219,0
DA:223,0
DA:224,0
DA:226,0
DA:227,0
DA:228,0
DA:229,0
DA:230,0
DA:231,0
DA:234,0
DA:235,0
DA:238,0
LF:68
LH:0
BRDA:18,0,0,0
BRDA:18,0,1,0
BRDA:89,1,0,0
BRDA:89,1,1,0
BRDA:131,2,0,0
BRDA:172,3,0,0
BRDA:172,3,1,0
BRDA:186,4,0,0
BRDA:187,5,0,0
BRDA:187,5,1,0
BRDA:187,6,0,0
BRDA:187,6,1,0
BRDA:187,6,2,0
BRDA:193,7,0,0
BRDA:195,8,0,0
BRDA:195,8,1,0
BRDA:195,9,0,0
BRDA:195,9,1,0
BRDA:202,10,0,0
BRDA:202,10,1,0
BRDA:202,11,0,0
BRDA:202,11,1,0
BRDA:203,12,0,0
BRDA:203,12,1,0
BRDA:209,13,0,0
BRDA:209,13,1,0
BRDA:209,14,0,0
BRDA:209,14,1,0
BRDA:210,15,0,0
BRDA:210,15,1,0
BRDA:215,16,0,0
BRDA:216,17,0,0
BRDA:216,17,1,0
BRDA:216,18,0,0
BRDA:216,18,1,0
BRDA:229,19,0,0
BRDA:229,19,1,0
BRF:37
BRH:0
end_of_record
TN:
SF:src\components\ui\Input.tsx
FN:14,(anonymous_6)
FNF:1
FNH:1
FNDA:7,(anonymous_6)
DA:3,1
DA:4,1
DA:13,1
DA:15,7
DA:16,7
DA:17,7
DA:19,7
DA:64,1
DA:66,0
DA:67,7
LF:10
LH:9
BRDA:15,0,0,7
BRDA:15,0,1,7
BRDA:20,1,0,1
BRDA:20,1,1,6
BRDA:21,2,0,1
BRDA:21,2,1,6
BRDA:26,3,0,7
BRDA:32,4,0,2
BRDA:41,5,0,7
BRDA:41,5,1,1
BRDA:46,6,0,7
BRDA:46,6,1,5
BRDA:50,7,0,7
BRDA:55,8,0,7
BRF:14
BRH:14
end_of_record
TN:
SF:src\components\ui\Label.tsx
FNF:0
FNH:0
DA:3,0
DA:4,0
DA:5,0
DA:6,0
DA:8,0
DA:23,0
DA:25,0
LF:7
LH:0
BRF:0
BRH:0
end_of_record
TN:
SF:src\components\ui\Layout.tsx
FN:12,Container
FN:47,Grid
FN:96,Flex
FN:150,Stack
FN:188,Section
FN:229,SidebarLayout
FN:288,HeaderLayout
FN:316,CenteredLayout
FN:350,useMediaQuery
FN:353,(anonymous_26)
FN:358,(anonymous_27)
FN:360,(anonymous_28)
FN:367,useIsMobile
FN:371,useIsTablet
FN:375,useIsDesktop
FNF:15
FNH:0
FNDA:0,Container
FNDA:0,Grid
FNDA:0,Flex
FNDA:0,Stack
FNDA:0,Section
FNDA:0,SidebarLayout
FNDA:0,HeaderLayout
FNDA:0,CenteredLayout
FNDA:0,useMediaQuery
FNDA:0,(anonymous_26)
FNDA:0,(anonymous_27)
FNDA:0,(anonymous_28)
FNDA:0,useIsMobile
FNDA:0,useIsTablet
FNDA:0,useIsDesktop
DA:3,0
DA:4,0
DA:12,0
DA:47,0
DA:96,0
DA:150,0
DA:188,0
DA:229,0
DA:288,0
DA:316,0
DA:341,0
DA:350,0
DA:351,0
DA:353,0
DA:354,0
DA:355,0
DA:356,0
DA:358,0
DA:359,0
DA:360,0
DA:363,0
DA:367,0
DA:368,0
DA:371,0
DA:372,0
DA:375,0
DA:376,0
LF:27
LH:0
BRDA:13,0,0,0
BRDA:14,1,0,0
BRDA:30,2,0,0
BRDA:30,2,1,0
BRDA:48,3,0,0
BRDA:49,4,0,0
BRDA:50,5,0,0
BRDA:61,6,0,0
BRDA:61,6,1,0
BRDA:62,7,0,0
BRDA:62,7,1,0
BRDA:63,8,0,0
BRDA:63,8,1,0
BRDA:64,9,0,0
BRDA:64,9,1,0
BRDA:65,10,0,0
BRDA:65,10,1,0
BRDA:66,11,0,0
BRDA:66,11,1,0
BRDA:67,12,0,0
BRDA:67,12,1,0
BRDA:68,13,0,0
BRDA:68,13,1,0
BRDA:69,14,0,0
BRDA:69,14,1,0
BRDA:70,15,0,0
BRDA:70,15,1,0
BRDA:97,16,0,0
BRDA:98,17,0,0
BRDA:99,18,0,0
BRDA:100,19,0,0
BRDA:101,20,0,0
BRDA:134,21,0,0
BRDA:134,21,1,0
BRDA:151,22,0,0
BRDA:152,23,0,0
BRDA:189,24,0,0
BRDA:190,25,0,0
BRDA:232,26,0,0
BRDA:233,27,0,0
BRDA:234,28,0,0
BRDA:244,29,0,0
BRDA:244,29,1,0
BRDA:245,30,0,0
BRDA:245,30,1,0
BRDA:246,31,0,0
BRDA:246,31,1,0
BRDA:249,32,0,0
BRDA:249,32,1,0
BRDA:252,33,0,0
BRDA:256,34,0,0
BRDA:256,34,1,0
BRDA:260,35,0,0
BRDA:260,35,1,0
BRDA:268,36,0,0
BRDA:268,36,1,0
BRDA:291,37,0,0
BRDA:298,38,0,0
BRDA:298,38,1,0
BRDA:318,39,0,0
BRDA:355,40,0,0
BRDA:355,40,1,0
BRF:62
BRH:0
end_of_record
TN:
SF:src\components\ui\LoadingPage.tsx
FN:7,LoadingPage
FNF:1
FNH:0
FNDA:0,LoadingPage
DA:1,0
DA:7,0
LF:2
LH:0
BRDA:7,0,0,0
BRF:1
BRH:0
end_of_record
TN:
SF:src\components\ui\LoadingSpinner.tsx
FN:9,LoadingSpinner
FNF:1
FNH:1
FNDA:4,LoadingSpinner
DA:1,1
DA:9,4
DA:14,4
LF:3
LH:3
BRDA:10,0,0,4
BRDA:11,1,0,3
BRDA:24,2,0,4
BRF:3
BRH:3
end_of_record
TN:
SF:src\components\ui\LoadingState.tsx
FN:33,LoadingState
FN:73,SkeletonCard
FN:93,SkeletonText
FN:102,(anonymous_11)
FNF:4
FNH:0
FNDA:0,LoadingState
FNDA:0,SkeletonCard
FNDA:0,SkeletonText
FNDA:0,(anonymous_11)
DA:3,0
DA:4,0
DA:5,0
DA:15,0
DA:33,0
DA:40,0
DA:62,0
DA:70,0
DA:73,0
DA:93,0
DA:103,0
DA:115,0
LF:12
LH:0
BRDA:34,0,0,0
BRDA:35,1,0,0
BRDA:37,2,0,0
BRDA:38,3,0,0
BRDA:48,4,0,0
BRDA:62,5,0,0
BRDA:62,5,1,0
BRDA:94,6,0,0
BRDA:107,7,0,0
BRDA:107,7,1,0
BRF:10
BRH:0
end_of_record
TN:
SF:src\components\ui\MobileLayout.tsx
FN:23,MobileLayout
FN:36,(anonymous_5)
FN:37,(anonymous_6)
FN:43,(anonymous_7)
FN:47,(anonymous_8)
FN:59,(anonymous_9)
FN:109,(anonymous_10)
FNF:7
FNH:0
FNDA:0,MobileLayout
FNDA:0,(anonymous_5)
FNDA:0,(anonymous_6)
FNDA:0,(anonymous_7)
FNDA:0,(anonymous_8)
FNDA:0,(anonymous_9)
FNDA:0,(anonymous_10)
DA:3,0
DA:4,0
DA:17,0
DA:23,0
DA:33,0
DA:34,0
DA:36,0
DA:37,0
DA:38,0
DA:41,0
DA:42,0
DA:43,0
DA:47,0
DA:48,0
DA:49,0
DA:59,0
DA:109,0
LF:17
LH:0
BRDA:28,0,0,0
BRDA:29,1,0,0
BRDA:30,2,0,0
BRDA:31,3,0,0
BRDA:48,4,0,0
BRDA:48,4,1,0
BRDA:48,5,0,0
BRDA:48,5,1,0
BRDA:56,6,0,0
BRDA:56,6,1,0
BRDA:64,7,0,0
BRDA:69,8,0,0
BRDA:69,8,1,0
BRDA:70,9,0,0
BRDA:70,9,1,0
BRDA:73,10,0,0
BRDA:73,10,1,0
BRDA:75,11,0,0
BRDA:75,11,1,0
BRDA:87,12,0,0
BRDA:99,13,0,0
BRDA:107,14,0,0
BRDA:107,14,1,0
BRDA:112,15,0,0
BRDA:112,15,1,0
BRDA:114,16,0,0
BRDA:114,16,1,0
BRDA:123,17,0,0
BRF:28
BRH:0
end_of_record
TN:
SF:src\components\ui\Modal.tsx
FN:140,Modal
FN:152,(anonymous_35)
FN:160,(anonymous_36)
FN:167,(anonymous_37)
FN:317,ConfirmationDialog
FN:328,(anonymous_47)
FNF:6
FNH:0
FNDA:0,Modal
FNDA:0,(anonymous_35)
FNDA:0,(anonymous_36)
FNDA:0,(anonymous_37)
FNDA:0,ConfirmationDialog
FNDA:0,(anonymous_47)
DA:3,0
DA:4,0
DA:5,0
DA:6,0
DA:7,0
DA:9,0
DA:10,0
DA:11,0
DA:12,0
DA:27,0
DA:29,0
DA:70,0
DA:84,0
DA:98,0
DA:113,0
DA:125,0
DA:153,0
DA:154,0
DA:161,0
DA:162,0
DA:164,0
DA:168,0
DA:169,0
DA:186,0
DA:187,0
DA:188,0
DA:203,0
DA:221,0
DA:235,0
DA:249,0
DA:261,0
DA:273,0
DA:288,0
DA:303,0
DA:328,0
DA:352,0
DA:353,0
DA:354,0
DA:355,0
DA:356,0
DA:357,0
DA:358,0
DA:359,0
DA:360,0
DA:361,0
DA:362,0
DA:363,0
DA:364,0
DA:365,0
DA:366,0
DA:367,0
DA:368,0
DA:369,0
DA:370,0
DA:371,0
DA:372,0
DA:373,0
DA:374,0
DA:377,0
LF:59
LH:0
BRDA:146,0,0,0
BRDA:148,1,0,0
BRDA:149,2,0,0
BRDA:153,3,0,0
BRDA:153,3,1,0
BRDA:153,4,0,0
BRDA:153,4,1,0
BRDA:161,5,0,0
BRDA:161,5,1,0
BRDA:168,6,0,0
BRDA:168,6,1,0
BRDA:173,7,0,0
BRDA:173,7,1,0
BRDA:175,8,0,0
BRDA:176,9,0,0
BRDA:323,10,0,0
BRDA:324,11,0,0
BRDA:325,12,0,0
BRDA:328,13,0,0
BRDA:328,13,1,0
BRDA:339,14,0,0
BRDA:339,14,1,0
BRF:22
BRH:0
end_of_record
TN:
SF:src\components\ui\PasswordInput.tsx
FN:13,(anonymous_6)
FN:17,(anonymous_7)
FN:37,(anonymous_8)
FN:54,(anonymous_9)
FN:70,(anonymous_10)
FNF:5
FNH:0
FNDA:0,(anonymous_6)
FNDA:0,(anonymous_7)
FNDA:0,(anonymous_8)
FNDA:0,(anonymous_9)
FNDA:0,(anonymous_10)
DA:3,0
DA:4,0
DA:5,0
DA:6,0
DA:12,0
DA:14,0
DA:15,0
DA:17,0
DA:18,0
DA:19,0
DA:20,0
DA:21,0
DA:22,0
DA:23,0
DA:24,0
DA:27,0
DA:28,0
DA:29,0
DA:37,0
DA:38,0
DA:39,0
DA:54,0
DA:71,0
DA:91,0
DA:93,0
DA:94,0
LF:26
LH:0
BRDA:13,0,0,0
BRDA:19,1,0,0
BRDA:19,1,1,0
BRDA:20,2,0,0
BRDA:20,2,1,0
BRDA:21,3,0,0
BRDA:21,3,1,0
BRDA:22,4,0,0
BRDA:22,4,1,0
BRDA:23,5,0,0
BRDA:23,5,1,0
BRDA:48,6,0,0
BRDA:48,6,1,0
BRDA:57,7,0,0
BRDA:57,7,1,0
BRDA:60,8,0,0
BRDA:67,9,0,0
BRDA:67,9,1,0
BRDA:75,10,0,0
BRDA:75,10,1,0
BRDA:83,11,0,0
BRDA:83,11,1,0
BRF:22
BRH:0
end_of_record
TN:
SF:src\components\ui\Popover.tsx
FNF:0
FNH:0
DA:3,0
DA:4,0
DA:5,0
DA:7,0
DA:8,0
DA:9,0
DA:28,0
DA:30,0
LF:8
LH:0
BRDA:14,0,0,0
BRDA:14,1,0,0
BRF:2
BRH:0
end_of_record
TN:
SF:src\components\ui\ResponsiveContainer.tsx
FN:26,ResponsiveContainer
FNF:1
FNH:0
FNDA:0,ResponsiveContainer
DA:1,0
DA:2,0
DA:11,0
DA:19,0
DA:26,0
LF:5
LH:0
BRDA:28,0,0,0
BRDA:29,1,0,0
BRDA:30,2,0,0
BRF:3
BRH:0
end_of_record
TN:
SF:src\components\ui\ResponsiveGrid.tsx
FN:28,ResponsiveGrid
FN:36,(anonymous_3)
FNF:2
FNH:0
FNDA:0,ResponsiveGrid
FNDA:0,(anonymous_3)
DA:1,0
DA:2,0
DA:20,0
DA:28,0
DA:36,0
DA:37,0
DA:38,0
DA:43,0
DA:45,0
DA:46,0
DA:47,0
DA:48,0
DA:49,0
DA:50,0
DA:52,0
DA:55,0
LF:16
LH:0
BRDA:30,0,0,0
BRDA:31,1,0,0
BRDA:32,2,0,0
BRDA:33,3,0,0
BRDA:34,4,0,0
BRDA:37,5,0,0
BRDA:37,5,1,0
BRDA:45,6,0,0
BRDA:45,6,1,0
BRDA:46,7,0,0
BRDA:46,7,1,0
BRDA:47,8,0,0
BRDA:47,8,1,0
BRDA:48,9,0,0
BRDA:48,9,1,0
BRDA:49,10,0,0
BRDA:49,10,1,0
BRDA:50,11,0,0
BRDA:50,11,1,0
BRDA:62,12,0,0
BRDA:62,12,1,0
BRDA:65,13,0,0
BRDA:65,13,1,0
BRF:23
BRH:0
end_of_record
TN:
SF:src\components\ui\ResponsiveImage.tsx
FN:35,ResponsiveImage
FNF:1
FNH:0
FNDA:0,ResponsiveImage
DA:1,0
DA:2,0
DA:3,0
DA:19,0
DA:27,0
DA:35,0
LF:6
LH:0
BRDA:38,0,0,0
BRDA:39,1,0,0
BRDA:40,2,0,0
BRDA:41,3,0,0
BRDA:42,4,0,0
BRDA:43,5,0,0
BRDA:44,6,0,0
BRDA:46,7,0,0
BRDA:60,8,0,0
BRDA:60,8,1,0
BRDA:61,9,0,0
BRDA:61,9,1,0
BRF:12
BRH:0
end_of_record
TN:
SF:src\components\ui\Sheet.tsx
FNF:0
FNH:0
DA:3,0
DA:4,0
DA:5,0
DA:6,0
DA:7,0
DA:9,0
DA:10,0
DA:11,0
DA:12,0
DA:27,0
DA:29,0
DA:71,0
DA:85,0
DA:99,0
DA:111,0
DA:123,0
DA:126,0
DA:127,0
DA:128,0
DA:129,0
DA:130,0
DA:131,0
DA:132,0
DA:133,0
DA:134,0
DA:135,0
LF:26
LH:0
BRDA:55,0,0,0
BRF:1
BRH:0
end_of_record
TN:
SF:src\components\ui\SkipLink.tsx
FN:10,SkipLink
FNF:1
FNH:0
FNDA:0,SkipLink
DA:1,0
DA:2,0
DA:10,0
LF:3
LH:0
BRDA:10,0,0,0
BRF:1
BRH:0
end_of_record
TN:
SF:src\components\ui\SuccessState.tsx
FN:44,SuccessState
FN:58,(anonymous_7)
FN:60,(anonymous_8)
FN:65,(anonymous_9)
FNF:4
FNH:0
FNDA:0,SuccessState
FNDA:0,(anonymous_7)
FNDA:0,(anonymous_8)
FNDA:0,(anonymous_9)
DA:3,0
DA:4,0
DA:5,0
DA:6,0
DA:23,0
DA:44,0
DA:55,0
DA:56,0
DA:58,0
DA:59,0
DA:60,0
DA:61,0
DA:62,0
DA:65,0
DA:69,0
DA:113,0
LF:16
LH:0
BRDA:49,0,0,0
BRDA:50,1,0,0
BRDA:51,2,0,0
BRDA:52,3,0,0
BRDA:59,4,0,0
BRDA:59,4,1,0
BRDA:59,5,0,0
BRDA:59,5,1,0
BRDA:69,6,0,0
BRDA:69,6,1,0
BRDA:81,7,0,0
BRDA:86,8,0,0
BRDA:95,9,0,0
BRDA:100,10,0,0
BRDA:100,10,1,0
BRF:15
BRH:0
end_of_record
TN:
SF:src\components\ui\Textarea.tsx
FN:14,(anonymous_4)
FNF:1
FNH:0
FNDA:0,(anonymous_4)
DA:3,0
DA:4,0
DA:13,0
DA:15,0
DA:16,0
DA:17,0
DA:19,0
DA:63,0
DA:65,0
LF:9
LH:0
BRDA:15,0,0,0
BRDA:15,0,1,0
BRDA:20,1,0,0
BRDA:20,1,1,0
BRDA:21,2,0,0
BRDA:21,2,1,0
BRDA:26,3,0,0
BRDA:32,4,0,0
BRDA:40,5,0,0
BRDA:40,5,1,0
BRDA:45,6,0,0
BRDA:45,6,1,0
BRDA:49,7,0,0
BRDA:54,8,0,0
BRF:14
BRH:0
end_of_record
TN:
SF:src\components\ui\ThemeToggle.tsx
FN:12,ThemeToggle
FN:20,(anonymous_3)
FN:41,(anonymous_4)
FN:56,(anonymous_5)
FNF:4
FNH:0
FNDA:0,ThemeToggle
FNDA:0,(anonymous_3)
FNDA:0,(anonymous_4)
FNDA:0,(anonymous_5)
DA:3,0
DA:4,0
DA:5,0
DA:12,0
DA:13,0
DA:15,0
DA:20,0
DA:41,0
DA:42,0
DA:46,0
DA:56,0
DA:57,0
DA:59,0
DA:61,0
DA:63,0
LF:15
LH:0
BRDA:12,0,0,0
BRDA:12,1,0,0
BRDA:15,2,0,0
BRDA:15,2,1,0
BRDA:30,3,0,0
BRDA:42,4,0,0
BRDA:42,4,1,0
BRDA:57,5,0,0
BRDA:57,5,1,0
BRDA:57,5,2,0
BRF:10
BRH:0
end_of_record
TN:
SF:src\components\ui\VisuallyHidden.tsx
FN:8,VisuallyHidden
FNF:1
FNH:0
FNDA:0,VisuallyHidden
DA:1,0
DA:8,0
DA:9,0
DA:10,0
LF:4
LH:0
BRDA:8,0,0,0
BRDA:9,1,0,0
BRDA:9,1,1,0
BRF:3
BRH:0
end_of_record
TN:
SF:src\components\workspace\AIChatPanel.tsx
FN:96,AIChatPanel
FN:113,(anonymous_3)
FN:115,(anonymous_4)
FN:116,(anonymous_5)
FN:125,(anonymous_6)
FN:133,(anonymous_7)
FN:143,(anonymous_8)
FN:158,(anonymous_9)
FN:176,(anonymous_10)
FN:185,(anonymous_11)
FN:196,(anonymous_12)
FN:201,(anonymous_13)
FN:201,(anonymous_14)
FN:202,(anonymous_15)
FN:208,(anonymous_16)
FN:209,(anonymous_17)
FN:209,(anonymous_18)
FN:210,(anonymous_19)
FN:248,(anonymous_20)
FN:251,(anonymous_21)
FN:273,(anonymous_22)
FN:302,(anonymous_23)
FN:334,(anonymous_24)
FN:345,(anonymous_25)
FN:346,(anonymous_26)
FN:397,(anonymous_27)
FN:417,(anonymous_28)
FN:418,(anonymous_29)
FN:423,(anonymous_30)
FN:436,(anonymous_31)
FNF:30
FNH:0
FNDA:0,AIChatPanel
FNDA:0,(anonymous_3)
FNDA:0,(anonymous_4)
FNDA:0,(anonymous_5)
FNDA:0,(anonymous_6)
FNDA:0,(anonymous_7)
FNDA:0,(anonymous_8)
FNDA:0,(anonymous_9)
FNDA:0,(anonymous_10)
FNDA:0,(anonymous_11)
FNDA:0,(anonymous_12)
FNDA:0,(anonymous_13)
FNDA:0,(anonymous_14)
FNDA:0,(anonymous_15)
FNDA:0,(anonymous_16)
FNDA:0,(anonymous_17)
FNDA:0,(anonymous_18)
FNDA:0,(anonymous_19)
FNDA:0,(anonymous_20)
FNDA:0,(anonymous_21)
FNDA:0,(anonymous_22)
FNDA:0,(anonymous_23)
FNDA:0,(anonymous_24)
FNDA:0,(anonymous_25)
FNDA:0,(anonymous_26)
FNDA:0,(anonymous_27)
FNDA:0,(anonymous_28)
FNDA:0,(anonymous_29)
FNDA:0,(anonymous_30)
FNDA:0,(anonymous_31)
DA:3,0
DA:21,0
DA:22,0
DA:23,0
DA:75,0
DA:89,0
DA:96,0
DA:99,0
DA:100,0
DA:101,0
DA:102,0
DA:103,0
DA:104,0
DA:105,0
DA:106,0
DA:107,0
DA:109,0
DA:110,0
DA:111,0
DA:113,0
DA:115,0
DA:116,0
DA:117,0
DA:118,0
DA:119,0
DA:122,0
DA:125,0
DA:126,0
DA:127,0
DA:128,0
DA:129,0
DA:133,0
DA:134,0
DA:135,0
DA:137,0
DA:138,0
DA:139,0
DA:142,0
DA:143,0
DA:144,0
DA:145,0
DA:146,0
DA:147,0
DA:149,0
DA:150,0
DA:152,0
DA:158,0
DA:168,0
DA:176,0
DA:185,0
DA:193,0
DA:196,0
DA:197,0
DA:198,0
DA:199,0
DA:200,0
DA:201,0
DA:202,0
DA:204,0
DA:205,0
DA:208,0
DA:209,0
DA:210,0
DA:249,0
DA:251,0
DA:274,0
DA:303,0
DA:335,0
DA:345,0
DA:346,0
DA:397,0
DA:417,0
DA:418,0
DA:423,0
DA:436,0
LF:75
LH:0
BRDA:97,0,0,0
BRDA:110,1,0,0
BRDA:110,1,1,0
BRDA:111,2,0,0
BRDA:111,2,1,0
BRDA:119,3,0,0
BRDA:119,3,1,0
BRDA:122,4,0,0
BRDA:122,4,1,0
BRDA:126,5,0,0
BRDA:126,5,1,0
BRDA:134,6,0,0
BRDA:134,6,1,0
BRDA:135,7,0,0
BRDA:135,7,1,0
BRDA:135,8,0,0
BRDA:135,8,1,0
BRDA:138,9,0,0
BRDA:138,9,1,0
BRDA:150,10,0,0
BRDA:150,10,1,0
BRDA:161,11,0,0
BRDA:161,11,1,0
BRDA:163,12,0,0
BRDA:163,12,1,0
BRDA:171,13,0,0
BRDA:171,13,1,0
BRDA:171,13,2,0
BRDA:173,14,0,0
BRDA:173,14,1,0
BRDA:179,15,0,0
BRDA:179,15,1,0
BRDA:181,16,0,0
BRDA:181,16,1,0
BRDA:188,17,0,0
BRDA:188,17,1,0
BRDA:197,18,0,0
BRDA:197,18,1,0
BRDA:202,19,0,0
BRDA:202,19,1,0
BRDA:210,20,0,0
BRDA:210,20,1,0
BRDA:219,21,0,0
BRDA:219,21,1,0
BRDA:225,22,0,0
BRDA:225,22,1,0
BRDA:226,23,0,0
BRDA:226,23,1,0
BRDA:227,24,0,0
BRDA:227,24,1,0
BRDA:230,25,0,0
BRDA:240,26,0,0
BRDA:240,26,1,0
BRDA:244,27,0,0
BRDA:244,27,1,0
BRDA:262,28,0,0
BRDA:262,28,1,0
BRDA:274,29,0,0
BRDA:274,29,1,0
BRDA:275,30,0,0
BRDA:275,30,1,0
BRDA:277,31,0,0
BRDA:277,31,1,0
BRDA:279,32,0,0
BRDA:282,33,0,0
BRDA:282,33,1,0
BRDA:284,34,0,0
BRDA:284,34,1,0
BRDA:286,35,0,0
BRDA:286,35,1,0
BRDA:287,36,0,0
BRDA:287,36,1,0
BRDA:295,37,0,0
BRDA:295,37,1,0
BRDA:296,38,0,0
BRDA:296,38,1,0
BRDA:298,39,0,0
BRDA:298,39,1,0
BRDA:299,40,0,0
BRDA:299,40,1,0
BRDA:308,41,0,0
BRDA:308,41,1,0
BRDA:311,42,0,0
BRDA:311,42,1,0
BRDA:316,43,0,0
BRDA:316,43,1,0
BRDA:319,44,0,0
BRDA:319,44,1,0
BRDA:321,45,0,0
BRDA:321,45,1,0
BRDA:332,46,0,0
BRDA:332,46,1,0
BRDA:335,47,0,0
BRDA:335,47,1,0
BRDA:350,48,0,0
BRDA:350,48,1,0
BRDA:351,49,0,0
BRDA:351,49,1,0
BRDA:358,50,0,0
BRDA:358,50,1,0
BRDA:366,51,0,0
BRDA:368,52,0,0
BRDA:368,52,1,0
BRDA:369,53,0,0
BRDA:371,54,0,0
BRDA:371,54,1,0
BRDA:373,55,0,0
BRDA:373,55,1,0
BRDA:374,56,0,0
BRDA:374,56,1,0
BRDA:384,57,0,0
BRDA:385,58,0,0
BRDA:385,58,1,0
BRDA:393,59,0,0
BRDA:393,59,1,0
BRDA:408,60,0,0
BRDA:408,60,1,0
BRDA:409,61,0,0
BRDA:409,61,1,0
BRDA:412,62,0,0
BRDA:412,62,1,0
BRDA:418,63,0,0
BRDA:418,63,1,0
BRDA:418,64,0,0
BRDA:418,64,1,0
BRDA:424,65,0,0
BRDA:424,65,1,0
BRDA:426,66,0,0
BRDA:426,66,1,0
BRDA:430,67,0,0
BRDA:430,67,1,0
BRDA:437,68,0,0
BRDA:437,68,1,0
BRDA:438,69,0,0
BRDA:438,69,1,0
BRF:135
BRH:0
end_of_record
TN:
SF:src\components\workspace\DiffViewer.tsx
FN:18,DiffViewer
FN:49,(anonymous_2)
FN:63,(anonymous_3)
FNF:3
FNH:0
FNDA:0,DiffViewer
FNDA:0,(anonymous_2)
FNDA:0,(anonymous_3)
DA:3,0
DA:18,0
DA:22,0
DA:23,0
DA:50,0
DA:64,0
LF:6
LH:0
BRDA:20,0,0,0
BRDA:52,1,0,0
BRDA:52,1,1,0
BRDA:66,2,0,0
BRDA:66,2,1,0
BRDA:79,3,0,0
BRDA:80,4,0,0
BRDA:80,4,1,0
BRF:8
BRH:0
end_of_record
TN:
SF:src\components\workspace\EnhancedFileTree.tsx
FN:16,EnhancedFileTree
FN:24,(anonymous_2)
FN:31,(anonymous_3)
FN:32,(anonymous_4)
FN:66,(anonymous_5)
FN:73,(anonymous_6)
FNF:6
FNH:0
FNDA:0,EnhancedFileTree
FNDA:0,(anonymous_2)
FNDA:0,(anonymous_3)
FNDA:0,(anonymous_4)
FNDA:0,(anonymous_5)
FNDA:0,(anonymous_6)
DA:3,0
DA:5,0
DA:16,0
DA:19,0
DA:20,0
DA:25,0
DA:26,0
DA:28,0
DA:31,0
DA:33,0
DA:34,0
DA:66,0
DA:74,0
DA:75,0
DA:77,0
LF:15
LH:0
BRDA:17,0,0,0
BRDA:36,1,0,0
BRDA:36,1,1,0
BRDA:37,2,0,0
BRDA:37,2,1,0
BRDA:45,3,0,0
BRDA:47,4,0,0
BRDA:47,4,1,0
BRDA:56,5,0,0
BRDA:64,6,0,0
BRDA:68,7,0,0
BRDA:68,7,1,0
BRDA:74,8,0,0
BRDA:74,8,1,0
BRF:14
BRH:0
end_of_record
TN:
SF:src\components\workspace\EntitiesModal.tsx
FN:21,EntitiesModal
FN:29,(anonymous_2)
FN:31,(anonymous_3)
FN:33,(anonymous_4)
FN:36,(anonymous_5)
FN:36,(anonymous_6)
FN:38,(anonymous_7)
FN:42,(anonymous_8)
FN:47,(anonymous_9)
FN:49,(anonymous_10)
FN:52,(anonymous_11)
FN:55,(anonymous_12)
FN:60,(anonymous_13)
FN:113,(anonymous_14)
FN:118,(anonymous_15)
FN:122,(anonymous_16)
FN:123,(anonymous_17)
FN:125,(anonymous_18)
FN:139,(anonymous_19)
FN:143,(anonymous_20)
FNF:20
FNH:0
FNDA:0,EntitiesModal
FNDA:0,(anonymous_2)
FNDA:0,(anonymous_3)
FNDA:0,(anonymous_4)
FNDA:0,(anonymous_5)
FNDA:0,(anonymous_6)
FNDA:0,(anonymous_7)
FNDA:0,(anonymous_8)
FNDA:0,(anonymous_9)
FNDA:0,(anonymous_10)
FNDA:0,(anonymous_11)
FNDA:0,(anonymous_12)
FNDA:0,(anonymous_13)
FNDA:0,(anonymous_14)
FNDA:0,(anonymous_15)
FNDA:0,(anonymous_16)
FNDA:0,(anonymous_17)
FNDA:0,(anonymous_18)
FNDA:0,(anonymous_19)
FNDA:0,(anonymous_20)
DA:3,0
DA:4,0
DA:6,0
DA:19,0
DA:21,0
DA:22,0
DA:23,0
DA:24,0
DA:25,0
DA:26,0
DA:27,0
DA:29,0
DA:31,0
DA:32,0
DA:33,0
DA:34,0
DA:35,0
DA:36,0
DA:38,0
DA:39,0
DA:42,0
DA:43,0
DA:44,0
DA:45,0
DA:46,0
DA:47,0
DA:48,0
DA:49,0
DA:51,0
DA:52,0
DA:53,0
DA:55,0
DA:58,0
DA:59,0
DA:60,0
DA:62,0
DA:66,0
DA:113,0
DA:118,0
DA:123,0
DA:125,0
DA:140,0
DA:141,0
DA:143,0
LF:44
LH:0
BRDA:21,0,0,0
BRDA:33,1,0,0
BRDA:33,1,1,0
BRDA:34,2,0,0
BRDA:34,2,1,0
BRDA:36,3,0,0
BRDA:36,3,1,0
BRDA:36,3,2,0
BRDA:38,4,0,0
BRDA:38,4,1,0
BRDA:38,5,0,0
BRDA:38,5,1,0
BRDA:43,6,0,0
BRDA:43,6,1,0
BRDA:43,7,0,0
BRDA:43,7,1,0
BRDA:43,7,2,0
BRDA:53,8,0,0
BRDA:53,8,1,0
BRDA:66,9,0,0
BRDA:66,9,1,0
BRDA:70,10,0,0
BRDA:70,10,1,0
BRDA:71,11,0,0
BRDA:71,11,1,0
BRDA:73,12,0,0
BRDA:73,12,1,0
BRDA:82,13,0,0
BRDA:82,13,1,0
BRDA:82,13,2,0
BRDA:87,14,0,0
BRDA:87,14,1,0
BRDA:89,15,0,0
BRDA:89,15,1,0
BRDA:91,16,0,0
BRDA:91,16,1,0
BRDA:94,17,0,0
BRDA:94,17,1,0
BRDA:97,18,0,0
BRDA:99,19,0,0
BRDA:101,20,0,0
BRDA:110,21,0,0
BRDA:110,21,1,0
BRDA:111,22,0,0
BRDA:111,22,1,0
BRDA:119,23,0,0
BRDA:119,23,1,0
BRDA:119,24,0,0
BRDA:119,24,1,0
BRDA:124,25,0,0
BRDA:124,25,1,0
BRDA:124,26,0,0
BRDA:124,26,1,0
BRDA:132,27,0,0
BRDA:135,28,0,0
BRDA:135,28,1,0
BRDA:140,29,0,0
BRDA:140,29,1,0
BRDA:143,30,0,0
BRDA:143,30,1,0
BRDA:144,31,0,0
BRDA:144,31,1,0
BRDA:146,32,0,0
BRDA:146,32,1,0
BRDA:152,33,0,0
BRDA:154,34,0,0
BRDA:154,34,1,0
BRDA:142,35,0,0
BRDA:142,35,1,0
BRF:69
BRH:0
end_of_record
TN:
SF:src\components\workspace\EntityBrowser.tsx
FN:30,EntityItem
FN:31,(anonymous_2)
FN:44,(anonymous_3)
FN:57,(anonymous_4)
FN:126,EntityBrowser
FN:142,(anonymous_6)
FN:143,(anonymous_7)
FN:145,(anonymous_8)
FN:150,(anonymous_9)
FN:166,(anonymous_10)
FN:167,(anonymous_11)
FN:168,(anonymous_12)
FN:173,(anonymous_13)
FN:174,(anonymous_14)
FN:176,(anonymous_15)
FN:202,(anonymous_16)
FN:209,(anonymous_17)
FN:228,(anonymous_18)
FN:233,(anonymous_19)
FN:255,(anonymous_20)
FN:291,(anonymous_21)
FN:296,(anonymous_22)
FNF:22
FNH:0
FNDA:0,EntityItem
FNDA:0,(anonymous_2)
FNDA:0,(anonymous_3)
FNDA:0,(anonymous_4)
FNDA:0,EntityBrowser
FNDA:0,(anonymous_6)
FNDA:0,(anonymous_7)
FNDA:0,(anonymous_8)
FNDA:0,(anonymous_9)
FNDA:0,(anonymous_10)
FNDA:0,(anonymous_11)
FNDA:0,(anonymous_12)
FNDA:0,(anonymous_13)
FNDA:0,(anonymous_14)
FNDA:0,(anonymous_15)
FNDA:0,(anonymous_16)
FNDA:0,(anonymous_17)
FNDA:0,(anonymous_18)
FNDA:0,(anonymous_19)
FNDA:0,(anonymous_20)
FNDA:0,(anonymous_21)
FNDA:0,(anonymous_22)
DA:3,0
DA:15,0
DA:31,0
DA:32,0
DA:44,0
DA:45,0
DA:47,0
DA:49,0
DA:51,0
DA:53,0
DA:57,0
DA:58,0
DA:59,0
DA:60,0
DA:126,0
DA:131,0
DA:132,0
DA:133,0
DA:134,0
DA:136,0
DA:142,0
DA:143,0
DA:144,0
DA:145,0
DA:146,0
DA:147,0
DA:150,0
DA:151,0
DA:153,0
DA:155,0
DA:157,0
DA:159,0
DA:163,0
DA:166,0
DA:167,0
DA:168,0
DA:169,0
DA:173,0
DA:174,0
DA:175,0
DA:176,0
DA:202,0
DA:209,0
DA:229,0
DA:233,0
DA:255,0
DA:292,0
DA:296,0
LF:48
LH:0
BRDA:45,0,0,0
BRDA:45,0,1,0
BRDA:45,0,2,0
BRDA:45,0,3,0
BRDA:58,1,0,0
BRDA:58,1,1,0
BRDA:59,2,0,0
BRDA:59,2,1,0
BRDA:67,3,0,0
BRDA:67,3,1,0
BRDA:78,4,0,0
BRDA:78,4,1,0
BRDA:83,5,0,0
BRDA:83,5,1,0
BRDA:90,6,0,0
BRDA:90,6,1,0
BRDA:101,7,0,0
BRDA:101,7,1,0
BRDA:105,8,0,0
BRDA:105,8,1,0
BRDA:113,9,0,0
BRDA:113,9,1,0
BRDA:115,10,0,0
BRDA:115,10,1,0
BRDA:118,11,0,0
BRDA:118,11,1,0
BRDA:144,12,0,0
BRDA:144,12,1,0
BRDA:147,13,0,0
BRDA:147,13,1,0
BRDA:151,14,0,0
BRDA:151,14,1,0
BRDA:151,14,2,0
BRDA:151,14,3,0
BRDA:175,15,0,0
BRDA:175,15,1,0
BRDA:216,16,0,0
BRDA:216,16,1,0
BRDA:220,17,0,0
BRDA:241,18,0,0
BRDA:241,18,1,0
BRDA:270,19,0,0
BRDA:272,20,0,0
BRF:43
BRH:0
end_of_record
TN:
SF:src\components\workspace\FilePreview.tsx
FN:37,FilePreview
FN:45,(anonymous_3)
FN:49,(anonymous_4)
FN:78,(anonymous_5)
FN:82,(anonymous_6)
FN:90,(anonymous_7)
FN:100,(anonymous_8)
FN:105,(anonymous_9)
FN:203,(anonymous_10)
FN:209,(anonymous_11)
FN:230,(anonymous_12)
FNF:11
FNH:0
FNDA:0,FilePreview
FNDA:0,(anonymous_3)
FNDA:0,(anonymous_4)
FNDA:0,(anonymous_5)
FNDA:0,(anonymous_6)
FNDA:0,(anonymous_7)
FNDA:0,(anonymous_8)
FNDA:0,(anonymous_9)
FNDA:0,(anonymous_10)
FNDA:0,(anonymous_11)
FNDA:0,(anonymous_12)
DA:3,0
DA:5,0
DA:6,0
DA:18,0
DA:19,0
DA:20,0
DA:37,0
DA:38,0
DA:39,0
DA:40,0
DA:41,0
DA:42,0
DA:43,0
DA:45,0
DA:46,0
DA:49,0
DA:50,0
DA:51,0
DA:52,0
DA:56,0
DA:57,0
DA:60,0
DA:61,0
DA:64,0
DA:74,0
DA:78,0
DA:79,0
DA:82,0
DA:83,0
DA:84,0
DA:85,0
DA:86,0
DA:87,0
DA:90,0
DA:91,0
DA:100,0
DA:102,0
DA:105,0
DA:107,0
DA:110,0
DA:121,0
DA:203,0
DA:209,0
DA:231,0
LF:44
LH:0
BRDA:67,0,0,0
BRDA:67,0,1,0
BRDA:83,1,0,0
BRDA:83,1,1,0
BRDA:110,2,0,0
BRDA:110,2,1,0
BRDA:121,3,0,0
BRDA:121,3,1,0
BRDA:121,4,0,0
BRDA:121,4,1,0
BRDA:158,5,0,0
BRDA:167,6,0,0
BRDA:212,7,0,0
BRDA:212,7,1,0
BRDA:218,8,0,0
BRDA:227,9,0,0
BRDA:228,10,0,0
BRDA:241,11,0,0
BRDA:241,11,1,0
BRF:19
BRH:0
end_of_record
TN:
SF:src\components\workspace\FileProcessingStatus.tsx
FN:30,FileStatusItem
FN:31,(anonymous_3)
FN:44,(anonymous_4)
FN:57,(anonymous_5)
FN:70,(anonymous_6)
FN:78,(anonymous_7)
FN:187,FileProcessingStatus
FN:193,(anonymous_9)
FN:194,(anonymous_10)
FN:195,(anonymous_11)
FN:196,(anonymous_12)
FN:199,(anonymous_13)
FN:257,(anonymous_14)
FN:261,(anonymous_15)
FN:262,(anonymous_16)
FN:276,(anonymous_17)
FN:280,(anonymous_18)
FN:281,(anonymous_19)
FN:295,(anonymous_20)
FN:299,(anonymous_21)
FN:300,(anonymous_22)
FNF:21
FNH:0
FNDA:0,FileStatusItem
FNDA:0,(anonymous_3)
FNDA:0,(anonymous_4)
FNDA:0,(anonymous_5)
FNDA:0,(anonymous_6)
FNDA:0,(anonymous_7)
FNDA:0,FileProcessingStatus
FNDA:0,(anonymous_9)
FNDA:0,(anonymous_10)
FNDA:0,(anonymous_11)
FNDA:0,(anonymous_12)
FNDA:0,(anonymous_13)
FNDA:0,(anonymous_14)
FNDA:0,(anonymous_15)
FNDA:0,(anonymous_16)
FNDA:0,(anonymous_17)
FNDA:0,(anonymous_18)
FNDA:0,(anonymous_19)
FNDA:0,(anonymous_20)
FNDA:0,(anonymous_21)
FNDA:0,(anonymous_22)
DA:14,0
DA:15,0
DA:31,0
DA:32,0
DA:44,0
DA:45,0
DA:47,0
DA:49,0
DA:51,0
DA:53,0
DA:57,0
DA:58,0
DA:60,0
DA:62,0
DA:64,0
DA:66,0
DA:70,0
DA:71,0
DA:72,0
DA:73,0
DA:74,0
DA:75,0
DA:78,0
DA:79,0
DA:187,0
DA:193,0
DA:194,0
DA:195,0
DA:196,0
DA:198,0
DA:199,0
DA:200,0
DA:258,0
DA:261,0
DA:262,0
DA:277,0
DA:280,0
DA:281,0
DA:296,0
DA:299,0
DA:300,0
LF:41
LH:0
BRDA:45,0,0,0
BRDA:45,0,1,0
BRDA:45,0,2,0
BRDA:45,0,3,0
BRDA:58,1,0,0
BRDA:58,1,1,0
BRDA:58,1,2,0
BRDA:58,1,3,0
BRDA:71,2,0,0
BRDA:71,2,1,0
BRDA:111,3,0,0
BRDA:124,4,0,0
BRDA:127,5,0,0
BRDA:130,6,0,0
BRDA:133,7,0,0
BRDA:141,8,0,0
BRDA:150,9,0,0
BRDA:172,10,0,0
BRDA:200,11,0,0
BRDA:200,11,1,0
BRDA:209,12,0,0
BRDA:240,13,0,0
BRDA:251,14,0,0
BRDA:261,15,0,0
BRDA:261,15,1,0
BRDA:262,16,0,0
BRDA:262,16,1,0
BRDA:270,17,0,0
BRDA:280,18,0,0
BRDA:280,18,1,0
BRDA:281,19,0,0
BRDA:281,19,1,0
BRDA:289,20,0,0
BRDA:299,21,0,0
BRDA:299,21,1,0
BRDA:300,22,0,0
BRDA:300,22,1,0
BRDA:303,23,0,0
BRDA:315,24,0,0
BRF:39
BRH:0
end_of_record
TN:
SF:src\components\workspace\FileTreeSidebar.tsx
FN:47,FileItem
FN:51,(anonymous_3)
FN:74,(anonymous_4)
FN:103,(anonymous_5)
FN:111,(anonymous_6)
FN:185,(anonymous_7)
FN:197,(anonymous_8)
FN:201,(anonymous_9)
FN:217,(anonymous_10)
FN:239,FileTreeSidebar
FN:255,(anonymous_12)
FN:259,(anonymous_13)
FN:275,(anonymous_14)
FN:286,getFileTypeGroup
FN:296,(anonymous_16)
FN:328,(anonymous_17)
FN:336,(anonymous_18)
FN:348,(anonymous_19)
FN:358,(anonymous_20)
FN:391,(anonymous_21)
FN:406,(anonymous_22)
FN:416,(anonymous_23)
FN:420,(anonymous_24)
FN:437,(anonymous_25)
FN:442,(anonymous_26)
FN:443,(anonymous_27)
FNF:26
FNH:0
FNDA:0,FileItem
FNDA:0,(anonymous_3)
FNDA:0,(anonymous_4)
FNDA:0,(anonymous_5)
FNDA:0,(anonymous_6)
FNDA:0,(anonymous_7)
FNDA:0,(anonymous_8)
FNDA:0,(anonymous_9)
FNDA:0,(anonymous_10)
FNDA:0,FileTreeSidebar
FNDA:0,(anonymous_12)
FNDA:0,(anonymous_13)
FNDA:0,(anonymous_14)
FNDA:0,getFileTypeGroup
FNDA:0,(anonymous_16)
FNDA:0,(anonymous_17)
FNDA:0,(anonymous_18)
FNDA:0,(anonymous_19)
FNDA:0,(anonymous_20)
FNDA:0,(anonymous_21)
FNDA:0,(anonymous_22)
FNDA:0,(anonymous_23)
FNDA:0,(anonymous_24)
FNDA:0,(anonymous_25)
[...]
DA:42,5
DA:43,5
DA:45,5
DA:46,5
DA:48,5
DA:58,4
DA:59,4
DA:60,4
DA:63,1
DA:64,1
DA:65,1
DA:70,1
DA:72,1
DA:74,5
DA:75,5
DA:79,14
DA:80,1
DA:82,1
DA:87,0
DA:90,1
DA:91,1
DA:95,14
DA:96,1
DA:98,1
DA:103,0
DA:106,1
DA:107,1
DA:111,14
DA:112,1
DA:113,1
DA:116,14
LF:41
LH:38
BRDA:38,0,0,0
BRDA:38,0,1,5
BRDA:50,1,0,5
BRDA:50,1,1,0
BRDA:63,2,0,1
BRDA:63,2,1,0
BRDA:70,3,0,1
BRDA:70,3,1,0
BRDA:80,4,0,1
BRDA:80,4,1,0
BRDA:96,5,0,1
BRDA:96,5,1,0
BRF:12
BRH:6
end_of_record
TN:
SF:src\hooks\useFormValidation.ts
FN:31,useFormValidation
FN:34,(anonymous_4)
FN:74,(anonymous_5)
FN:78,(anonymous_6)
FN:90,(anonymous_7)
FN:91,(anonymous_8)
FN:98,(anonymous_9)
FN:102,(anonymous_10)
FN:103,(anonymous_11)
FNF:9
FNH:5
FNDA:37,useFormValidation
FNDA:33,(anonymous_4)
FNDA:3,(anonymous_5)
FNDA:5,(anonymous_6)
FNDA:0,(anonymous_7)
FNDA:0,(anonymous_8)
FNDA:4,(anonymous_9)
FNDA:0,(anonymous_10)
FNDA:0,(anonymous_11)
DA:3,2
DA:31,37
DA:32,37
DA:34,37
DA:35,33
DA:36,33
DA:39,33
DA:40,2
DA:44,31
DA:45,2
DA:49,29
DA:50,3
DA:54,26
DA:55,1
DA:59,25
DA:60,1
DA:61,0
DA:63,1
DA:67,24
DA:68,0
DA:71,24
DA:74,37
DA:75,3
DA:76,3
DA:78,3
DA:79,5
DA:80,5
DA:81,1
DA:82,1
DA:86,3
DA:87,3
DA:90,37
DA:91,0
DA:92,0
DA:93,0
DA:94,0
DA:98,37
DA:99,4
DA:102,37
DA:103,0
DA:106,37
DA:108,37
DA:119,2
LF:43
LH:36
BRDA:36,0,0,0
BRDA:36,0,1,33
BRDA:39,1,0,2
BRDA:39,1,1,31
BRDA:39,2,0,33
BRDA:39,2,1,31
BRDA:39,2,2,29
BRDA:39,2,3,29
BRDA:44,3,0,2
BRDA:44,3,1,29
BRDA:44,4,0,31
BRDA:44,4,1,29
BRDA:44,4,2,29
BRDA:49,5,0,3
BRDA:49,5,1,26
BRDA:49,6,0,29
BRDA:49,6,1,29
BRDA:54,7,0,1
BRDA:54,7,1,25
BRDA:54,8,0,26
BRDA:54,8,1,26
BRDA:59,9,0,1
BRDA:59,9,1,24
BRDA:59,10,0,25
BRDA:59,10,1,25
BRDA:60,11,0,0
BRDA:60,11,1,1
BRDA:67,12,0,0
BRDA:67,12,1,24
BRDA:80,13,0,1
BRDA:80,13,1,4
BRF:31
BRH:28
end_of_record
TN:
SF:src\hooks\useKeyboardNavigation.ts
FN:17,useKeyboardNavigation
FN:28,(anonymous_4)
FN:62,(anonymous_5)
FN:65,(anonymous_6)
FN:70,useFocusTrap
FN:71,(anonymous_8)
FN:82,(anonymous_9)
FN:102,(anonymous_10)
FNF:8
FNH:0
FNDA:0,useKeyboardNavigation
FNDA:0,(anonymous_4)
FNDA:0,(anonymous_5)
FNDA:0,(anonymous_6)
FNDA:0,useFocusTrap
FNDA:0,(anonymous_8)
FNDA:0,(anonymous_9)
FNDA:0,(anonymous_10)
DA:3,0
DA:17,0
DA:28,0
DA:29,0
DA:31,0
DA:33,0
DA:34,0
DA:36,0
DA:37,0
DA:39,0
DA:40,0
DA:41,0
DA:43,0
DA:44,0
DA:45,0
DA:47,0
DA:48,0
DA:50,0
DA:51,0
DA:53,0
DA:54,0
DA:56,0
DA:58,0
DA:62,0
DA:63,0
DA:64,0
DA:65,0
DA:70,0
DA:71,0
DA:72,0
DA:74,0
DA:75,0
DA:79,0
DA:80,0
DA:82,0
DA:83,0
DA:85,0
DA:86,0
DA:87,0
DA:88,0
DA:91,0
DA:92,0
DA:93,0
DA:99,0
DA:101,0
DA:102,0
LF:46
LH:0
BRDA:26,0,0,0
BRDA:29,1,0,0
BRDA:29,1,1,0
BRDA:31,2,0,0
BRDA:31,2,1,0
BRDA:31,2,2,0
BRDA:31,2,3,0
BRDA:31,2,4,0
BRDA:31,2,5,0
BRDA:31,2,6,0
BRDA:53,3,0,0
BRDA:53,3,1,0
BRDA:63,4,0,0
BRDA:63,4,1,0
BRDA:70,5,0,0
BRDA:72,6,0,0
BRDA:72,6,1,0
BRDA:72,7,0,0
BRDA:72,7,1,0
BRDA:83,8,0,0
BRDA:83,8,1,0
BRDA:85,9,0,0
BRDA:85,9,1,0
BRDA:86,10,0,0
BRDA:86,10,1,0
BRDA:91,11,0,0
BRDA:91,11,1,0
BRF:27
BRH:0
end_of_record
TN:
SF:src\hooks\useProjectFilters.ts
FN:40,useProjectFilters
FN:49,(anonymous_2)
FN:72,(anonymous_3)
FN:77,(anonymous_4)
FN:92,(anonymous_5)
FN:105,(anonymous_6)
FN:111,(anonymous_7)
FN:119,(anonymous_8)
FN:140,(anonymous_9)
FN:143,(anonymous_10)
FN:154,(anonymous_11)
FN:160,(anonymous_12)
FN:161,(anonymous_13)
FN:167,(anonymous_14)
FN:168,(anonymous_15)
FN:174,(anonymous_16)
FN:175,(anonymous_17)
FN:184,(anonymous_18)
FN:189,(anonymous_19)
FN:193,(anonymous_20)
FNF:20
FNH:16
FNDA:35,useProjectFilters
FNDA:8,(anonymous_2)
FNDA:8,(anonymous_3)
FNDA:14,(anonymous_4)
FNDA:14,(anonymous_5)
FNDA:8,(anonymous_6)
FNDA:14,(anonymous_7)
FNDA:14,(anonymous_8)
FNDA:8,(anonymous_9)
FNDA:0,(anonymous_10)
FNDA:0,(anonymous_11)
FNDA:4,(anonymous_12)
FNDA:4,(anonymous_13)
FNDA:0,(anonymous_14)
FNDA:0,(anonymous_15)
FNDA:1,(anonymous_16)
FNDA:1,(anonymous_17)
FNDA:1,(anonymous_18)
FNDA:2,(anonymous_19)
FNDA:1,(anonymous_20)
DA:1,1
DA:13,1
DA:40,35
DA:46,35
DA:49,35
DA:50,8
DA:51,0
DA:53,8
DA:58,35
DA:66,35
DA:68,35
DA:69,35
DA:72,35
DA:73,8
DA:77,35
DA:78,14
DA:92,35
DA:94,14
DA:97,14
DA:98,0
DA:101,14
DA:102,14
DA:105,14
DA:106,8
DA:107,8
DA:108,8
DA:111,14
DA:112,14
DA:119,35
DA:120,14
DA:122,0
DA:128,0
DA:129,0
DA:130,0
DA:140,35
DA:141,8
DA:143,0
DA:144,0
DA:146,0
DA:150,0
DA:153,0
DA:154,0
DA:160,35
DA:161,4
DA:167,35
DA:168,0
DA:174,35
DA:175,1
DA:184,35
DA:185,1
DA:189,35
DA:190,2
DA:193,35
DA:194,1
DA:197,35
DA:198,35
DA:200,35
LF:57
LH:44
BRDA:42,0,0,0
BRDA:43,1,0,0
BRDA:50,2,0,0
BRDA:50,2,1,8
BRDA:50,3,0,8
BRDA:50,3,1,0
BRDA:97,4,0,0
BRDA:97,4,1,14
BRDA:120,5,0,0
BRDA:120,5,1,14
BRDA:120,6,0,14
BRDA:120,6,1,0
BRDA:128,7,0,0
BRDA:128,7,1,0
BRDA:141,8,0,8
BRDA:141,8,1,0
BRDA:141,9,0,8
BRDA:141,9,1,0
BRF:18
BRH:7
end_of_record
TN:
SF:src\hooks\useSearchNavigation.ts
FN:24,useSearchNavigation
FN:30,(anonymous_2)
FN:35,(anonymous_3)
FN:93,(anonymous_4)
FN:109,(anonymous_5)
FN:115,(anonymous_6)
FN:130,(anonymous_7)
FN:152,(anonymous_8)
FN:163,(anonymous_9)
FNF:9
FNH:0
FNDA:0,useSearchNavigation
FNDA:0,(anonymous_2)
FNDA:0,(anonymous_3)
FNDA:0,(anonymous_4)
FNDA:0,(anonymous_5)
FNDA:0,(anonymous_6)
FNDA:0,(anonymous_7)
FNDA:0,(anonymous_8)
FNDA:0,(anonymous_9)
DA:3,0
DA:4,0
DA:24,0
DA:25,0
DA:26,0
DA:27,0
DA:30,0
DA:31,0
DA:32,0
DA:35,0
DA:37,0
DA:50,0
DA:53,0
DA:55,0
DA:57,0
DA:58,0
DA:59,0
DA:62,0
DA:68,0
DA:69,0
DA:72,0
DA:74,0
DA:76,0
DA:77,0
DA:78,0
DA:82,0
DA:83,0
DA:84,0
DA:88,0
DA:89,0
DA:93,0
DA:94,0
DA:95,0
DA:97,0
DA:98,0
DA:102,0
DA:104,0
DA:105,0
DA:108,0
DA:109,0
DA:110,0
DA:114,0
DA:115,0
DA:116,0
DA:120,0
DA:121,0
DA:125,0
DA:127,0
DA:130,0
DA:131,0
DA:132,0
DA:133,0
DA:135,0
DA:138,0
DA:139,0
DA:140,0
DA:141,0
DA:144,0
DA:146,0
DA:147,0
DA:148,0
DA:152,0
DA:153,0
DA:154,0
DA:159,0
DA:163,0
DA:164,0
DA:165,0
DA:166,0
DA:168,0
DA:171,0
DA:172,0
DA:173,0
DA:174,0
DA:177,0
DA:179,0
DA:180,0
DA:181,0
DA:185,0
LF:79
LH:0
BRDA:38,0,0,0
BRDA:38,0,1,0
BRDA:55,1,0,0
BRDA:55,1,1,0
BRDA:55,2,0,0
BRDA:55,2,1,0
BRDA:68,3,0,0
BRDA:68,3,1,0
BRDA:74,4,0,0
BRDA:74,4,1,0
BRDA:74,5,0,0
BRDA:74,5,1,0
BRDA:83,6,0,0
BRDA:83,6,1,0
BRDA:88,7,0,0
BRDA:88,7,1,0
BRDA:95,8,0,0
BRDA:95,8,1,0
BRDA:104,9,0,0
BRDA:104,9,1,0
BRDA:108,10,0,0
BRDA:108,10,1,0
BRDA:114,11,0,0
BRDA:114,11,1,0
BRDA:120,12,0,0
BRDA:120,12,1,0
BRDA:133,13,0,0
BRDA:133,13,1,0
BRDA:139,14,0,0
BRDA:139,14,1,0
BRDA:166,15,0,0
BRDA:166,15,1,0
BRDA:172,16,0,0
BRDA:172,16,1,0
BRF:34
BRH:0
end_of_record
TN:
SF:src\lib\api.ts
FN:26,(anonymous_4)
FN:17,(anonymous_5)
FN:35,(anonymous_6)
FN:42,(anonymous_7)
FN:49,(anonymous_8)
FN:52,(anonymous_9)
FN:65,(anonymous_10)
FN:66,(anonymous_11)
FN:69,(anonymous_12)
FN:76,(anonymous_13)
FN:95,(anonymous_14)
FN:128,(anonymous_15)
FN:136,(anonymous_16)
FN:201,(anonymous_17)
FN:203,(anonymous_18)
FN:209,(anonymous_19)
FN:211,(anonymous_20)
FN:217,(anonymous_21)
FN:219,(anonymous_22)
FN:225,(anonymous_23)
FN:227,(anonymous_24)
FN:233,(anonymous_25)
FN:241,(anonymous_26)
FN:245,(anonymous_27)
FN:264,(anonymous_28)
FN:266,(anonymous_29)
FN:268,(anonymous_30)
FN:270,(anonymous_31)
FN:274,(anonymous_32)
FN:278,(anonymous_33)
FN:279,(anonymous_34)
FN:280,(anonymous_35)
FN:281,(anonymous_36)
FN:282,(anonymous_37)
FN:287,(anonymous_38)
FN:288,(anonymous_39)
FN:289,(anonymous_40)
FN:290,(anonymous_41)
FN:291,(anonymous_42)
FN:296,(anonymous_43)
FN:302,(anonymous_44)
FN:303,(anonymous_45)
FN:304,(anonymous_46)
FN:309,(anonymous_47)
FN:310,(anonymous_48)
FN:315,(anonymous_49)
FN:316,(anonymous_50)
FN:317,(anonymous_51)
FN:322,(anonymous_52)
FN:328,(anonymous_53)
FNF:50
FNH:13
FNDA:1,(anonymous_4)
FNDA:3,(anonymous_5)
FNDA:0,(anonymous_6)
FNDA:0,(anonymous_7)
FNDA:0,(anonymous_8)
FNDA:2,(anonymous_9)
FNDA:2,(anonymous_10)
FNDA:2,(anonymous_11)
FNDA:2,(anonymous_12)
FNDA:4,(anonymous_13)
FNDA:2,(anonymous_14)
FNDA:2,(anonymous_15)
FNDA:1,(anonymous_16)
FNDA:2,(anonymous_17)
FNDA:4,(anonymous_18)
FNDA:0,(anonymous_19)
FNDA:0,(anonymous_20)
FNDA:0,(anonymous_21)
FNDA:0,(anonymous_22)
FNDA:0,(anonymous_23)
FNDA:0,(anonymous_24)
FNDA:0,(anonymous_25)
FNDA:0,(anonymous_26)
FNDA:0,(anonymous_27)
FNDA:2,(anonymous_28)
FNDA:0,(anonymous_29)
FNDA:0,(anonymous_30)
FNDA:0,(anonymous_31)
FNDA:0,(anonymous_32)
FNDA:0,(anonymous_33)
FNDA:0,(anonymous_34)
FNDA:0,(anonymous_35)
FNDA:0,(anonymous_36)
FNDA:0,(anonymous_37)
FNDA:0,(anonymous_38)
FNDA:0,(anonymous_39)
FNDA:0,(anonymous_40)
FNDA:0,(anonymous_41)
FNDA:0,(anonymous_42)
FNDA:0,(anonymous_43)
FNDA:0,(anonymous_44)
FNDA:0,(anonymous_45)
FNDA:0,(anonymous_46)
FNDA:0,(anonymous_47)
FNDA:0,(anonymous_48)
FNDA:0,(anonymous_49)
FNDA:0,(anonymous_50)
FNDA:0,(anonymous_51)
FNDA:0,(anonymous_52)
FNDA:0,(anonymous_53)
DA:1,1
DA:13,1
DA:19,3
DA:27,1
DA:34,1
DA:36,0
DA:37,0
DA:38,0
DA:40,0
DA:43,0
DA:48,1
DA:50,0
DA:53,2
DA:55,1
DA:60,2
DA:66,2
DA:71,2
DA:72,2
DA:73,2
DA:77,4
DA:79,2
DA:82,2
DA:83,2
DA:84,1
DA:86,1
DA:87,1
DA:89,0
DA:90,0
DA:92,0
DA:99,2
DA:102,2
DA:103,4
DA:104,4
DA:106,3
DA:109,3
DA:110,1
DA:114,2
DA:115,0
DA:119,2
DA:120,2
DA:121,2
DA:125,0
DA:129,2
DA:132,2
DA:133,2
DA:134,2
DA:137,1
DA:138,1
DA:139,1
DA:140,1
DA:146,2
DA:152,2
DA:164,0
DA:165,0
DA:167,0
DA:169,0
DA:170,0
DA:171,0
DA:173,0
DA:174,0
DA:176,0
DA:178,0
DA:179,0
DA:180,0
DA:182,0
DA:183,0
DA:184,0
DA:186,0
DA:187,0
DA:190,0
DA:202,2
DA:203,4
DA:206,1
DA:210,0
DA:211,0
DA:214,0
DA:218,0
DA:219,0
DA:222,0
DA:226,0
DA:227,0
DA:230,0
DA:235,0
DA:240,0
DA:241,0
DA:246,0
DA:247,0
DA:248,0
DA:254,0
DA:259,1
DA:262,2
DA:265,2
DA:267,0
DA:269,0
DA:271,0
DA:274,0
DA:278,0
DA:279,0
DA:280,0
DA:281,0
DA:282,0
DA:287,0
DA:288,0
DA:289,0
DA:290,0
DA:291,0
DA:297,0
DA:298,0
DA:300,0
DA:302,0
DA:303,0
DA:304,0
DA:309,0
DA:310,0
DA:315,0
DA:316,0
DA:317,0
DA:322,0
DA:328,0
LF:119
LH:47
BRDA:19,0,0,3
BRDA:19,0,1,1
BRDA:19,0,2,1
BRDA:19,0,3,1
BRDA:19,0,4,0
BRDA:28,1,0,1
BRDA:28,1,1,1
BRDA:37,2,0,0
BRDA:37,2,1,0
BRDA:53,3,0,1
BRDA:53,3,1,1
BRDA:77,4,0,2
BRDA:77,4,1,2
BRDA:83,5,0,1
BRDA:83,5,1,1
BRDA:83,6,0,2
BRDA:83,6,1,1
BRDA:86,7,0,1
BRDA:86,7,1,0
BRDA:86,8,0,1
BRDA:86,8,1,1
BRDA:89,9,0,0
BRDA:89,9,1,0
BRDA:97,10,0,2
BRDA:109,11,0,1
BRDA:109,11,1,2
BRDA:109,12,0,3
BRDA:109,12,1,3
BRDA:114,13,0,0
BRDA:114,13,1,2
BRDA:132,14,0,2
BRDA:132,14,1,0
BRDA:132,15,0,2
BRDA:132,15,1,2
BRDA:134,16,0,1
BRDA:134,16,1,1
BRDA:137,17,0,0
BRDA:137,17,1,1
BRDA:138,18,0,1
BRDA:138,18,1,0
BRDA:139,19,0,1
BRDA:139,19,1,0
BRDA:146,20,0,2
BRDA:146,20,1,2
BRDA:146,20,2,1
BRDA:146,20,3,1
BRDA:146,20,4,0
BRDA:153,21,0,2
BRDA:153,21,1,2
BRDA:155,22,0,2
BRDA:155,22,1,2
BRDA:156,23,0,2
BRDA:156,23,1,2
BRDA:167,24,0,0
BRDA:167,24,1,0
BRDA:167,24,2,0
BRDA:167,24,3,0
BRDA:169,25,0,0
BRDA:169,25,1,0
BRDA:186,26,0,0
BRDA:186,26,1,0
BRDA:246,27,0,0
BRDA:246,27,1,0
BRDA:246,28,0,0
BRDA:246,28,1,0
BRF:65
BRH:41
end_of_record
TN:
SF:src\lib\deepLinking.ts
FN:17,parseDeepLinkParams
FN:31,generateDeepLink
FN:59,updateUrlState
FN:73,validateRoute
FN:85,(anonymous_10)
FN:91,getSuggestedRoutes
FNF:6
FNH:0
FNDA:0,parseDeepLinkParams
FNDA:0,generateDeepLink
FNDA:0,updateUrlState
FNDA:0,validateRoute
FNDA:0,(anonymous_10)
FNDA:0,getSuggestedRoutes
DA:17,0
DA:18,0
DA:31,0
DA:32,0
DA:34,0
DA:35,0
DA:37,0
DA:38,0
DA:40,0
DA:41,0
DA:43,0
DA:44,0
DA:46,0
DA:47,0
DA:49,0
DA:50,0
DA:53,0
DA:59,0
DA:60,0
DA:61,0
DA:63,0
DA:64,0
DA:66,0
DA:73,0
DA:74,0
DA:85,0
DA:91,0
DA:92,0
DA:95,0
DA:96,0
DA:104,0
DA:105,0
DA:113,0
DA:119,0
LF:34
LH:0
BRDA:19,0,0,0
BRDA:19,0,1,0
BRDA:20,1,0,0
BRDA:20,1,1,0
BRDA:21,2,0,0
BRDA:21,2,1,0
BRDA:22,3,0,0
BRDA:22,3,1,0
BRDA:23,4,0,0
BRDA:23,4,1,0
BRDA:24,5,0,0
BRDA:24,5,1,0
BRDA:34,6,0,0
BRDA:34,6,1,0
BRDA:37,7,0,0
BRDA:37,7,1,0
BRDA:40,8,0,0
BRDA:40,8,1,0
BRDA:43,9,0,0
BRDA:43,9,1,0
BRDA:46,10,0,0
BRDA:46,10,1,0
BRDA:49,11,0,0
BRDA:49,11,1,0
BRDA:59,12,0,0
BRDA:63,13,0,0
BRDA:63,13,1,0
BRDA:95,14,0,0
BRDA:95,14,1,0
BRDA:104,15,0,0
BRDA:104,15,1,0
BRF:31
BRH:0
end_of_record
TN:
SF:src\lib\fileReader.ts
FN:16,readPDF
FN:24,(anonymous_9)
FN:41,(anonymous_10)
FN:57,readTextFile
FN:58,(anonymous_12)
FN:61,(anonymous_13)
FN:66,(anonymous_14)
FN:77,readFileContent
FN:111,readMultipleFiles
FN:112,(anonymous_17)
FN:119,validateFile
FN:149,downloadTextFile
FNF:12
FNH:5
FNDA:0,readPDF
FNDA:0,(anonymous_9)
FNDA:0,(anonymous_10)
FNDA:2,readTextFile
FNDA:2,(anonymous_12)
FNDA:2,(anonymous_13)
FNDA:0,(anonymous_14)
FNDA:2,readFileContent
FNDA:0,readMultipleFiles
FNDA:0,(anonymous_17)
FNDA:5,validateFile
FNDA:0,downloadTextFile
DA:18,0
DA:19,0
DA:22,0
DA:24,0
DA:27,0
DA:28,0
DA:31,0
DA:32,0
DA:34,0
DA:37,0
DA:38,0
DA:39,0
DA:40,0
DA:41,0
DA:44,0
DA:47,0
DA:49,0
DA:50,0
DA:58,2
DA:59,2
DA:61,2
DA:62,2
DA:63,2
DA:66,2
DA:67,0
DA:70,2
DA:77,2
DA:78,2
DA:81,2
DA:82,2
DA:83,0
DA:84,2
DA:90,2
DA:93,0
DA:96,2
DA:103,0
DA:104,0
DA:111,0
DA:112,0
DA:113,0
DA:119,5
DA:123,5
DA:124,5
DA:127,5
DA:128,1
DA:135,4
DA:136,4
DA:137,1
DA:143,3
DA:149,0
DA:150,0
DA:151,0
DA:152,0
DA:153,0
DA:154,0
DA:155,0
DA:156,0
DA:157,0
DA:158,0
LF:59
LH:23
BRDA:18,0,0,0
BRDA:18,0,1,0
BRDA:27,1,0,0
BRDA:27,1,1,0
BRDA:82,2,0,0
BRDA:82,2,1,2
BRDA:82,3,0,2
BRDA:82,3,1,2
BRDA:84,4,0,2
BRDA:84,4,1,0
BRDA:85,5,0,2
BRDA:85,5,1,1
BRDA:85,5,2,0
BRDA:85,5,3,0
BRDA:100,6,0,2
BRDA:100,6,1,0
BRDA:123,7,0,5
BRDA:123,7,1,4
BRDA:124,8,0,5
BRDA:124,8,1,4
BRDA:127,9,0,1
BRDA:127,9,1,4
BRDA:136,10,0,1
BRDA:136,10,1,3
BRF:24
BRH:15
end_of_record
TN:
SF:src\lib\preferences.ts
FN:34,(anonymous_3)
FN:52,(anonymous_4)
FN:69,(anonymous_5)
FN:112,(anonymous_6)
FN:130,(anonymous_7)
FNF:5
FNH:3
FNDA:6,(anonymous_3)
FNDA:3,(anonymous_4)
FNDA:9,(anonymous_5)
FNDA:0,(anonymous_6)
FNDA:0,(anonymous_7)
DA:16,9
DA:32,1
DA:35,6
DA:36,0
DA:39,6
DA:40,6
DA:41,6
DA:42,3
DA:43,2
DA:46,1
DA:49,4
DA:53,3
DA:54,0
DA:57,3
DA:58,3
DA:59,3
DA:60,3
DA:63,3
DA:65,0
DA:70,9
DA:71,0
DA:74,9
DA:77,9
DA:78,9
DA:80,2
DA:81,2
DA:83,3
DA:84,3
DA:86,4
DA:90,9
DA:91,1
DA:93,8
DA:97,9
DA:98,1
DA:100,8
DA:104,9
DA:105,2
DA:107,7
DA:113,0
DA:114,0
DA:122,0
DA:123,0
DA:126,0
DA:131,0
DA:132,0
DA:134,0
DA:135,0
DA:136,0
DA:139,0
DA:142,0
DA:146,12
LF:51
LH:35
BRDA:35,0,0,0
BRDA:35,0,1,6
BRDA:41,1,0,3
BRDA:41,1,1,3
BRDA:53,2,0,0
BRDA:53,2,1,3
BRDA:70,3,0,0
BRDA:70,3,1,9
BRDA:78,4,0,2
BRDA:78,4,1,3
BRDA:78,4,2,4
BRDA:90,5,0,1
BRDA:90,5,1,8
BRDA:97,6,0,1
BRDA:97,6,1,8
BRDA:104,7,0,2
BRDA:104,7,1,7
BRDA:122,8,0,0
BRDA:122,8,1,0
BRDA:134,9,0,0
BRDA:134,9,1,0
BRF:21
BRH:14
end_of_record
TN:
SF:src\lib\projectFilters.ts
FN:31,filterProjectsBySearch
FN:37,(anonymous_15)
FN:47,filterProjectsByStatus
FN:52,(anonymous_17)
FN:58,sortProjects
FN:59,(anonymous_19)
FN:92,applyProjectFilters
FN:113,filtersToURLParams
FN:140,urlParamsToFilters
FN:171,updateURLWithFilters
FN:181,(anonymous_24)
FN:197,getFiltersFromURL
FN:209,hasActiveFilters
FN:221,resetFilters
FN:228,getFilterSummary
FNF:15
FNH:12
FNDA:15,filterProjectsBySearch
FNDA:36,(anonymous_15)
FNDA:14,filterProjectsByStatus
FNDA:15,(anonymous_17)
FNDA:15,sortProjects
FNDA:32,(anonymous_19)
FNDA:10,applyProjectFilters
FNDA:1,filtersToURLParams
FNDA:2,urlParamsToFilters
FNDA:0,updateURLWithFilters
FNDA:0,(anonymous_24)
FNDA:0,getFiltersFromURL
FNDA:38,hasActiveFilters
FNDA:1,resetFilters
FNDA:38,getFilterSummary
DA:17,6
DA:23,12
DA:31,5
DA:32,15
DA:33,5
DA:36,10
DA:37,10
DA:38,36
DA:39,36
DA:40,36
DA:47,4
DA:48,14
DA:49,10
DA:52,15
DA:58,5
DA:59,15
DA:63,32
DA:65,20
DA:66,20
DA:67,20
DA:69,3
DA:70,3
DA:71,3
DA:74,9
DA:75,9
DA:76,9
DA:79,32
DA:80,18
DA:82,14
DA:86,15
DA:92,10
DA:96,10
DA:99,10
DA:102,10
DA:105,10
DA:107,10
DA:113,1
DA:114,1
DA:117,1
DA:118,1
DA:122,1
DA:123,1
DA:126,1
DA:127,1
DA:130,1
DA:131,1
DA:134,1
DA:140,2
DA:141,2
DA:143,2
DA:150,2
DA:151,1
DA:154,2
DA:155,1
DA:158,2
DA:159,1
DA:162,2
DA:171,0
DA:172,0
DA:174,0
DA:175,0
DA:178,0
DA:181,0
DA:182,0
DA:185,0
DA:187,0
DA:188,0
DA:190,0
DA:197,0
DA:198,0
DA:199,0
DA:202,0
DA:203,0
DA:209,38
DA:210,38
DA:221,1
DA:222,1
DA:228,38
DA:229,38
DA:231,38
DA:232,12
DA:235,38
DA:236,4
DA:242,4
DA:245,38
DA:246,0
DA:251,0
DA:252,0
DA:255,38
LF:89
LH:70
BRDA:32,0,0,5
BRDA:32,0,1,10
BRDA:39,1,0,36
BRDA:39,1,1,29
BRDA:40,2,0,36
BRDA:40,2,1,26
BRDA:48,3,0,10
BRDA:48,3,1,4
BRDA:48,4,0,14
BRDA:48,4,1,14
BRDA:63,5,0,20
BRDA:63,5,1,3
BRDA:63,5,2,9
BRDA:63,5,3,9
BRDA:79,6,0,18
BRDA:79,6,1,14
BRDA:80,7,0,6
BRDA:80,7,1,12
BRDA:80,8,0,12
BRDA:80,8,1,0
BRDA:82,9,0,3
BRDA:82,9,1,11
BRDA:82,10,0,5
BRDA:82,10,1,6
BRDA:102,11,0,10
BRDA:102,11,1,0
BRDA:117,12,0,1
BRDA:117,12,1,0
BRDA:122,13,0,1
BRDA:122,13,1,0
BRDA:126,14,0,1
BRDA:126,14,1,0
BRDA:130,15,0,1
BRDA:130,15,1,0
BRDA:130,16,0,1
BRDA:130,16,1,1
BRDA:141,17,0,2
BRDA:141,17,1,1
BRDA:144,18,0,2
BRDA:144,18,1,0
BRDA:145,19,0,2
BRDA:145,19,1,0
BRDA:146,20,0,2
BRDA:146,20,1,0
BRDA:150,21,0,1
BRDA:150,21,1,1
BRDA:154,22,0,1
BRDA:154,22,1,1
BRDA:158,23,0,1
BRDA:158,23,1,1
BRDA:158,24,0,2
BRDA:158,24,1,0
BRDA:171,25,0,0
BRDA:172,26,0,0
BRDA:172,26,1,0
BRDA:187,27,0,0
BRDA:187,27,1,0
BRDA:198,28,0,0
BRDA:198,28,1,0
BRDA:211,29,0,38
BRDA:211,29,1,26
BRDA:211,29,2,26
BRDA:211,29,3,26
BRDA:231,30,0,12
BRDA:231,30,1,26
BRDA:235,31,0,4
BRDA:235,31,1,34
BRDA:235,32,0,38
BRDA:235,32,1,38
BRDA:245,33,0,0
BRDA:245,33,1,38
BRDA:245,34,0,38
BRDA:245,34,1,38
BRDA:251,35,0,0
BRDA:251,35,1,0
BRF:75
BRH:55
end_of_record
TN:
SF:src\lib\textHighlighting.ts
FN:21,highlightText
FN:41,(anonymous_9)
FN:66,findHighlightMatches
FN:94,(anonymous_11)
FN:100,scrollToFirstHighlight
FN:114,(anonymous_13)
FN:127,createContextSnippet
FN:178,removeHighlights
FN:185,getHighlightedTerms
FN:189,(anonymous_17)
FN:198,escapeRegExp
FN:205,escapeHtml
FN:214,unescapeHtml
FN:223,useTextHighlighting
FNF:14
FNH:11
FNDA:7,highlightText
FNDA:2,(anonymous_9)
FNDA:7,findHighlightMatches
FNDA:2,(anonymous_11)
FNDA:0,scrollToFirstHighlight
FNDA:0,(anonymous_13)
FNDA:2,createContextSnippet
FNDA:3,removeHighlights
FNDA:3,getHighlightedTerms
FNDA:3,(anonymous_17)
FNDA:13,escapeRegExp
FNDA:5,escapeHtml
FNDA:3,unescapeHtml
FNDA:0,useTextHighlighting
DA:21,7
DA:26,7
DA:27,2
DA:35,5
DA:37,5
DA:38,5
DA:41,5
DA:43,5
DA:44,7
DA:46,6
DA:47,6
DA:48,6
DA:50,6
DA:51,6
DA:52,5
DA:53,5
DA:60,5
DA:66,5
DA:71,7
DA:72,1
DA:75,6
DA:76,6
DA:78,6
DA:79,7
DA:80,7
DA:81,7
DA:84,7
DA:85,7
DA:94,6
DA:100,0
DA:104,0
DA:106,0
DA:107,0
DA:113,0
DA:114,0
DA:115,0
DA:118,0
DA:121,0
DA:127,2
DA:140,2
DA:142,2
DA:143,2
DA:144,1
DA:147,1
DA:148,1
DA:150,1
DA:151,1
DA:152,1
DA:153,1
DA:156,1
DA:158,0
DA:159,0
DA:160,0
DA:166,1
DA:169,1
DA:172,1
DA:178,3
DA:179,3
DA:185,3
DA:186,3
DA:187,3
DA:189,2
DA:190,3
DA:191,3
DA:199,13
DA:206,5
DA:207,5
DA:208,5
DA:215,3
DA:216,3
DA:217,3
DA:223,0
DA:228,0
DA:229,0
DA:232,0
DA:233,0
DA:235,0
LF:77
LH:59
BRDA:24,0,0,5
BRDA:26,1,0,2
BRDA:26,1,1,5
BRDA:26,2,0,7
BRDA:26,2,1,6
BRDA:26,2,2,6
BRDA:31,3,0,5
BRDA:32,4,0,4
BRDA:33,5,0,5
BRDA:34,6,0,4
BRDA:44,7,0,1
BRDA:44,7,1,6
BRDA:46,8,0,1
BRDA:46,8,1,5
BRDA:47,9,0,0
BRDA:47,9,1,6
BRDA:51,10,0,5
BRDA:51,10,1,1
BRDA:69,11,0,7
BRDA:71,12,0,1
BRDA:71,12,1,6
BRDA:71,13,0,7
BRDA:71,13,1,7
BRDA:71,13,2,7
BRDA:75,14,0,6
BRDA:75,15,0,6
BRDA:79,16,0,0
BRDA:79,16,1,7
BRDA:80,17,0,0
BRDA:80,17,1,7
BRDA:102,18,0,0
BRDA:106,19,0,0
BRDA:106,19,1,0
BRDA:108,20,0,0
BRDA:108,20,1,0
BRDA:109,21,0,0
BRDA:109,21,1,0
BRDA:130,22,0,1
BRDA:137,23,0,1
BRDA:138,24,0,2
BRDA:139,25,0,2
BRDA:143,26,0,1
BRDA:143,26,1,1
BRDA:156,27,0,0
BRDA:156,27,1,1
BRDA:158,28,0,0
BRDA:158,28,1,0
BRDA:187,29,0,1
BRDA:187,29,1,2
BRDA:191,30,0,3
BRDA:191,30,1,0
BRDA:217,31,0,3
BRDA:217,31,1,0
BRDA:217,31,2,0
BRDA:226,32,0,0
BRDA:228,33,0,0
BRDA:228,33,1,0
BRDA:228,34,0,0
BRDA:228,34,1,0
BRF:59
BRH:38
end_of_record
TN:
SF:src\lib\theme-config.ts
FNF:0
FNH:0
DA:70,0
DA:137,0
DA:163,0
LF:3
LH:0
BRF:0
BRH:0
end_of_record
TN:
SF:src\lib\utils.ts
FN:4,cn
FN:8,formatDate
FN:17,formatFileSize
FN:27,truncateText
FN:32,generateId
FN:36,debounce
FN:41,(anonymous_13)
FN:43,(anonymous_14)
FNF:8
FNH:8
FNDA:48,cn
FNDA:2,formatDate
FNDA:5,formatFileSize
FNDA:3,truncateText
FNDA:102,generateId
FNDA:3,debounce
FNDA:5,(anonymous_13)
FNDA:3,(anonymous_14)
DA:1,5
DA:2,5
DA:4,48
DA:5,48
DA:8,2
DA:9,2
DA:10,2
DA:17,5
DA:18,5
DA:20,4
DA:21,4
DA:22,4
DA:24,4
DA:27,3
DA:28,3
DA:29,1
DA:32,102
DA:33,102
DA:36,3
DA:41,3
DA:42,5
DA:43,5
LF:22
LH:22
BRDA:18,0,0,1
BRDA:18,0,1,4
BRDA:28,1,0,2
BRDA:28,1,1,1
BRF:4
BRH:4
end_of_record
